ARM GAS  /tmp/cc797Acm.s 			page 1


   1              		.cpu cortex-m7
   2              		.eabi_attribute 28, 1
   3              		.eabi_attribute 20, 1
   4              		.eabi_attribute 21, 1
   5              		.eabi_attribute 23, 3
   6              		.eabi_attribute 24, 1
   7              		.eabi_attribute 25, 1
   8              		.eabi_attribute 26, 1
   9              		.eabi_attribute 30, 1
  10              		.eabi_attribute 34, 1
  11              		.eabi_attribute 18, 4
  12              		.file	"main.c"
  13              		.text
  14              	.Ltext0:
  15              		.cfi_sections	.debug_frame
  16              		.section	.text.GPIO_Init,"ax",%progbits
  17              		.align	1
  18              		.arch armv7e-m
  19              		.syntax unified
  20              		.thumb
  21              		.thumb_func
  22              		.fpu fpv5-d16
  24              	GPIO_Init:
  25              	.LFB146:
  26              		.file 1 "Core/Src/main.c"
   1:Core/Src/main.c **** /* USER CODE BEGIN Header */
   2:Core/Src/main.c **** /**
   3:Core/Src/main.c ****   ******************************************************************************
   4:Core/Src/main.c ****   * @file           : main.c
   5:Core/Src/main.c ****   * @brief          : Main program body
   6:Core/Src/main.c ****   ******************************************************************************
   7:Core/Src/main.c ****   * @attention
   8:Core/Src/main.c ****   *
   9:Core/Src/main.c ****   * Copyright (c) 2022 STMicroelectronics.
  10:Core/Src/main.c ****   * All rights reserved.
  11:Core/Src/main.c ****   *
  12:Core/Src/main.c ****   * This software is licensed under terms that can be found in the LICENSE file
  13:Core/Src/main.c ****   * in the root directory of this software component.
  14:Core/Src/main.c ****   * If no LICENSE file comes with this software, it is provided AS-IS.
  15:Core/Src/main.c ****   *
  16:Core/Src/main.c ****   ******************************************************************************
  17:Core/Src/main.c ****   */
  18:Core/Src/main.c **** /* Includes ------------------------------------------------------------------*/
  19:Core/Src/main.c **** #include "main.h"
  20:Core/Src/main.c **** 
  21:Core/Src/main.c **** 
  22:Core/Src/main.c **** /* Function prototypes -------------------------------------------------------*/
  23:Core/Src/main.c **** void SystemClock_Config(void);
  24:Core/Src/main.c **** static void GPIO_Init(void);
  25:Core/Src/main.c **** 
  26:Core/Src/main.c **** int main(void)
  27:Core/Src/main.c **** {
  28:Core/Src/main.c ****     /* Reset of all peripherals, Initializes the Flash interface and the Systick. */
  29:Core/Src/main.c ****     HAL_Init();
  30:Core/Src/main.c **** 
  31:Core/Src/main.c ****     /* Configure the system clock */
  32:Core/Src/main.c ****     SystemClock_Config();
ARM GAS  /tmp/cc797Acm.s 			page 2


  33:Core/Src/main.c **** 
  34:Core/Src/main.c ****     /* Initialize all configured peripherals */
  35:Core/Src/main.c ****     GPIO_Init();
  36:Core/Src/main.c **** 
  37:Core/Src/main.c ****     /* Event loop */
  38:Core/Src/main.c ****     while (1)
  39:Core/Src/main.c ****     {
  40:Core/Src/main.c ****         HAL_GPIO_TogglePin(GPIOE, GPIO_PIN_2); 
  41:Core/Src/main.c **** 	HAL_Delay(1000);
  42:Core/Src/main.c ****     }
  43:Core/Src/main.c **** }
  44:Core/Src/main.c **** 
  45:Core/Src/main.c **** /**
  46:Core/Src/main.c ****   * @brief System Clock Configuration
  47:Core/Src/main.c ****   * @retval None
  48:Core/Src/main.c ****   */
  49:Core/Src/main.c **** void SystemClock_Config(void)
  50:Core/Src/main.c **** {
  51:Core/Src/main.c ****   RCC_OscInitTypeDef RCC_OscInitStruct = {0};
  52:Core/Src/main.c ****   RCC_ClkInitTypeDef RCC_ClkInitStruct = {0};
  53:Core/Src/main.c **** 
  54:Core/Src/main.c ****   /** Supply configuration update enable
  55:Core/Src/main.c ****   */
  56:Core/Src/main.c ****   HAL_PWREx_ConfigSupply(PWR_LDO_SUPPLY);
  57:Core/Src/main.c ****   /** Configure the main internal regulator output voltage
  58:Core/Src/main.c ****   */
  59:Core/Src/main.c ****   __HAL_PWR_VOLTAGESCALING_CONFIG(PWR_REGULATOR_VOLTAGE_SCALE3);
  60:Core/Src/main.c **** 
  61:Core/Src/main.c ****   while(!__HAL_PWR_GET_FLAG(PWR_FLAG_VOSRDY)) {}
  62:Core/Src/main.c ****   /** Initializes the RCC Oscillators according to the specified parameters
  63:Core/Src/main.c ****   * in the RCC_OscInitTypeDef structure.
  64:Core/Src/main.c ****   */
  65:Core/Src/main.c ****   RCC_OscInitStruct.OscillatorType = RCC_OSCILLATORTYPE_HSI;
  66:Core/Src/main.c ****   RCC_OscInitStruct.HSIState = RCC_HSI_DIV1;
  67:Core/Src/main.c ****   RCC_OscInitStruct.HSICalibrationValue = RCC_HSICALIBRATION_DEFAULT;
  68:Core/Src/main.c ****   RCC_OscInitStruct.PLL.PLLState = RCC_PLL_NONE;
  69:Core/Src/main.c ****   if (HAL_RCC_OscConfig(&RCC_OscInitStruct) != HAL_OK)
  70:Core/Src/main.c ****   {
  71:Core/Src/main.c ****     Error_Handler();
  72:Core/Src/main.c ****   }
  73:Core/Src/main.c ****   /** Initializes the CPU, AHB and APB buses clocks
  74:Core/Src/main.c ****   */
  75:Core/Src/main.c ****   RCC_ClkInitStruct.ClockType = RCC_CLOCKTYPE_HCLK|RCC_CLOCKTYPE_SYSCLK
  76:Core/Src/main.c ****                               |RCC_CLOCKTYPE_PCLK1|RCC_CLOCKTYPE_PCLK2
  77:Core/Src/main.c ****                               |RCC_CLOCKTYPE_D3PCLK1|RCC_CLOCKTYPE_D1PCLK1;
  78:Core/Src/main.c ****   RCC_ClkInitStruct.SYSCLKSource = RCC_SYSCLKSOURCE_HSI;
  79:Core/Src/main.c ****   RCC_ClkInitStruct.SYSCLKDivider = RCC_SYSCLK_DIV1;
  80:Core/Src/main.c ****   RCC_ClkInitStruct.AHBCLKDivider = RCC_HCLK_DIV1;
  81:Core/Src/main.c ****   RCC_ClkInitStruct.APB3CLKDivider = RCC_APB3_DIV1;
  82:Core/Src/main.c ****   RCC_ClkInitStruct.APB1CLKDivider = RCC_APB1_DIV1;
  83:Core/Src/main.c ****   RCC_ClkInitStruct.APB2CLKDivider = RCC_APB2_DIV1;
  84:Core/Src/main.c ****   RCC_ClkInitStruct.APB4CLKDivider = RCC_APB4_DIV1;
  85:Core/Src/main.c **** 
  86:Core/Src/main.c ****   if (HAL_RCC_ClockConfig(&RCC_ClkInitStruct, FLASH_LATENCY_1) != HAL_OK)
  87:Core/Src/main.c ****   {
  88:Core/Src/main.c ****     Error_Handler();
  89:Core/Src/main.c ****   }
ARM GAS  /tmp/cc797Acm.s 			page 3


  90:Core/Src/main.c **** }
  91:Core/Src/main.c **** 
  92:Core/Src/main.c **** /**
  93:Core/Src/main.c ****   * @brief GPIO Initialization Function
  94:Core/Src/main.c ****   * @param None
  95:Core/Src/main.c ****   * @retval None
  96:Core/Src/main.c ****   */
  97:Core/Src/main.c **** static void GPIO_Init(void)
  98:Core/Src/main.c **** {
  27              		.loc 1 98 1 view -0
  28              		.cfi_startproc
  29              		@ args = 0, pretend = 0, frame = 24
  30              		@ frame_needed = 0, uses_anonymous_args = 0
  31 0000 30B5     		push	{r4, r5, lr}
  32              	.LCFI0:
  33              		.cfi_def_cfa_offset 12
  34              		.cfi_offset 4, -12
  35              		.cfi_offset 5, -8
  36              		.cfi_offset 14, -4
  37 0002 87B0     		sub	sp, sp, #28
  38              	.LCFI1:
  39              		.cfi_def_cfa_offset 40
  99:Core/Src/main.c ****   GPIO_InitTypeDef GPIO_InitStruct = {0};
  40              		.loc 1 99 3 view .LVU1
  41              		.loc 1 99 20 is_stmt 0 view .LVU2
  42 0004 0024     		movs	r4, #0
  43 0006 0194     		str	r4, [sp, #4]
  44 0008 0294     		str	r4, [sp, #8]
  45 000a 0394     		str	r4, [sp, #12]
  46 000c 0494     		str	r4, [sp, #16]
  47 000e 0594     		str	r4, [sp, #20]
 100:Core/Src/main.c **** 
 101:Core/Src/main.c ****   /* GPIO Ports Clock Enable */
 102:Core/Src/main.c ****   __HAL_RCC_GPIOE_CLK_ENABLE();
  48              		.loc 1 102 3 is_stmt 1 view .LVU3
  49              	.LBB4:
  50              		.loc 1 102 3 view .LVU4
  51              		.loc 1 102 3 view .LVU5
  52 0010 0F4B     		ldr	r3, .L3
  53 0012 D3F8E020 		ldr	r2, [r3, #224]
  54 0016 42F01002 		orr	r2, r2, #16
  55 001a C3F8E020 		str	r2, [r3, #224]
  56              		.loc 1 102 3 view .LVU6
  57 001e D3F8E030 		ldr	r3, [r3, #224]
  58 0022 03F01003 		and	r3, r3, #16
  59 0026 0093     		str	r3, [sp]
  60              		.loc 1 102 3 view .LVU7
  61 0028 009B     		ldr	r3, [sp]
  62              	.LBE4:
  63              		.loc 1 102 3 view .LVU8
 103:Core/Src/main.c **** 
 104:Core/Src/main.c ****   /*Configure GPIO pin Output Level */
 105:Core/Src/main.c ****   HAL_GPIO_WritePin(GPIOE, GPIO_PIN_2, GPIO_PIN_RESET);
  64              		.loc 1 105 3 view .LVU9
  65 002a 0A4D     		ldr	r5, .L3+4
  66 002c 2246     		mov	r2, r4
  67 002e 0421     		movs	r1, #4
ARM GAS  /tmp/cc797Acm.s 			page 4


  68 0030 2846     		mov	r0, r5
  69 0032 FFF7FEFF 		bl	HAL_GPIO_WritePin
  70              	.LVL0:
 106:Core/Src/main.c **** 
 107:Core/Src/main.c ****   /*Configure GPIO pin : PE2 */
 108:Core/Src/main.c ****   GPIO_InitStruct.Pin = GPIO_PIN_2;
  71              		.loc 1 108 3 view .LVU10
  72              		.loc 1 108 23 is_stmt 0 view .LVU11
  73 0036 0423     		movs	r3, #4
  74 0038 0193     		str	r3, [sp, #4]
 109:Core/Src/main.c ****   GPIO_InitStruct.Mode = GPIO_MODE_OUTPUT_PP;
  75              		.loc 1 109 3 is_stmt 1 view .LVU12
  76              		.loc 1 109 24 is_stmt 0 view .LVU13
  77 003a 0123     		movs	r3, #1
  78 003c 0293     		str	r3, [sp, #8]
 110:Core/Src/main.c ****   GPIO_InitStruct.Pull = GPIO_NOPULL;
  79              		.loc 1 110 3 is_stmt 1 view .LVU14
  80              		.loc 1 110 24 is_stmt 0 view .LVU15
  81 003e 0394     		str	r4, [sp, #12]
 111:Core/Src/main.c ****   GPIO_InitStruct.Speed = GPIO_SPEED_FREQ_LOW;
  82              		.loc 1 111 3 is_stmt 1 view .LVU16
  83              		.loc 1 111 25 is_stmt 0 view .LVU17
  84 0040 0494     		str	r4, [sp, #16]
 112:Core/Src/main.c ****   HAL_GPIO_Init(GPIOE, &GPIO_InitStruct);
  85              		.loc 1 112 3 is_stmt 1 view .LVU18
  86 0042 01A9     		add	r1, sp, #4
  87 0044 2846     		mov	r0, r5
  88 0046 FFF7FEFF 		bl	HAL_GPIO_Init
  89              	.LVL1:
 113:Core/Src/main.c **** 
 114:Core/Src/main.c **** }
  90              		.loc 1 114 1 is_stmt 0 view .LVU19
  91 004a 07B0     		add	sp, sp, #28
  92              	.LCFI2:
  93              		.cfi_def_cfa_offset 12
  94              		@ sp needed
  95 004c 30BD     		pop	{r4, r5, pc}
  96              	.L4:
  97 004e 00BF     		.align	2
  98              	.L3:
  99 0050 00440258 		.word	1476543488
 100 0054 00100258 		.word	1476530176
 101              		.cfi_endproc
 102              	.LFE146:
 104              		.section	.text.Error_Handler,"ax",%progbits
 105              		.align	1
 106              		.global	Error_Handler
 107              		.syntax unified
 108              		.thumb
 109              		.thumb_func
 110              		.fpu fpv5-d16
 112              	Error_Handler:
 113              	.LFB147:
 115:Core/Src/main.c **** 
 116:Core/Src/main.c **** /* USER CODE BEGIN 4 */
 117:Core/Src/main.c **** 
 118:Core/Src/main.c **** /* USER CODE END 4 */
ARM GAS  /tmp/cc797Acm.s 			page 5


 119:Core/Src/main.c **** 
 120:Core/Src/main.c **** /**
 121:Core/Src/main.c ****   * @brief  This function is executed in case of error occurrence.
 122:Core/Src/main.c ****   * @retval None
 123:Core/Src/main.c ****   */
 124:Core/Src/main.c **** void Error_Handler(void)
 125:Core/Src/main.c **** {
 114              		.loc 1 125 1 is_stmt 1 view -0
 115              		.cfi_startproc
 116              		@ Volatile: function does not return.
 117              		@ args = 0, pretend = 0, frame = 0
 118              		@ frame_needed = 0, uses_anonymous_args = 0
 119              		@ link register save eliminated.
 126:Core/Src/main.c ****   /* USER CODE BEGIN Error_Handler_Debug */
 127:Core/Src/main.c ****   /* User can add his own implementation to report the HAL error return state */
 128:Core/Src/main.c ****   __disable_irq();
 120              		.loc 1 128 3 view .LVU21
 121              	.LBB5:
 122              	.LBI5:
 123              		.file 2 "Drivers/CMSIS/Include/cmsis_gcc.h"
   1:Drivers/CMSIS/Include/cmsis_gcc.h **** /**************************************************************************//**
   2:Drivers/CMSIS/Include/cmsis_gcc.h ****  * @file     cmsis_gcc.h
   3:Drivers/CMSIS/Include/cmsis_gcc.h ****  * @brief    CMSIS compiler GCC header file
   4:Drivers/CMSIS/Include/cmsis_gcc.h ****  * @version  V5.2.0
   5:Drivers/CMSIS/Include/cmsis_gcc.h ****  * @date     08. May 2019
   6:Drivers/CMSIS/Include/cmsis_gcc.h ****  ******************************************************************************/
   7:Drivers/CMSIS/Include/cmsis_gcc.h **** /*
   8:Drivers/CMSIS/Include/cmsis_gcc.h ****  * Copyright (c) 2009-2019 Arm Limited. All rights reserved.
   9:Drivers/CMSIS/Include/cmsis_gcc.h ****  *
  10:Drivers/CMSIS/Include/cmsis_gcc.h ****  * SPDX-License-Identifier: Apache-2.0
  11:Drivers/CMSIS/Include/cmsis_gcc.h ****  *
  12:Drivers/CMSIS/Include/cmsis_gcc.h ****  * Licensed under the Apache License, Version 2.0 (the License); you may
  13:Drivers/CMSIS/Include/cmsis_gcc.h ****  * not use this file except in compliance with the License.
  14:Drivers/CMSIS/Include/cmsis_gcc.h ****  * You may obtain a copy of the License at
  15:Drivers/CMSIS/Include/cmsis_gcc.h ****  *
  16:Drivers/CMSIS/Include/cmsis_gcc.h ****  * www.apache.org/licenses/LICENSE-2.0
  17:Drivers/CMSIS/Include/cmsis_gcc.h ****  *
  18:Drivers/CMSIS/Include/cmsis_gcc.h ****  * Unless required by applicable law or agreed to in writing, software
  19:Drivers/CMSIS/Include/cmsis_gcc.h ****  * distributed under the License is distributed on an AS IS BASIS, WITHOUT
  20:Drivers/CMSIS/Include/cmsis_gcc.h ****  * WARRANTIES OR CONDITIONS OF ANY KIND, either express or implied.
  21:Drivers/CMSIS/Include/cmsis_gcc.h ****  * See the License for the specific language governing permissions and
  22:Drivers/CMSIS/Include/cmsis_gcc.h ****  * limitations under the License.
  23:Drivers/CMSIS/Include/cmsis_gcc.h ****  */
  24:Drivers/CMSIS/Include/cmsis_gcc.h **** 
  25:Drivers/CMSIS/Include/cmsis_gcc.h **** #ifndef __CMSIS_GCC_H
  26:Drivers/CMSIS/Include/cmsis_gcc.h **** #define __CMSIS_GCC_H
  27:Drivers/CMSIS/Include/cmsis_gcc.h **** 
  28:Drivers/CMSIS/Include/cmsis_gcc.h **** /* ignore some GCC warnings */
  29:Drivers/CMSIS/Include/cmsis_gcc.h **** #pragma GCC diagnostic push
  30:Drivers/CMSIS/Include/cmsis_gcc.h **** #pragma GCC diagnostic ignored "-Wsign-conversion"
  31:Drivers/CMSIS/Include/cmsis_gcc.h **** #pragma GCC diagnostic ignored "-Wconversion"
  32:Drivers/CMSIS/Include/cmsis_gcc.h **** #pragma GCC diagnostic ignored "-Wunused-parameter"
  33:Drivers/CMSIS/Include/cmsis_gcc.h **** 
  34:Drivers/CMSIS/Include/cmsis_gcc.h **** /* Fallback for __has_builtin */
  35:Drivers/CMSIS/Include/cmsis_gcc.h **** #ifndef __has_builtin
  36:Drivers/CMSIS/Include/cmsis_gcc.h ****   #define __has_builtin(x) (0)
  37:Drivers/CMSIS/Include/cmsis_gcc.h **** #endif
ARM GAS  /tmp/cc797Acm.s 			page 6


  38:Drivers/CMSIS/Include/cmsis_gcc.h **** 
  39:Drivers/CMSIS/Include/cmsis_gcc.h **** /* CMSIS compiler specific defines */
  40:Drivers/CMSIS/Include/cmsis_gcc.h **** #ifndef   __ASM
  41:Drivers/CMSIS/Include/cmsis_gcc.h ****   #define __ASM                                  __asm
  42:Drivers/CMSIS/Include/cmsis_gcc.h **** #endif
  43:Drivers/CMSIS/Include/cmsis_gcc.h **** #ifndef   __INLINE
  44:Drivers/CMSIS/Include/cmsis_gcc.h ****   #define __INLINE                               inline
  45:Drivers/CMSIS/Include/cmsis_gcc.h **** #endif
  46:Drivers/CMSIS/Include/cmsis_gcc.h **** #ifndef   __STATIC_INLINE
  47:Drivers/CMSIS/Include/cmsis_gcc.h ****   #define __STATIC_INLINE                        static inline
  48:Drivers/CMSIS/Include/cmsis_gcc.h **** #endif
  49:Drivers/CMSIS/Include/cmsis_gcc.h **** #ifndef   __STATIC_FORCEINLINE                 
  50:Drivers/CMSIS/Include/cmsis_gcc.h ****   #define __STATIC_FORCEINLINE                   __attribute__((always_inline)) static inline
  51:Drivers/CMSIS/Include/cmsis_gcc.h **** #endif                                           
  52:Drivers/CMSIS/Include/cmsis_gcc.h **** #ifndef   __NO_RETURN
  53:Drivers/CMSIS/Include/cmsis_gcc.h ****   #define __NO_RETURN                            __attribute__((__noreturn__))
  54:Drivers/CMSIS/Include/cmsis_gcc.h **** #endif
  55:Drivers/CMSIS/Include/cmsis_gcc.h **** #ifndef   __USED
  56:Drivers/CMSIS/Include/cmsis_gcc.h ****   #define __USED                                 __attribute__((used))
  57:Drivers/CMSIS/Include/cmsis_gcc.h **** #endif
  58:Drivers/CMSIS/Include/cmsis_gcc.h **** #ifndef   __WEAK
  59:Drivers/CMSIS/Include/cmsis_gcc.h ****   #define __WEAK                                 __attribute__((weak))
  60:Drivers/CMSIS/Include/cmsis_gcc.h **** #endif
  61:Drivers/CMSIS/Include/cmsis_gcc.h **** #ifndef   __PACKED
  62:Drivers/CMSIS/Include/cmsis_gcc.h ****   #define __PACKED                               __attribute__((packed, aligned(1)))
  63:Drivers/CMSIS/Include/cmsis_gcc.h **** #endif
  64:Drivers/CMSIS/Include/cmsis_gcc.h **** #ifndef   __PACKED_STRUCT
  65:Drivers/CMSIS/Include/cmsis_gcc.h ****   #define __PACKED_STRUCT                        struct __attribute__((packed, aligned(1)))
  66:Drivers/CMSIS/Include/cmsis_gcc.h **** #endif
  67:Drivers/CMSIS/Include/cmsis_gcc.h **** #ifndef   __PACKED_UNION
  68:Drivers/CMSIS/Include/cmsis_gcc.h ****   #define __PACKED_UNION                         union __attribute__((packed, aligned(1)))
  69:Drivers/CMSIS/Include/cmsis_gcc.h **** #endif
  70:Drivers/CMSIS/Include/cmsis_gcc.h **** #ifndef   __UNALIGNED_UINT32        /* deprecated */
  71:Drivers/CMSIS/Include/cmsis_gcc.h ****   #pragma GCC diagnostic push
  72:Drivers/CMSIS/Include/cmsis_gcc.h ****   #pragma GCC diagnostic ignored "-Wpacked"
  73:Drivers/CMSIS/Include/cmsis_gcc.h ****   #pragma GCC diagnostic ignored "-Wattributes"
  74:Drivers/CMSIS/Include/cmsis_gcc.h ****   struct __attribute__((packed)) T_UINT32 { uint32_t v; };
  75:Drivers/CMSIS/Include/cmsis_gcc.h ****   #pragma GCC diagnostic pop
  76:Drivers/CMSIS/Include/cmsis_gcc.h ****   #define __UNALIGNED_UINT32(x)                  (((struct T_UINT32 *)(x))->v)
  77:Drivers/CMSIS/Include/cmsis_gcc.h **** #endif
  78:Drivers/CMSIS/Include/cmsis_gcc.h **** #ifndef   __UNALIGNED_UINT16_WRITE
  79:Drivers/CMSIS/Include/cmsis_gcc.h ****   #pragma GCC diagnostic push
  80:Drivers/CMSIS/Include/cmsis_gcc.h ****   #pragma GCC diagnostic ignored "-Wpacked"
  81:Drivers/CMSIS/Include/cmsis_gcc.h ****   #pragma GCC diagnostic ignored "-Wattributes"
  82:Drivers/CMSIS/Include/cmsis_gcc.h ****   __PACKED_STRUCT T_UINT16_WRITE { uint16_t v; };
  83:Drivers/CMSIS/Include/cmsis_gcc.h ****   #pragma GCC diagnostic pop
  84:Drivers/CMSIS/Include/cmsis_gcc.h ****   #define __UNALIGNED_UINT16_WRITE(addr, val)    (void)((((struct T_UINT16_WRITE *)(void *)(addr))-
  85:Drivers/CMSIS/Include/cmsis_gcc.h **** #endif
  86:Drivers/CMSIS/Include/cmsis_gcc.h **** #ifndef   __UNALIGNED_UINT16_READ
  87:Drivers/CMSIS/Include/cmsis_gcc.h ****   #pragma GCC diagnostic push
  88:Drivers/CMSIS/Include/cmsis_gcc.h ****   #pragma GCC diagnostic ignored "-Wpacked"
  89:Drivers/CMSIS/Include/cmsis_gcc.h ****   #pragma GCC diagnostic ignored "-Wattributes"
  90:Drivers/CMSIS/Include/cmsis_gcc.h ****   __PACKED_STRUCT T_UINT16_READ { uint16_t v; };
  91:Drivers/CMSIS/Include/cmsis_gcc.h ****   #pragma GCC diagnostic pop
  92:Drivers/CMSIS/Include/cmsis_gcc.h ****   #define __UNALIGNED_UINT16_READ(addr)          (((const struct T_UINT16_READ *)(const void *)(add
  93:Drivers/CMSIS/Include/cmsis_gcc.h **** #endif
  94:Drivers/CMSIS/Include/cmsis_gcc.h **** #ifndef   __UNALIGNED_UINT32_WRITE
ARM GAS  /tmp/cc797Acm.s 			page 7


  95:Drivers/CMSIS/Include/cmsis_gcc.h ****   #pragma GCC diagnostic push
  96:Drivers/CMSIS/Include/cmsis_gcc.h ****   #pragma GCC diagnostic ignored "-Wpacked"
  97:Drivers/CMSIS/Include/cmsis_gcc.h ****   #pragma GCC diagnostic ignored "-Wattributes"
  98:Drivers/CMSIS/Include/cmsis_gcc.h ****   __PACKED_STRUCT T_UINT32_WRITE { uint32_t v; };
  99:Drivers/CMSIS/Include/cmsis_gcc.h ****   #pragma GCC diagnostic pop
 100:Drivers/CMSIS/Include/cmsis_gcc.h ****   #define __UNALIGNED_UINT32_WRITE(addr, val)    (void)((((struct T_UINT32_WRITE *)(void *)(addr))-
 101:Drivers/CMSIS/Include/cmsis_gcc.h **** #endif
 102:Drivers/CMSIS/Include/cmsis_gcc.h **** #ifndef   __UNALIGNED_UINT32_READ
 103:Drivers/CMSIS/Include/cmsis_gcc.h ****   #pragma GCC diagnostic push
 104:Drivers/CMSIS/Include/cmsis_gcc.h ****   #pragma GCC diagnostic ignored "-Wpacked"
 105:Drivers/CMSIS/Include/cmsis_gcc.h ****   #pragma GCC diagnostic ignored "-Wattributes"
 106:Drivers/CMSIS/Include/cmsis_gcc.h ****   __PACKED_STRUCT T_UINT32_READ { uint32_t v; };
 107:Drivers/CMSIS/Include/cmsis_gcc.h ****   #pragma GCC diagnostic pop
 108:Drivers/CMSIS/Include/cmsis_gcc.h ****   #define __UNALIGNED_UINT32_READ(addr)          (((const struct T_UINT32_READ *)(const void *)(add
 109:Drivers/CMSIS/Include/cmsis_gcc.h **** #endif
 110:Drivers/CMSIS/Include/cmsis_gcc.h **** #ifndef   __ALIGNED
 111:Drivers/CMSIS/Include/cmsis_gcc.h ****   #define __ALIGNED(x)                           __attribute__((aligned(x)))
 112:Drivers/CMSIS/Include/cmsis_gcc.h **** #endif
 113:Drivers/CMSIS/Include/cmsis_gcc.h **** #ifndef   __RESTRICT
 114:Drivers/CMSIS/Include/cmsis_gcc.h ****   #define __RESTRICT                             __restrict
 115:Drivers/CMSIS/Include/cmsis_gcc.h **** #endif
 116:Drivers/CMSIS/Include/cmsis_gcc.h **** #ifndef   __COMPILER_BARRIER
 117:Drivers/CMSIS/Include/cmsis_gcc.h ****   #define __COMPILER_BARRIER()                   __ASM volatile("":::"memory")
 118:Drivers/CMSIS/Include/cmsis_gcc.h **** #endif
 119:Drivers/CMSIS/Include/cmsis_gcc.h **** 
 120:Drivers/CMSIS/Include/cmsis_gcc.h **** /* #########################  Startup and Lowlevel Init  ######################## */
 121:Drivers/CMSIS/Include/cmsis_gcc.h **** 
 122:Drivers/CMSIS/Include/cmsis_gcc.h **** #ifndef __PROGRAM_START
 123:Drivers/CMSIS/Include/cmsis_gcc.h **** 
 124:Drivers/CMSIS/Include/cmsis_gcc.h **** /**
 125:Drivers/CMSIS/Include/cmsis_gcc.h ****   \brief   Initializes data and bss sections
 126:Drivers/CMSIS/Include/cmsis_gcc.h ****   \details This default implementations initialized all data and additional bss
 127:Drivers/CMSIS/Include/cmsis_gcc.h ****            sections relying on .copy.table and .zero.table specified properly
 128:Drivers/CMSIS/Include/cmsis_gcc.h ****            in the used linker script.
 129:Drivers/CMSIS/Include/cmsis_gcc.h ****   
 130:Drivers/CMSIS/Include/cmsis_gcc.h ****  */
 131:Drivers/CMSIS/Include/cmsis_gcc.h **** __STATIC_FORCEINLINE __NO_RETURN void __cmsis_start(void)
 132:Drivers/CMSIS/Include/cmsis_gcc.h **** {
 133:Drivers/CMSIS/Include/cmsis_gcc.h ****   extern void _start(void) __NO_RETURN;
 134:Drivers/CMSIS/Include/cmsis_gcc.h ****   
 135:Drivers/CMSIS/Include/cmsis_gcc.h ****   typedef struct {
 136:Drivers/CMSIS/Include/cmsis_gcc.h ****     uint32_t const* src;
 137:Drivers/CMSIS/Include/cmsis_gcc.h ****     uint32_t* dest;
 138:Drivers/CMSIS/Include/cmsis_gcc.h ****     uint32_t  wlen;
 139:Drivers/CMSIS/Include/cmsis_gcc.h ****   } __copy_table_t;
 140:Drivers/CMSIS/Include/cmsis_gcc.h ****   
 141:Drivers/CMSIS/Include/cmsis_gcc.h ****   typedef struct {
 142:Drivers/CMSIS/Include/cmsis_gcc.h ****     uint32_t* dest;
 143:Drivers/CMSIS/Include/cmsis_gcc.h ****     uint32_t  wlen;
 144:Drivers/CMSIS/Include/cmsis_gcc.h ****   } __zero_table_t;
 145:Drivers/CMSIS/Include/cmsis_gcc.h ****   
 146:Drivers/CMSIS/Include/cmsis_gcc.h ****   extern const __copy_table_t __copy_table_start__;
 147:Drivers/CMSIS/Include/cmsis_gcc.h ****   extern const __copy_table_t __copy_table_end__;
 148:Drivers/CMSIS/Include/cmsis_gcc.h ****   extern const __zero_table_t __zero_table_start__;
 149:Drivers/CMSIS/Include/cmsis_gcc.h ****   extern const __zero_table_t __zero_table_end__;
 150:Drivers/CMSIS/Include/cmsis_gcc.h **** 
 151:Drivers/CMSIS/Include/cmsis_gcc.h ****   for (__copy_table_t const* pTable = &__copy_table_start__; pTable < &__copy_table_end__; ++pTable
ARM GAS  /tmp/cc797Acm.s 			page 8


 152:Drivers/CMSIS/Include/cmsis_gcc.h ****     for(uint32_t i=0u; i<pTable->wlen; ++i) {
 153:Drivers/CMSIS/Include/cmsis_gcc.h ****       pTable->dest[i] = pTable->src[i];
 154:Drivers/CMSIS/Include/cmsis_gcc.h ****     }
 155:Drivers/CMSIS/Include/cmsis_gcc.h ****   }
 156:Drivers/CMSIS/Include/cmsis_gcc.h ****  
 157:Drivers/CMSIS/Include/cmsis_gcc.h ****   for (__zero_table_t const* pTable = &__zero_table_start__; pTable < &__zero_table_end__; ++pTable
 158:Drivers/CMSIS/Include/cmsis_gcc.h ****     for(uint32_t i=0u; i<pTable->wlen; ++i) {
 159:Drivers/CMSIS/Include/cmsis_gcc.h ****       pTable->dest[i] = 0u;
 160:Drivers/CMSIS/Include/cmsis_gcc.h ****     }
 161:Drivers/CMSIS/Include/cmsis_gcc.h ****   }
 162:Drivers/CMSIS/Include/cmsis_gcc.h ****  
 163:Drivers/CMSIS/Include/cmsis_gcc.h ****   _start();
 164:Drivers/CMSIS/Include/cmsis_gcc.h **** }
 165:Drivers/CMSIS/Include/cmsis_gcc.h ****   
 166:Drivers/CMSIS/Include/cmsis_gcc.h **** #define __PROGRAM_START           __cmsis_start
 167:Drivers/CMSIS/Include/cmsis_gcc.h **** #endif
 168:Drivers/CMSIS/Include/cmsis_gcc.h **** 
 169:Drivers/CMSIS/Include/cmsis_gcc.h **** #ifndef __INITIAL_SP
 170:Drivers/CMSIS/Include/cmsis_gcc.h **** #define __INITIAL_SP              __StackTop
 171:Drivers/CMSIS/Include/cmsis_gcc.h **** #endif
 172:Drivers/CMSIS/Include/cmsis_gcc.h **** 
 173:Drivers/CMSIS/Include/cmsis_gcc.h **** #ifndef __STACK_LIMIT
 174:Drivers/CMSIS/Include/cmsis_gcc.h **** #define __STACK_LIMIT             __StackLimit
 175:Drivers/CMSIS/Include/cmsis_gcc.h **** #endif
 176:Drivers/CMSIS/Include/cmsis_gcc.h **** 
 177:Drivers/CMSIS/Include/cmsis_gcc.h **** #ifndef __VECTOR_TABLE
 178:Drivers/CMSIS/Include/cmsis_gcc.h **** #define __VECTOR_TABLE            __Vectors
 179:Drivers/CMSIS/Include/cmsis_gcc.h **** #endif
 180:Drivers/CMSIS/Include/cmsis_gcc.h **** 
 181:Drivers/CMSIS/Include/cmsis_gcc.h **** #ifndef __VECTOR_TABLE_ATTRIBUTE
 182:Drivers/CMSIS/Include/cmsis_gcc.h **** #define __VECTOR_TABLE_ATTRIBUTE  __attribute((used, section(".vectors")))
 183:Drivers/CMSIS/Include/cmsis_gcc.h **** #endif
 184:Drivers/CMSIS/Include/cmsis_gcc.h **** 
 185:Drivers/CMSIS/Include/cmsis_gcc.h **** /* ###########################  Core Function Access  ########################### */
 186:Drivers/CMSIS/Include/cmsis_gcc.h **** /** \ingroup  CMSIS_Core_FunctionInterface
 187:Drivers/CMSIS/Include/cmsis_gcc.h ****     \defgroup CMSIS_Core_RegAccFunctions CMSIS Core Register Access Functions
 188:Drivers/CMSIS/Include/cmsis_gcc.h ****   @{
 189:Drivers/CMSIS/Include/cmsis_gcc.h ****  */
 190:Drivers/CMSIS/Include/cmsis_gcc.h **** 
 191:Drivers/CMSIS/Include/cmsis_gcc.h **** /**
 192:Drivers/CMSIS/Include/cmsis_gcc.h ****   \brief   Enable IRQ Interrupts
 193:Drivers/CMSIS/Include/cmsis_gcc.h ****   \details Enables IRQ interrupts by clearing the I-bit in the CPSR.
 194:Drivers/CMSIS/Include/cmsis_gcc.h ****            Can only be executed in Privileged modes.
 195:Drivers/CMSIS/Include/cmsis_gcc.h ****  */
 196:Drivers/CMSIS/Include/cmsis_gcc.h **** __STATIC_FORCEINLINE void __enable_irq(void)
 197:Drivers/CMSIS/Include/cmsis_gcc.h **** {
 198:Drivers/CMSIS/Include/cmsis_gcc.h ****   __ASM volatile ("cpsie i" : : : "memory");
 199:Drivers/CMSIS/Include/cmsis_gcc.h **** }
 200:Drivers/CMSIS/Include/cmsis_gcc.h **** 
 201:Drivers/CMSIS/Include/cmsis_gcc.h **** 
 202:Drivers/CMSIS/Include/cmsis_gcc.h **** /**
 203:Drivers/CMSIS/Include/cmsis_gcc.h ****   \brief   Disable IRQ Interrupts
 204:Drivers/CMSIS/Include/cmsis_gcc.h ****   \details Disables IRQ interrupts by setting the I-bit in the CPSR.
 205:Drivers/CMSIS/Include/cmsis_gcc.h ****            Can only be executed in Privileged modes.
 206:Drivers/CMSIS/Include/cmsis_gcc.h ****  */
 207:Drivers/CMSIS/Include/cmsis_gcc.h **** __STATIC_FORCEINLINE void __disable_irq(void)
 124              		.loc 2 207 27 view .LVU22
ARM GAS  /tmp/cc797Acm.s 			page 9


 125              	.LBB6:
 208:Drivers/CMSIS/Include/cmsis_gcc.h **** {
 209:Drivers/CMSIS/Include/cmsis_gcc.h ****   __ASM volatile ("cpsid i" : : : "memory");
 126              		.loc 2 209 3 view .LVU23
 127              		.syntax unified
 128              	@ 209 "Drivers/CMSIS/Include/cmsis_gcc.h" 1
 129 0000 72B6     		cpsid i
 130              	@ 0 "" 2
 131              		.thumb
 132              		.syntax unified
 133              	.L6:
 134              	.LBE6:
 135              	.LBE5:
 129:Core/Src/main.c ****   while (1)
 136              		.loc 1 129 3 discriminator 1 view .LVU24
 130:Core/Src/main.c ****   {
 131:Core/Src/main.c ****   }
 137              		.loc 1 131 3 discriminator 1 view .LVU25
 129:Core/Src/main.c ****   while (1)
 138              		.loc 1 129 9 discriminator 1 view .LVU26
 139 0002 FEE7     		b	.L6
 140              		.cfi_endproc
 141              	.LFE147:
 143              		.section	.text.SystemClock_Config,"ax",%progbits
 144              		.align	1
 145              		.global	SystemClock_Config
 146              		.syntax unified
 147              		.thumb
 148              		.thumb_func
 149              		.fpu fpv5-d16
 151              	SystemClock_Config:
 152              	.LFB145:
  50:Core/Src/main.c ****   RCC_OscInitTypeDef RCC_OscInitStruct = {0};
 153              		.loc 1 50 1 view -0
 154              		.cfi_startproc
 155              		@ args = 0, pretend = 0, frame = 112
 156              		@ frame_needed = 0, uses_anonymous_args = 0
 157 0000 00B5     		push	{lr}
 158              	.LCFI3:
 159              		.cfi_def_cfa_offset 4
 160              		.cfi_offset 14, -4
 161 0002 9DB0     		sub	sp, sp, #116
 162              	.LCFI4:
 163              		.cfi_def_cfa_offset 120
  51:Core/Src/main.c ****   RCC_ClkInitTypeDef RCC_ClkInitStruct = {0};
 164              		.loc 1 51 3 view .LVU28
  51:Core/Src/main.c ****   RCC_ClkInitTypeDef RCC_ClkInitStruct = {0};
 165              		.loc 1 51 22 is_stmt 0 view .LVU29
 166 0004 4C22     		movs	r2, #76
 167 0006 0021     		movs	r1, #0
 168 0008 09A8     		add	r0, sp, #36
 169 000a FFF7FEFF 		bl	memset
 170              	.LVL2:
  52:Core/Src/main.c **** 
 171              		.loc 1 52 3 is_stmt 1 view .LVU30
  52:Core/Src/main.c **** 
 172              		.loc 1 52 22 is_stmt 0 view .LVU31
ARM GAS  /tmp/cc797Acm.s 			page 10


 173 000e 2022     		movs	r2, #32
 174 0010 0021     		movs	r1, #0
 175 0012 01A8     		add	r0, sp, #4
 176 0014 FFF7FEFF 		bl	memset
 177              	.LVL3:
  56:Core/Src/main.c ****   /** Configure the main internal regulator output voltage
 178              		.loc 1 56 3 is_stmt 1 view .LVU32
 179 0018 0220     		movs	r0, #2
 180 001a FFF7FEFF 		bl	HAL_PWREx_ConfigSupply
 181              	.LVL4:
  59:Core/Src/main.c **** 
 182              		.loc 1 59 3 view .LVU33
 183              	.LBB7:
  59:Core/Src/main.c **** 
 184              		.loc 1 59 3 view .LVU34
 185 001e 0023     		movs	r3, #0
 186 0020 0093     		str	r3, [sp]
  59:Core/Src/main.c **** 
 187              		.loc 1 59 3 view .LVU35
  59:Core/Src/main.c **** 
 188              		.loc 1 59 3 view .LVU36
 189 0022 1E4B     		ldr	r3, .L14
 190 0024 DA6A     		ldr	r2, [r3, #44]
 191 0026 22F00102 		bic	r2, r2, #1
 192 002a DA62     		str	r2, [r3, #44]
  59:Core/Src/main.c **** 
 193              		.loc 1 59 3 view .LVU37
 194 002c DB6A     		ldr	r3, [r3, #44]
 195 002e 03F00103 		and	r3, r3, #1
 196 0032 0093     		str	r3, [sp]
  59:Core/Src/main.c **** 
 197              		.loc 1 59 3 view .LVU38
 198 0034 1A4A     		ldr	r2, .L14+4
 199 0036 9369     		ldr	r3, [r2, #24]
 200 0038 23F44043 		bic	r3, r3, #49152
 201 003c 43F48043 		orr	r3, r3, #16384
 202 0040 9361     		str	r3, [r2, #24]
  59:Core/Src/main.c **** 
 203              		.loc 1 59 3 view .LVU39
 204 0042 9369     		ldr	r3, [r2, #24]
 205 0044 03F44043 		and	r3, r3, #49152
 206 0048 0093     		str	r3, [sp]
  59:Core/Src/main.c **** 
 207              		.loc 1 59 3 view .LVU40
 208 004a 009B     		ldr	r3, [sp]
 209              	.LBE7:
  59:Core/Src/main.c **** 
 210              		.loc 1 59 3 view .LVU41
  61:Core/Src/main.c ****   /** Initializes the RCC Oscillators according to the specified parameters
 211              		.loc 1 61 3 view .LVU42
 212              	.L8:
  61:Core/Src/main.c ****   /** Initializes the RCC Oscillators according to the specified parameters
 213              		.loc 1 61 48 discriminator 1 view .LVU43
  61:Core/Src/main.c ****   /** Initializes the RCC Oscillators according to the specified parameters
 214              		.loc 1 61 9 discriminator 1 view .LVU44
  61:Core/Src/main.c ****   /** Initializes the RCC Oscillators according to the specified parameters
 215              		.loc 1 61 10 is_stmt 0 discriminator 1 view .LVU45
ARM GAS  /tmp/cc797Acm.s 			page 11


 216 004c 144B     		ldr	r3, .L14+4
 217 004e 9B69     		ldr	r3, [r3, #24]
  61:Core/Src/main.c ****   /** Initializes the RCC Oscillators according to the specified parameters
 218              		.loc 1 61 9 discriminator 1 view .LVU46
 219 0050 13F4005F 		tst	r3, #8192
 220 0054 FAD0     		beq	.L8
  65:Core/Src/main.c ****   RCC_OscInitStruct.HSIState = RCC_HSI_DIV1;
 221              		.loc 1 65 3 is_stmt 1 view .LVU47
  65:Core/Src/main.c ****   RCC_OscInitStruct.HSIState = RCC_HSI_DIV1;
 222              		.loc 1 65 36 is_stmt 0 view .LVU48
 223 0056 0223     		movs	r3, #2
 224 0058 0993     		str	r3, [sp, #36]
  66:Core/Src/main.c ****   RCC_OscInitStruct.HSICalibrationValue = RCC_HSICALIBRATION_DEFAULT;
 225              		.loc 1 66 3 is_stmt 1 view .LVU49
  66:Core/Src/main.c ****   RCC_OscInitStruct.HSICalibrationValue = RCC_HSICALIBRATION_DEFAULT;
 226              		.loc 1 66 30 is_stmt 0 view .LVU50
 227 005a 0123     		movs	r3, #1
 228 005c 0C93     		str	r3, [sp, #48]
  67:Core/Src/main.c ****   RCC_OscInitStruct.PLL.PLLState = RCC_PLL_NONE;
 229              		.loc 1 67 3 is_stmt 1 view .LVU51
  67:Core/Src/main.c ****   RCC_OscInitStruct.PLL.PLLState = RCC_PLL_NONE;
 230              		.loc 1 67 41 is_stmt 0 view .LVU52
 231 005e 4023     		movs	r3, #64
 232 0060 0D93     		str	r3, [sp, #52]
  68:Core/Src/main.c ****   if (HAL_RCC_OscConfig(&RCC_OscInitStruct) != HAL_OK)
 233              		.loc 1 68 3 is_stmt 1 view .LVU53
  68:Core/Src/main.c ****   if (HAL_RCC_OscConfig(&RCC_OscInitStruct) != HAL_OK)
 234              		.loc 1 68 34 is_stmt 0 view .LVU54
 235 0062 0023     		movs	r3, #0
 236 0064 1293     		str	r3, [sp, #72]
  69:Core/Src/main.c ****   {
 237              		.loc 1 69 3 is_stmt 1 view .LVU55
  69:Core/Src/main.c ****   {
 238              		.loc 1 69 7 is_stmt 0 view .LVU56
 239 0066 09A8     		add	r0, sp, #36
 240 0068 FFF7FEFF 		bl	HAL_RCC_OscConfig
 241              	.LVL5:
  69:Core/Src/main.c ****   {
 242              		.loc 1 69 6 view .LVU57
 243 006c 88B9     		cbnz	r0, .L12
  75:Core/Src/main.c ****                               |RCC_CLOCKTYPE_PCLK1|RCC_CLOCKTYPE_PCLK2
 244              		.loc 1 75 3 is_stmt 1 view .LVU58
  75:Core/Src/main.c ****                               |RCC_CLOCKTYPE_PCLK1|RCC_CLOCKTYPE_PCLK2
 245              		.loc 1 75 31 is_stmt 0 view .LVU59
 246 006e 3F23     		movs	r3, #63
 247 0070 0193     		str	r3, [sp, #4]
  78:Core/Src/main.c ****   RCC_ClkInitStruct.SYSCLKDivider = RCC_SYSCLK_DIV1;
 248              		.loc 1 78 3 is_stmt 1 view .LVU60
  78:Core/Src/main.c ****   RCC_ClkInitStruct.SYSCLKDivider = RCC_SYSCLK_DIV1;
 249              		.loc 1 78 34 is_stmt 0 view .LVU61
 250 0072 0023     		movs	r3, #0
 251 0074 0293     		str	r3, [sp, #8]
  79:Core/Src/main.c ****   RCC_ClkInitStruct.AHBCLKDivider = RCC_HCLK_DIV1;
 252              		.loc 1 79 3 is_stmt 1 view .LVU62
  79:Core/Src/main.c ****   RCC_ClkInitStruct.AHBCLKDivider = RCC_HCLK_DIV1;
 253              		.loc 1 79 35 is_stmt 0 view .LVU63
 254 0076 0393     		str	r3, [sp, #12]
ARM GAS  /tmp/cc797Acm.s 			page 12


  80:Core/Src/main.c ****   RCC_ClkInitStruct.APB3CLKDivider = RCC_APB3_DIV1;
 255              		.loc 1 80 3 is_stmt 1 view .LVU64
  80:Core/Src/main.c ****   RCC_ClkInitStruct.APB3CLKDivider = RCC_APB3_DIV1;
 256              		.loc 1 80 35 is_stmt 0 view .LVU65
 257 0078 0493     		str	r3, [sp, #16]
  81:Core/Src/main.c ****   RCC_ClkInitStruct.APB1CLKDivider = RCC_APB1_DIV1;
 258              		.loc 1 81 3 is_stmt 1 view .LVU66
  81:Core/Src/main.c ****   RCC_ClkInitStruct.APB1CLKDivider = RCC_APB1_DIV1;
 259              		.loc 1 81 36 is_stmt 0 view .LVU67
 260 007a 0593     		str	r3, [sp, #20]
  82:Core/Src/main.c ****   RCC_ClkInitStruct.APB2CLKDivider = RCC_APB2_DIV1;
 261              		.loc 1 82 3 is_stmt 1 view .LVU68
  82:Core/Src/main.c ****   RCC_ClkInitStruct.APB2CLKDivider = RCC_APB2_DIV1;
 262              		.loc 1 82 36 is_stmt 0 view .LVU69
 263 007c 0693     		str	r3, [sp, #24]
  83:Core/Src/main.c ****   RCC_ClkInitStruct.APB4CLKDivider = RCC_APB4_DIV1;
 264              		.loc 1 83 3 is_stmt 1 view .LVU70
  83:Core/Src/main.c ****   RCC_ClkInitStruct.APB4CLKDivider = RCC_APB4_DIV1;
 265              		.loc 1 83 36 is_stmt 0 view .LVU71
 266 007e 0793     		str	r3, [sp, #28]
  84:Core/Src/main.c **** 
 267              		.loc 1 84 3 is_stmt 1 view .LVU72
  84:Core/Src/main.c **** 
 268              		.loc 1 84 36 is_stmt 0 view .LVU73
 269 0080 0893     		str	r3, [sp, #32]
  86:Core/Src/main.c ****   {
 270              		.loc 1 86 3 is_stmt 1 view .LVU74
  86:Core/Src/main.c ****   {
 271              		.loc 1 86 7 is_stmt 0 view .LVU75
 272 0082 0121     		movs	r1, #1
 273 0084 01A8     		add	r0, sp, #4
 274 0086 FFF7FEFF 		bl	HAL_RCC_ClockConfig
 275              	.LVL6:
  86:Core/Src/main.c ****   {
 276              		.loc 1 86 6 view .LVU76
 277 008a 20B9     		cbnz	r0, .L13
  90:Core/Src/main.c **** 
 278              		.loc 1 90 1 view .LVU77
 279 008c 1DB0     		add	sp, sp, #116
 280              	.LCFI5:
 281              		.cfi_remember_state
 282              		.cfi_def_cfa_offset 4
 283              		@ sp needed
 284 008e 5DF804FB 		ldr	pc, [sp], #4
 285              	.L12:
 286              	.LCFI6:
 287              		.cfi_restore_state
  71:Core/Src/main.c ****   }
 288              		.loc 1 71 5 is_stmt 1 view .LVU78
 289 0092 FFF7FEFF 		bl	Error_Handler
 290              	.LVL7:
 291              	.L13:
  88:Core/Src/main.c ****   }
 292              		.loc 1 88 5 view .LVU79
 293 0096 FFF7FEFF 		bl	Error_Handler
 294              	.LVL8:
 295              	.L15:
ARM GAS  /tmp/cc797Acm.s 			page 13


 296 009a 00BF     		.align	2
 297              	.L14:
 298 009c 00040058 		.word	1476396032
 299 00a0 00480258 		.word	1476544512
 300              		.cfi_endproc
 301              	.LFE145:
 303              		.section	.text.main,"ax",%progbits
 304              		.align	1
 305              		.global	main
 306              		.syntax unified
 307              		.thumb
 308              		.thumb_func
 309              		.fpu fpv5-d16
 311              	main:
 312              	.LFB144:
  27:Core/Src/main.c ****     /* Reset of all peripherals, Initializes the Flash interface and the Systick. */
 313              		.loc 1 27 1 view -0
 314              		.cfi_startproc
 315              		@ Volatile: function does not return.
 316              		@ args = 0, pretend = 0, frame = 0
 317              		@ frame_needed = 0, uses_anonymous_args = 0
 318 0000 08B5     		push	{r3, lr}
 319              	.LCFI7:
 320              		.cfi_def_cfa_offset 8
 321              		.cfi_offset 3, -8
 322              		.cfi_offset 14, -4
  29:Core/Src/main.c **** 
 323              		.loc 1 29 5 view .LVU81
 324 0002 FFF7FEFF 		bl	HAL_Init
 325              	.LVL9:
  32:Core/Src/main.c **** 
 326              		.loc 1 32 5 view .LVU82
 327 0006 FFF7FEFF 		bl	SystemClock_Config
 328              	.LVL10:
  35:Core/Src/main.c **** 
 329              		.loc 1 35 5 view .LVU83
 330 000a FFF7FEFF 		bl	GPIO_Init
 331              	.LVL11:
 332              	.L17:
  38:Core/Src/main.c ****     {
 333              		.loc 1 38 5 discriminator 1 view .LVU84
  40:Core/Src/main.c **** 	HAL_Delay(1000);
 334              		.loc 1 40 9 discriminator 1 view .LVU85
 335 000e 0421     		movs	r1, #4
 336 0010 0348     		ldr	r0, .L19
 337 0012 FFF7FEFF 		bl	HAL_GPIO_TogglePin
 338              	.LVL12:
  41:Core/Src/main.c ****     }
 339              		.loc 1 41 2 discriminator 1 view .LVU86
 340 0016 4FF47A70 		mov	r0, #1000
 341 001a FFF7FEFF 		bl	HAL_Delay
 342              	.LVL13:
  38:Core/Src/main.c ****     {
 343              		.loc 1 38 11 discriminator 1 view .LVU87
 344 001e F6E7     		b	.L17
 345              	.L20:
 346              		.align	2
ARM GAS  /tmp/cc797Acm.s 			page 14


 347              	.L19:
 348 0020 00100258 		.word	1476530176
 349              		.cfi_endproc
 350              	.LFE144:
 352              		.text
 353              	.Letext0:
 354              		.file 3 "/usr/arm-none-eabi/include/machine/_default_types.h"
 355              		.file 4 "/usr/arm-none-eabi/include/sys/_stdint.h"
 356              		.file 5 "Drivers/CMSIS/Device/ST/STM32H7xx/Include/stm32h750xx.h"
 357              		.file 6 "Drivers/STM32H7xx_HAL_Driver/Inc/stm32h7xx_hal_def.h"
 358              		.file 7 "Drivers/STM32H7xx_HAL_Driver/Inc/stm32h7xx_hal_rcc.h"
 359              		.file 8 "Drivers/STM32H7xx_HAL_Driver/Inc/stm32h7xx_hal_gpio.h"
 360              		.file 9 "Drivers/STM32H7xx_HAL_Driver/Inc/stm32h7xx_hal_pwr_ex.h"
 361              		.file 10 "Drivers/STM32H7xx_HAL_Driver/Inc/stm32h7xx_hal.h"
 362              		.file 11 "<built-in>"
ARM GAS  /tmp/cc797Acm.s 			page 15


DEFINED SYMBOLS
                            *ABS*:0000000000000000 main.c
     /tmp/cc797Acm.s:17     .text.GPIO_Init:0000000000000000 $t
     /tmp/cc797Acm.s:24     .text.GPIO_Init:0000000000000000 GPIO_Init
     /tmp/cc797Acm.s:99     .text.GPIO_Init:0000000000000050 $d
     /tmp/cc797Acm.s:105    .text.Error_Handler:0000000000000000 $t
     /tmp/cc797Acm.s:112    .text.Error_Handler:0000000000000000 Error_Handler
     /tmp/cc797Acm.s:144    .text.SystemClock_Config:0000000000000000 $t
     /tmp/cc797Acm.s:151    .text.SystemClock_Config:0000000000000000 SystemClock_Config
     /tmp/cc797Acm.s:298    .text.SystemClock_Config:000000000000009c $d
     /tmp/cc797Acm.s:304    .text.main:0000000000000000 $t
     /tmp/cc797Acm.s:311    .text.main:0000000000000000 main
     /tmp/cc797Acm.s:348    .text.main:0000000000000020 $d

UNDEFINED SYMBOLS
HAL_GPIO_WritePin
HAL_GPIO_Init
memset
HAL_PWREx_ConfigSupply
HAL_RCC_OscConfig
HAL_RCC_ClockConfig
HAL_Init
HAL_GPIO_TogglePin
HAL_Delay
