ARM GAS  /tmp/ccD3kc0a.s 			page 1


   1              		.cpu cortex-m7
   2              		.eabi_attribute 28, 1
   3              		.eabi_attribute 20, 1
   4              		.eabi_attribute 21, 1
   5              		.eabi_attribute 23, 3
   6              		.eabi_attribute 24, 1
   7              		.eabi_attribute 25, 1
   8              		.eabi_attribute 26, 1
   9              		.eabi_attribute 30, 1
  10              		.eabi_attribute 34, 1
  11              		.eabi_attribute 18, 4
  12              		.file	"stm32h7xx_hal_i2c_ex.c"
  13              		.text
  14              	.Ltext0:
  15              		.cfi_sections	.debug_frame
  16              		.section	.text.HAL_I2CEx_ConfigAnalogFilter,"ax",%progbits
  17              		.align	1
  18              		.global	HAL_I2CEx_ConfigAnalogFilter
  19              		.arch armv7e-m
  20              		.syntax unified
  21              		.thumb
  22              		.thumb_func
  23              		.fpu fpv5-d16
  25              	HAL_I2CEx_ConfigAnalogFilter:
  26              	.LVL0:
  27              	.LFB144:
  28              		.file 1 "Drivers/STM32H7xx_HAL_Driver/Src/stm32h7xx_hal_i2c_ex.c"
   1:Drivers/STM32H7xx_HAL_Driver/Src/stm32h7xx_hal_i2c_ex.c **** /**
   2:Drivers/STM32H7xx_HAL_Driver/Src/stm32h7xx_hal_i2c_ex.c ****   ******************************************************************************
   3:Drivers/STM32H7xx_HAL_Driver/Src/stm32h7xx_hal_i2c_ex.c ****   * @file    stm32h7xx_hal_i2c_ex.c
   4:Drivers/STM32H7xx_HAL_Driver/Src/stm32h7xx_hal_i2c_ex.c ****   * @author  MCD Application Team
   5:Drivers/STM32H7xx_HAL_Driver/Src/stm32h7xx_hal_i2c_ex.c ****   * @brief   I2C Extended HAL module driver.
   6:Drivers/STM32H7xx_HAL_Driver/Src/stm32h7xx_hal_i2c_ex.c ****   *          This file provides firmware functions to manage the following
   7:Drivers/STM32H7xx_HAL_Driver/Src/stm32h7xx_hal_i2c_ex.c ****   *          functionalities of I2C Extended peripheral:
   8:Drivers/STM32H7xx_HAL_Driver/Src/stm32h7xx_hal_i2c_ex.c ****   *           + Filter Mode Functions
   9:Drivers/STM32H7xx_HAL_Driver/Src/stm32h7xx_hal_i2c_ex.c ****   *           + WakeUp Mode Functions
  10:Drivers/STM32H7xx_HAL_Driver/Src/stm32h7xx_hal_i2c_ex.c ****   *           + FastModePlus Functions
  11:Drivers/STM32H7xx_HAL_Driver/Src/stm32h7xx_hal_i2c_ex.c ****   *
  12:Drivers/STM32H7xx_HAL_Driver/Src/stm32h7xx_hal_i2c_ex.c ****   ******************************************************************************
  13:Drivers/STM32H7xx_HAL_Driver/Src/stm32h7xx_hal_i2c_ex.c ****   * @attention
  14:Drivers/STM32H7xx_HAL_Driver/Src/stm32h7xx_hal_i2c_ex.c ****   *
  15:Drivers/STM32H7xx_HAL_Driver/Src/stm32h7xx_hal_i2c_ex.c ****   * Copyright (c) 2017 STMicroelectronics.
  16:Drivers/STM32H7xx_HAL_Driver/Src/stm32h7xx_hal_i2c_ex.c ****   * All rights reserved.
  17:Drivers/STM32H7xx_HAL_Driver/Src/stm32h7xx_hal_i2c_ex.c ****   *
  18:Drivers/STM32H7xx_HAL_Driver/Src/stm32h7xx_hal_i2c_ex.c ****   * This software is licensed under terms that can be found in the LICENSE file
  19:Drivers/STM32H7xx_HAL_Driver/Src/stm32h7xx_hal_i2c_ex.c ****   * in the root directory of this software component.
  20:Drivers/STM32H7xx_HAL_Driver/Src/stm32h7xx_hal_i2c_ex.c ****   * If no LICENSE file comes with this software, it is provided AS-IS.
  21:Drivers/STM32H7xx_HAL_Driver/Src/stm32h7xx_hal_i2c_ex.c ****   *
  22:Drivers/STM32H7xx_HAL_Driver/Src/stm32h7xx_hal_i2c_ex.c ****   ******************************************************************************
  23:Drivers/STM32H7xx_HAL_Driver/Src/stm32h7xx_hal_i2c_ex.c ****   @verbatim
  24:Drivers/STM32H7xx_HAL_Driver/Src/stm32h7xx_hal_i2c_ex.c ****   ==============================================================================
  25:Drivers/STM32H7xx_HAL_Driver/Src/stm32h7xx_hal_i2c_ex.c ****                ##### I2C peripheral Extended features  #####
  26:Drivers/STM32H7xx_HAL_Driver/Src/stm32h7xx_hal_i2c_ex.c ****   ==============================================================================
  27:Drivers/STM32H7xx_HAL_Driver/Src/stm32h7xx_hal_i2c_ex.c **** 
  28:Drivers/STM32H7xx_HAL_Driver/Src/stm32h7xx_hal_i2c_ex.c ****   [..] Comparing to other previous devices, the I2C interface for STM32H7xx
  29:Drivers/STM32H7xx_HAL_Driver/Src/stm32h7xx_hal_i2c_ex.c ****        devices contains the following additional features
  30:Drivers/STM32H7xx_HAL_Driver/Src/stm32h7xx_hal_i2c_ex.c **** 
ARM GAS  /tmp/ccD3kc0a.s 			page 2


  31:Drivers/STM32H7xx_HAL_Driver/Src/stm32h7xx_hal_i2c_ex.c ****        (+) Possibility to disable or enable Analog Noise Filter
  32:Drivers/STM32H7xx_HAL_Driver/Src/stm32h7xx_hal_i2c_ex.c ****        (+) Use of a configured Digital Noise Filter
  33:Drivers/STM32H7xx_HAL_Driver/Src/stm32h7xx_hal_i2c_ex.c ****        (+) Disable or enable wakeup from Stop mode(s)
  34:Drivers/STM32H7xx_HAL_Driver/Src/stm32h7xx_hal_i2c_ex.c ****        (+) Disable or enable Fast Mode Plus
  35:Drivers/STM32H7xx_HAL_Driver/Src/stm32h7xx_hal_i2c_ex.c **** 
  36:Drivers/STM32H7xx_HAL_Driver/Src/stm32h7xx_hal_i2c_ex.c ****                      ##### How to use this driver #####
  37:Drivers/STM32H7xx_HAL_Driver/Src/stm32h7xx_hal_i2c_ex.c ****   ==============================================================================
  38:Drivers/STM32H7xx_HAL_Driver/Src/stm32h7xx_hal_i2c_ex.c ****   [..] This driver provides functions to configure Noise Filter and Wake Up Feature
  39:Drivers/STM32H7xx_HAL_Driver/Src/stm32h7xx_hal_i2c_ex.c ****     (#) Configure I2C Analog noise filter using the function HAL_I2CEx_ConfigAnalogFilter()
  40:Drivers/STM32H7xx_HAL_Driver/Src/stm32h7xx_hal_i2c_ex.c ****     (#) Configure I2C Digital noise filter using the function HAL_I2CEx_ConfigDigitalFilter()
  41:Drivers/STM32H7xx_HAL_Driver/Src/stm32h7xx_hal_i2c_ex.c ****     (#) Configure the enable or disable of I2C Wake Up Mode using the functions :
  42:Drivers/STM32H7xx_HAL_Driver/Src/stm32h7xx_hal_i2c_ex.c ****           (++) HAL_I2CEx_EnableWakeUp()
  43:Drivers/STM32H7xx_HAL_Driver/Src/stm32h7xx_hal_i2c_ex.c ****           (++) HAL_I2CEx_DisableWakeUp()
  44:Drivers/STM32H7xx_HAL_Driver/Src/stm32h7xx_hal_i2c_ex.c ****     (#) Configure the enable or disable of fast mode plus driving capability using the functions :
  45:Drivers/STM32H7xx_HAL_Driver/Src/stm32h7xx_hal_i2c_ex.c ****           (++) HAL_I2CEx_EnableFastModePlus()
  46:Drivers/STM32H7xx_HAL_Driver/Src/stm32h7xx_hal_i2c_ex.c ****           (++) HAL_I2CEx_DisableFastModePlus()
  47:Drivers/STM32H7xx_HAL_Driver/Src/stm32h7xx_hal_i2c_ex.c ****   @endverbatim
  48:Drivers/STM32H7xx_HAL_Driver/Src/stm32h7xx_hal_i2c_ex.c ****   */
  49:Drivers/STM32H7xx_HAL_Driver/Src/stm32h7xx_hal_i2c_ex.c **** 
  50:Drivers/STM32H7xx_HAL_Driver/Src/stm32h7xx_hal_i2c_ex.c **** /* Includes ------------------------------------------------------------------*/
  51:Drivers/STM32H7xx_HAL_Driver/Src/stm32h7xx_hal_i2c_ex.c **** #include "stm32h7xx_hal.h"
  52:Drivers/STM32H7xx_HAL_Driver/Src/stm32h7xx_hal_i2c_ex.c **** 
  53:Drivers/STM32H7xx_HAL_Driver/Src/stm32h7xx_hal_i2c_ex.c **** /** @addtogroup STM32H7xx_HAL_Driver
  54:Drivers/STM32H7xx_HAL_Driver/Src/stm32h7xx_hal_i2c_ex.c ****   * @{
  55:Drivers/STM32H7xx_HAL_Driver/Src/stm32h7xx_hal_i2c_ex.c ****   */
  56:Drivers/STM32H7xx_HAL_Driver/Src/stm32h7xx_hal_i2c_ex.c **** 
  57:Drivers/STM32H7xx_HAL_Driver/Src/stm32h7xx_hal_i2c_ex.c **** /** @defgroup I2CEx I2CEx
  58:Drivers/STM32H7xx_HAL_Driver/Src/stm32h7xx_hal_i2c_ex.c ****   * @brief I2C Extended HAL module driver
  59:Drivers/STM32H7xx_HAL_Driver/Src/stm32h7xx_hal_i2c_ex.c ****   * @{
  60:Drivers/STM32H7xx_HAL_Driver/Src/stm32h7xx_hal_i2c_ex.c ****   */
  61:Drivers/STM32H7xx_HAL_Driver/Src/stm32h7xx_hal_i2c_ex.c **** 
  62:Drivers/STM32H7xx_HAL_Driver/Src/stm32h7xx_hal_i2c_ex.c **** #ifdef HAL_I2C_MODULE_ENABLED
  63:Drivers/STM32H7xx_HAL_Driver/Src/stm32h7xx_hal_i2c_ex.c **** 
  64:Drivers/STM32H7xx_HAL_Driver/Src/stm32h7xx_hal_i2c_ex.c **** /* Private typedef -----------------------------------------------------------*/
  65:Drivers/STM32H7xx_HAL_Driver/Src/stm32h7xx_hal_i2c_ex.c **** /* Private define ------------------------------------------------------------*/
  66:Drivers/STM32H7xx_HAL_Driver/Src/stm32h7xx_hal_i2c_ex.c **** /* Private macro -------------------------------------------------------------*/
  67:Drivers/STM32H7xx_HAL_Driver/Src/stm32h7xx_hal_i2c_ex.c **** /* Private variables ---------------------------------------------------------*/
  68:Drivers/STM32H7xx_HAL_Driver/Src/stm32h7xx_hal_i2c_ex.c **** /* Private function prototypes -----------------------------------------------*/
  69:Drivers/STM32H7xx_HAL_Driver/Src/stm32h7xx_hal_i2c_ex.c **** /* Private functions ---------------------------------------------------------*/
  70:Drivers/STM32H7xx_HAL_Driver/Src/stm32h7xx_hal_i2c_ex.c **** 
  71:Drivers/STM32H7xx_HAL_Driver/Src/stm32h7xx_hal_i2c_ex.c **** /** @defgroup I2CEx_Exported_Functions I2C Extended Exported Functions
  72:Drivers/STM32H7xx_HAL_Driver/Src/stm32h7xx_hal_i2c_ex.c ****   * @{
  73:Drivers/STM32H7xx_HAL_Driver/Src/stm32h7xx_hal_i2c_ex.c ****   */
  74:Drivers/STM32H7xx_HAL_Driver/Src/stm32h7xx_hal_i2c_ex.c **** 
  75:Drivers/STM32H7xx_HAL_Driver/Src/stm32h7xx_hal_i2c_ex.c **** /** @defgroup I2CEx_Exported_Functions_Group1 Filter Mode Functions
  76:Drivers/STM32H7xx_HAL_Driver/Src/stm32h7xx_hal_i2c_ex.c ****   * @brief    Filter Mode Functions
  77:Drivers/STM32H7xx_HAL_Driver/Src/stm32h7xx_hal_i2c_ex.c ****   *
  78:Drivers/STM32H7xx_HAL_Driver/Src/stm32h7xx_hal_i2c_ex.c **** @verbatim
  79:Drivers/STM32H7xx_HAL_Driver/Src/stm32h7xx_hal_i2c_ex.c ****  ===============================================================================
  80:Drivers/STM32H7xx_HAL_Driver/Src/stm32h7xx_hal_i2c_ex.c ****                       ##### Filter Mode Functions #####
  81:Drivers/STM32H7xx_HAL_Driver/Src/stm32h7xx_hal_i2c_ex.c ****  ===============================================================================
  82:Drivers/STM32H7xx_HAL_Driver/Src/stm32h7xx_hal_i2c_ex.c ****     [..] This section provides functions allowing to:
  83:Drivers/STM32H7xx_HAL_Driver/Src/stm32h7xx_hal_i2c_ex.c ****       (+) Configure Noise Filters
  84:Drivers/STM32H7xx_HAL_Driver/Src/stm32h7xx_hal_i2c_ex.c **** 
  85:Drivers/STM32H7xx_HAL_Driver/Src/stm32h7xx_hal_i2c_ex.c **** @endverbatim
  86:Drivers/STM32H7xx_HAL_Driver/Src/stm32h7xx_hal_i2c_ex.c ****   * @{
  87:Drivers/STM32H7xx_HAL_Driver/Src/stm32h7xx_hal_i2c_ex.c ****   */
ARM GAS  /tmp/ccD3kc0a.s 			page 3


  88:Drivers/STM32H7xx_HAL_Driver/Src/stm32h7xx_hal_i2c_ex.c **** 
  89:Drivers/STM32H7xx_HAL_Driver/Src/stm32h7xx_hal_i2c_ex.c **** /**
  90:Drivers/STM32H7xx_HAL_Driver/Src/stm32h7xx_hal_i2c_ex.c ****   * @brief  Configure I2C Analog noise filter.
  91:Drivers/STM32H7xx_HAL_Driver/Src/stm32h7xx_hal_i2c_ex.c ****   * @param  hi2c Pointer to a I2C_HandleTypeDef structure that contains
  92:Drivers/STM32H7xx_HAL_Driver/Src/stm32h7xx_hal_i2c_ex.c ****   *                the configuration information for the specified I2Cx peripheral.
  93:Drivers/STM32H7xx_HAL_Driver/Src/stm32h7xx_hal_i2c_ex.c ****   * @param  AnalogFilter New state of the Analog filter.
  94:Drivers/STM32H7xx_HAL_Driver/Src/stm32h7xx_hal_i2c_ex.c ****   * @retval HAL status
  95:Drivers/STM32H7xx_HAL_Driver/Src/stm32h7xx_hal_i2c_ex.c ****   */
  96:Drivers/STM32H7xx_HAL_Driver/Src/stm32h7xx_hal_i2c_ex.c **** HAL_StatusTypeDef HAL_I2CEx_ConfigAnalogFilter(I2C_HandleTypeDef *hi2c, uint32_t AnalogFilter)
  97:Drivers/STM32H7xx_HAL_Driver/Src/stm32h7xx_hal_i2c_ex.c **** {
  29              		.loc 1 97 1 view -0
  30              		.cfi_startproc
  31              		@ args = 0, pretend = 0, frame = 0
  32              		@ frame_needed = 0, uses_anonymous_args = 0
  33              		@ link register save eliminated.
  34              		.loc 1 97 1 is_stmt 0 view .LVU1
  35 0000 0346     		mov	r3, r0
  98:Drivers/STM32H7xx_HAL_Driver/Src/stm32h7xx_hal_i2c_ex.c ****   /* Check the parameters */
  99:Drivers/STM32H7xx_HAL_Driver/Src/stm32h7xx_hal_i2c_ex.c ****   assert_param(IS_I2C_ALL_INSTANCE(hi2c->Instance));
  36              		.loc 1 99 3 is_stmt 1 view .LVU2
 100:Drivers/STM32H7xx_HAL_Driver/Src/stm32h7xx_hal_i2c_ex.c ****   assert_param(IS_I2C_ANALOG_FILTER(AnalogFilter));
  37              		.loc 1 100 3 view .LVU3
 101:Drivers/STM32H7xx_HAL_Driver/Src/stm32h7xx_hal_i2c_ex.c **** 
 102:Drivers/STM32H7xx_HAL_Driver/Src/stm32h7xx_hal_i2c_ex.c ****   if (hi2c->State == HAL_I2C_STATE_READY)
  38              		.loc 1 102 3 view .LVU4
  39              		.loc 1 102 11 is_stmt 0 view .LVU5
  40 0002 90F84120 		ldrb	r2, [r0, #65]	@ zero_extendqisi2
  41 0006 D2B2     		uxtb	r2, r2
  42              		.loc 1 102 6 view .LVU6
  43 0008 202A     		cmp	r2, #32
  44 000a 23D1     		bne	.L3
 103:Drivers/STM32H7xx_HAL_Driver/Src/stm32h7xx_hal_i2c_ex.c ****   {
 104:Drivers/STM32H7xx_HAL_Driver/Src/stm32h7xx_hal_i2c_ex.c ****     /* Process Locked */
 105:Drivers/STM32H7xx_HAL_Driver/Src/stm32h7xx_hal_i2c_ex.c ****     __HAL_LOCK(hi2c);
  45              		.loc 1 105 5 is_stmt 1 view .LVU7
  46              		.loc 1 105 5 view .LVU8
  47 000c 90F84020 		ldrb	r2, [r0, #64]	@ zero_extendqisi2
  48 0010 012A     		cmp	r2, #1
  49 0012 21D0     		beq	.L4
  50              		.loc 1 105 5 discriminator 2 view .LVU9
  51 0014 0122     		movs	r2, #1
  52 0016 80F84020 		strb	r2, [r0, #64]
  53              		.loc 1 105 5 discriminator 2 view .LVU10
 106:Drivers/STM32H7xx_HAL_Driver/Src/stm32h7xx_hal_i2c_ex.c **** 
 107:Drivers/STM32H7xx_HAL_Driver/Src/stm32h7xx_hal_i2c_ex.c ****     hi2c->State = HAL_I2C_STATE_BUSY;
  54              		.loc 1 107 5 discriminator 2 view .LVU11
  55              		.loc 1 107 17 is_stmt 0 discriminator 2 view .LVU12
  56 001a 2422     		movs	r2, #36
  57 001c 80F84120 		strb	r2, [r0, #65]
 108:Drivers/STM32H7xx_HAL_Driver/Src/stm32h7xx_hal_i2c_ex.c **** 
 109:Drivers/STM32H7xx_HAL_Driver/Src/stm32h7xx_hal_i2c_ex.c ****     /* Disable the selected I2C peripheral */
 110:Drivers/STM32H7xx_HAL_Driver/Src/stm32h7xx_hal_i2c_ex.c ****     __HAL_I2C_DISABLE(hi2c);
  58              		.loc 1 110 5 is_stmt 1 discriminator 2 view .LVU13
  59 0020 0068     		ldr	r0, [r0]
  60              	.LVL1:
  61              		.loc 1 110 5 is_stmt 0 discriminator 2 view .LVU14
  62 0022 0268     		ldr	r2, [r0]
ARM GAS  /tmp/ccD3kc0a.s 			page 4


  63 0024 22F00102 		bic	r2, r2, #1
  64 0028 0260     		str	r2, [r0]
 111:Drivers/STM32H7xx_HAL_Driver/Src/stm32h7xx_hal_i2c_ex.c **** 
 112:Drivers/STM32H7xx_HAL_Driver/Src/stm32h7xx_hal_i2c_ex.c ****     /* Reset I2Cx ANOFF bit */
 113:Drivers/STM32H7xx_HAL_Driver/Src/stm32h7xx_hal_i2c_ex.c ****     hi2c->Instance->CR1 &= ~(I2C_CR1_ANFOFF);
  65              		.loc 1 113 5 is_stmt 1 discriminator 2 view .LVU15
  66              		.loc 1 113 9 is_stmt 0 discriminator 2 view .LVU16
  67 002a 1868     		ldr	r0, [r3]
  68              		.loc 1 113 25 discriminator 2 view .LVU17
  69 002c 0268     		ldr	r2, [r0]
  70 002e 22F48052 		bic	r2, r2, #4096
  71 0032 0260     		str	r2, [r0]
 114:Drivers/STM32H7xx_HAL_Driver/Src/stm32h7xx_hal_i2c_ex.c **** 
 115:Drivers/STM32H7xx_HAL_Driver/Src/stm32h7xx_hal_i2c_ex.c ****     /* Set analog filter bit*/
 116:Drivers/STM32H7xx_HAL_Driver/Src/stm32h7xx_hal_i2c_ex.c ****     hi2c->Instance->CR1 |= AnalogFilter;
  72              		.loc 1 116 5 is_stmt 1 discriminator 2 view .LVU18
  73              		.loc 1 116 9 is_stmt 0 discriminator 2 view .LVU19
  74 0034 1868     		ldr	r0, [r3]
  75              		.loc 1 116 25 discriminator 2 view .LVU20
  76 0036 0268     		ldr	r2, [r0]
  77 0038 1143     		orrs	r1, r1, r2
  78              	.LVL2:
  79              		.loc 1 116 25 discriminator 2 view .LVU21
  80 003a 0160     		str	r1, [r0]
 117:Drivers/STM32H7xx_HAL_Driver/Src/stm32h7xx_hal_i2c_ex.c **** 
 118:Drivers/STM32H7xx_HAL_Driver/Src/stm32h7xx_hal_i2c_ex.c ****     __HAL_I2C_ENABLE(hi2c);
  81              		.loc 1 118 5 is_stmt 1 discriminator 2 view .LVU22
  82 003c 1968     		ldr	r1, [r3]
  83 003e 0A68     		ldr	r2, [r1]
  84 0040 42F00102 		orr	r2, r2, #1
  85 0044 0A60     		str	r2, [r1]
 119:Drivers/STM32H7xx_HAL_Driver/Src/stm32h7xx_hal_i2c_ex.c **** 
 120:Drivers/STM32H7xx_HAL_Driver/Src/stm32h7xx_hal_i2c_ex.c ****     hi2c->State = HAL_I2C_STATE_READY;
  86              		.loc 1 120 5 discriminator 2 view .LVU23
  87              		.loc 1 120 17 is_stmt 0 discriminator 2 view .LVU24
  88 0046 2022     		movs	r2, #32
  89 0048 83F84120 		strb	r2, [r3, #65]
 121:Drivers/STM32H7xx_HAL_Driver/Src/stm32h7xx_hal_i2c_ex.c **** 
 122:Drivers/STM32H7xx_HAL_Driver/Src/stm32h7xx_hal_i2c_ex.c ****     /* Process Unlocked */
 123:Drivers/STM32H7xx_HAL_Driver/Src/stm32h7xx_hal_i2c_ex.c ****     __HAL_UNLOCK(hi2c);
  90              		.loc 1 123 5 is_stmt 1 discriminator 2 view .LVU25
  91              		.loc 1 123 5 discriminator 2 view .LVU26
  92 004c 0020     		movs	r0, #0
  93 004e 83F84000 		strb	r0, [r3, #64]
  94              		.loc 1 123 5 discriminator 2 view .LVU27
 124:Drivers/STM32H7xx_HAL_Driver/Src/stm32h7xx_hal_i2c_ex.c **** 
 125:Drivers/STM32H7xx_HAL_Driver/Src/stm32h7xx_hal_i2c_ex.c ****     return HAL_OK;
  95              		.loc 1 125 5 discriminator 2 view .LVU28
  96              		.loc 1 125 12 is_stmt 0 discriminator 2 view .LVU29
  97 0052 7047     		bx	lr
  98              	.LVL3:
  99              	.L3:
 126:Drivers/STM32H7xx_HAL_Driver/Src/stm32h7xx_hal_i2c_ex.c ****   }
 127:Drivers/STM32H7xx_HAL_Driver/Src/stm32h7xx_hal_i2c_ex.c ****   else
 128:Drivers/STM32H7xx_HAL_Driver/Src/stm32h7xx_hal_i2c_ex.c ****   {
 129:Drivers/STM32H7xx_HAL_Driver/Src/stm32h7xx_hal_i2c_ex.c ****     return HAL_BUSY;
 100              		.loc 1 129 12 view .LVU30
ARM GAS  /tmp/ccD3kc0a.s 			page 5


 101 0054 0220     		movs	r0, #2
 102              	.LVL4:
 103              		.loc 1 129 12 view .LVU31
 104 0056 7047     		bx	lr
 105              	.LVL5:
 106              	.L4:
 105:Drivers/STM32H7xx_HAL_Driver/Src/stm32h7xx_hal_i2c_ex.c **** 
 107              		.loc 1 105 5 view .LVU32
 108 0058 0220     		movs	r0, #2
 109              	.LVL6:
 130:Drivers/STM32H7xx_HAL_Driver/Src/stm32h7xx_hal_i2c_ex.c ****   }
 131:Drivers/STM32H7xx_HAL_Driver/Src/stm32h7xx_hal_i2c_ex.c **** }
 110              		.loc 1 131 1 view .LVU33
 111 005a 7047     		bx	lr
 112              		.cfi_endproc
 113              	.LFE144:
 115              		.section	.text.HAL_I2CEx_ConfigDigitalFilter,"ax",%progbits
 116              		.align	1
 117              		.global	HAL_I2CEx_ConfigDigitalFilter
 118              		.syntax unified
 119              		.thumb
 120              		.thumb_func
 121              		.fpu fpv5-d16
 123              	HAL_I2CEx_ConfigDigitalFilter:
 124              	.LVL7:
 125              	.LFB145:
 132:Drivers/STM32H7xx_HAL_Driver/Src/stm32h7xx_hal_i2c_ex.c **** 
 133:Drivers/STM32H7xx_HAL_Driver/Src/stm32h7xx_hal_i2c_ex.c **** /**
 134:Drivers/STM32H7xx_HAL_Driver/Src/stm32h7xx_hal_i2c_ex.c ****   * @brief  Configure I2C Digital noise filter.
 135:Drivers/STM32H7xx_HAL_Driver/Src/stm32h7xx_hal_i2c_ex.c ****   * @param  hi2c Pointer to a I2C_HandleTypeDef structure that contains
 136:Drivers/STM32H7xx_HAL_Driver/Src/stm32h7xx_hal_i2c_ex.c ****   *                the configuration information for the specified I2Cx peripheral.
 137:Drivers/STM32H7xx_HAL_Driver/Src/stm32h7xx_hal_i2c_ex.c ****   * @param  DigitalFilter Coefficient of digital noise filter between Min_Data=0x00 and Max_Data=0x
 138:Drivers/STM32H7xx_HAL_Driver/Src/stm32h7xx_hal_i2c_ex.c ****   * @retval HAL status
 139:Drivers/STM32H7xx_HAL_Driver/Src/stm32h7xx_hal_i2c_ex.c ****   */
 140:Drivers/STM32H7xx_HAL_Driver/Src/stm32h7xx_hal_i2c_ex.c **** HAL_StatusTypeDef HAL_I2CEx_ConfigDigitalFilter(I2C_HandleTypeDef *hi2c, uint32_t DigitalFilter)
 141:Drivers/STM32H7xx_HAL_Driver/Src/stm32h7xx_hal_i2c_ex.c **** {
 126              		.loc 1 141 1 is_stmt 1 view -0
 127              		.cfi_startproc
 128              		@ args = 0, pretend = 0, frame = 0
 129              		@ frame_needed = 0, uses_anonymous_args = 0
 130              		@ link register save eliminated.
 131              		.loc 1 141 1 is_stmt 0 view .LVU35
 132 0000 0346     		mov	r3, r0
 142:Drivers/STM32H7xx_HAL_Driver/Src/stm32h7xx_hal_i2c_ex.c ****   uint32_t tmpreg;
 133              		.loc 1 142 3 is_stmt 1 view .LVU36
 143:Drivers/STM32H7xx_HAL_Driver/Src/stm32h7xx_hal_i2c_ex.c **** 
 144:Drivers/STM32H7xx_HAL_Driver/Src/stm32h7xx_hal_i2c_ex.c ****   /* Check the parameters */
 145:Drivers/STM32H7xx_HAL_Driver/Src/stm32h7xx_hal_i2c_ex.c ****   assert_param(IS_I2C_ALL_INSTANCE(hi2c->Instance));
 134              		.loc 1 145 3 view .LVU37
 146:Drivers/STM32H7xx_HAL_Driver/Src/stm32h7xx_hal_i2c_ex.c ****   assert_param(IS_I2C_DIGITAL_FILTER(DigitalFilter));
 135              		.loc 1 146 3 view .LVU38
 147:Drivers/STM32H7xx_HAL_Driver/Src/stm32h7xx_hal_i2c_ex.c **** 
 148:Drivers/STM32H7xx_HAL_Driver/Src/stm32h7xx_hal_i2c_ex.c ****   if (hi2c->State == HAL_I2C_STATE_READY)
 136              		.loc 1 148 3 view .LVU39
 137              		.loc 1 148 11 is_stmt 0 view .LVU40
 138 0002 90F84120 		ldrb	r2, [r0, #65]	@ zero_extendqisi2
 139 0006 D2B2     		uxtb	r2, r2
ARM GAS  /tmp/ccD3kc0a.s 			page 6


 140              		.loc 1 148 6 view .LVU41
 141 0008 202A     		cmp	r2, #32
 142 000a 21D1     		bne	.L7
 149:Drivers/STM32H7xx_HAL_Driver/Src/stm32h7xx_hal_i2c_ex.c ****   {
 150:Drivers/STM32H7xx_HAL_Driver/Src/stm32h7xx_hal_i2c_ex.c ****     /* Process Locked */
 151:Drivers/STM32H7xx_HAL_Driver/Src/stm32h7xx_hal_i2c_ex.c ****     __HAL_LOCK(hi2c);
 143              		.loc 1 151 5 is_stmt 1 view .LVU42
 144              		.loc 1 151 5 view .LVU43
 145 000c 90F84020 		ldrb	r2, [r0, #64]	@ zero_extendqisi2
 146 0010 012A     		cmp	r2, #1
 147 0012 1FD0     		beq	.L8
 148              		.loc 1 151 5 discriminator 2 view .LVU44
 149 0014 0122     		movs	r2, #1
 150 0016 80F84020 		strb	r2, [r0, #64]
 151              		.loc 1 151 5 discriminator 2 view .LVU45
 152:Drivers/STM32H7xx_HAL_Driver/Src/stm32h7xx_hal_i2c_ex.c **** 
 153:Drivers/STM32H7xx_HAL_Driver/Src/stm32h7xx_hal_i2c_ex.c ****     hi2c->State = HAL_I2C_STATE_BUSY;
 152              		.loc 1 153 5 discriminator 2 view .LVU46
 153              		.loc 1 153 17 is_stmt 0 discriminator 2 view .LVU47
 154 001a 2422     		movs	r2, #36
 155 001c 80F84120 		strb	r2, [r0, #65]
 154:Drivers/STM32H7xx_HAL_Driver/Src/stm32h7xx_hal_i2c_ex.c **** 
 155:Drivers/STM32H7xx_HAL_Driver/Src/stm32h7xx_hal_i2c_ex.c ****     /* Disable the selected I2C peripheral */
 156:Drivers/STM32H7xx_HAL_Driver/Src/stm32h7xx_hal_i2c_ex.c ****     __HAL_I2C_DISABLE(hi2c);
 156              		.loc 1 156 5 is_stmt 1 discriminator 2 view .LVU48
 157 0020 0068     		ldr	r0, [r0]
 158              	.LVL8:
 159              		.loc 1 156 5 is_stmt 0 discriminator 2 view .LVU49
 160 0022 0268     		ldr	r2, [r0]
 161 0024 22F00102 		bic	r2, r2, #1
 162 0028 0260     		str	r2, [r0]
 157:Drivers/STM32H7xx_HAL_Driver/Src/stm32h7xx_hal_i2c_ex.c **** 
 158:Drivers/STM32H7xx_HAL_Driver/Src/stm32h7xx_hal_i2c_ex.c ****     /* Get the old register value */
 159:Drivers/STM32H7xx_HAL_Driver/Src/stm32h7xx_hal_i2c_ex.c ****     tmpreg = hi2c->Instance->CR1;
 163              		.loc 1 159 5 is_stmt 1 discriminator 2 view .LVU50
 164              		.loc 1 159 18 is_stmt 0 discriminator 2 view .LVU51
 165 002a 1868     		ldr	r0, [r3]
 166              		.loc 1 159 12 discriminator 2 view .LVU52
 167 002c 0268     		ldr	r2, [r0]
 168              	.LVL9:
 160:Drivers/STM32H7xx_HAL_Driver/Src/stm32h7xx_hal_i2c_ex.c **** 
 161:Drivers/STM32H7xx_HAL_Driver/Src/stm32h7xx_hal_i2c_ex.c ****     /* Reset I2Cx DNF bits [11:8] */
 162:Drivers/STM32H7xx_HAL_Driver/Src/stm32h7xx_hal_i2c_ex.c ****     tmpreg &= ~(I2C_CR1_DNF);
 169              		.loc 1 162 5 is_stmt 1 discriminator 2 view .LVU53
 170              		.loc 1 162 12 is_stmt 0 discriminator 2 view .LVU54
 171 002e 22F47062 		bic	r2, r2, #3840
 172              	.LVL10:
 163:Drivers/STM32H7xx_HAL_Driver/Src/stm32h7xx_hal_i2c_ex.c **** 
 164:Drivers/STM32H7xx_HAL_Driver/Src/stm32h7xx_hal_i2c_ex.c ****     /* Set I2Cx DNF coefficient */
 165:Drivers/STM32H7xx_HAL_Driver/Src/stm32h7xx_hal_i2c_ex.c ****     tmpreg |= DigitalFilter << 8U;
 173              		.loc 1 165 5 is_stmt 1 discriminator 2 view .LVU55
 174              		.loc 1 165 12 is_stmt 0 discriminator 2 view .LVU56
 175 0032 42EA0122 		orr	r2, r2, r1, lsl #8
 176              	.LVL11:
 166:Drivers/STM32H7xx_HAL_Driver/Src/stm32h7xx_hal_i2c_ex.c **** 
 167:Drivers/STM32H7xx_HAL_Driver/Src/stm32h7xx_hal_i2c_ex.c ****     /* Store the new register value */
 168:Drivers/STM32H7xx_HAL_Driver/Src/stm32h7xx_hal_i2c_ex.c ****     hi2c->Instance->CR1 = tmpreg;
ARM GAS  /tmp/ccD3kc0a.s 			page 7


 177              		.loc 1 168 5 is_stmt 1 discriminator 2 view .LVU57
 178              		.loc 1 168 25 is_stmt 0 discriminator 2 view .LVU58
 179 0036 0260     		str	r2, [r0]
 169:Drivers/STM32H7xx_HAL_Driver/Src/stm32h7xx_hal_i2c_ex.c **** 
 170:Drivers/STM32H7xx_HAL_Driver/Src/stm32h7xx_hal_i2c_ex.c ****     __HAL_I2C_ENABLE(hi2c);
 180              		.loc 1 170 5 is_stmt 1 discriminator 2 view .LVU59
 181 0038 1968     		ldr	r1, [r3]
 182              	.LVL12:
 183              		.loc 1 170 5 is_stmt 0 discriminator 2 view .LVU60
 184 003a 0A68     		ldr	r2, [r1]
 185              	.LVL13:
 186              		.loc 1 170 5 discriminator 2 view .LVU61
 187 003c 42F00102 		orr	r2, r2, #1
 188 0040 0A60     		str	r2, [r1]
 189              	.LVL14:
 171:Drivers/STM32H7xx_HAL_Driver/Src/stm32h7xx_hal_i2c_ex.c **** 
 172:Drivers/STM32H7xx_HAL_Driver/Src/stm32h7xx_hal_i2c_ex.c ****     hi2c->State = HAL_I2C_STATE_READY;
 190              		.loc 1 172 5 is_stmt 1 discriminator 2 view .LVU62
 191              		.loc 1 172 17 is_stmt 0 discriminator 2 view .LVU63
 192 0042 2022     		movs	r2, #32
 193 0044 83F84120 		strb	r2, [r3, #65]
 173:Drivers/STM32H7xx_HAL_Driver/Src/stm32h7xx_hal_i2c_ex.c **** 
 174:Drivers/STM32H7xx_HAL_Driver/Src/stm32h7xx_hal_i2c_ex.c ****     /* Process Unlocked */
 175:Drivers/STM32H7xx_HAL_Driver/Src/stm32h7xx_hal_i2c_ex.c ****     __HAL_UNLOCK(hi2c);
 194              		.loc 1 175 5 is_stmt 1 discriminator 2 view .LVU64
 195              		.loc 1 175 5 discriminator 2 view .LVU65
 196 0048 0020     		movs	r0, #0
 197 004a 83F84000 		strb	r0, [r3, #64]
 198              		.loc 1 175 5 discriminator 2 view .LVU66
 176:Drivers/STM32H7xx_HAL_Driver/Src/stm32h7xx_hal_i2c_ex.c **** 
 177:Drivers/STM32H7xx_HAL_Driver/Src/stm32h7xx_hal_i2c_ex.c ****     return HAL_OK;
 199              		.loc 1 177 5 discriminator 2 view .LVU67
 200              		.loc 1 177 12 is_stmt 0 discriminator 2 view .LVU68
 201 004e 7047     		bx	lr
 202              	.LVL15:
 203              	.L7:
 178:Drivers/STM32H7xx_HAL_Driver/Src/stm32h7xx_hal_i2c_ex.c ****   }
 179:Drivers/STM32H7xx_HAL_Driver/Src/stm32h7xx_hal_i2c_ex.c ****   else
 180:Drivers/STM32H7xx_HAL_Driver/Src/stm32h7xx_hal_i2c_ex.c ****   {
 181:Drivers/STM32H7xx_HAL_Driver/Src/stm32h7xx_hal_i2c_ex.c ****     return HAL_BUSY;
 204              		.loc 1 181 12 view .LVU69
 205 0050 0220     		movs	r0, #2
 206              	.LVL16:
 207              		.loc 1 181 12 view .LVU70
 208 0052 7047     		bx	lr
 209              	.LVL17:
 210              	.L8:
 151:Drivers/STM32H7xx_HAL_Driver/Src/stm32h7xx_hal_i2c_ex.c **** 
 211              		.loc 1 151 5 view .LVU71
 212 0054 0220     		movs	r0, #2
 213              	.LVL18:
 182:Drivers/STM32H7xx_HAL_Driver/Src/stm32h7xx_hal_i2c_ex.c ****   }
 183:Drivers/STM32H7xx_HAL_Driver/Src/stm32h7xx_hal_i2c_ex.c **** }
 214              		.loc 1 183 1 view .LVU72
 215 0056 7047     		bx	lr
 216              		.cfi_endproc
 217              	.LFE145:
ARM GAS  /tmp/ccD3kc0a.s 			page 8


 219              		.section	.text.HAL_I2CEx_EnableWakeUp,"ax",%progbits
 220              		.align	1
 221              		.global	HAL_I2CEx_EnableWakeUp
 222              		.syntax unified
 223              		.thumb
 224              		.thumb_func
 225              		.fpu fpv5-d16
 227              	HAL_I2CEx_EnableWakeUp:
 228              	.LVL19:
 229              	.LFB146:
 184:Drivers/STM32H7xx_HAL_Driver/Src/stm32h7xx_hal_i2c_ex.c **** /**
 185:Drivers/STM32H7xx_HAL_Driver/Src/stm32h7xx_hal_i2c_ex.c ****   * @}
 186:Drivers/STM32H7xx_HAL_Driver/Src/stm32h7xx_hal_i2c_ex.c ****   */
 187:Drivers/STM32H7xx_HAL_Driver/Src/stm32h7xx_hal_i2c_ex.c **** 
 188:Drivers/STM32H7xx_HAL_Driver/Src/stm32h7xx_hal_i2c_ex.c **** /** @defgroup I2CEx_Exported_Functions_Group2 WakeUp Mode Functions
 189:Drivers/STM32H7xx_HAL_Driver/Src/stm32h7xx_hal_i2c_ex.c ****   * @brief    WakeUp Mode Functions
 190:Drivers/STM32H7xx_HAL_Driver/Src/stm32h7xx_hal_i2c_ex.c ****   *
 191:Drivers/STM32H7xx_HAL_Driver/Src/stm32h7xx_hal_i2c_ex.c **** @verbatim
 192:Drivers/STM32H7xx_HAL_Driver/Src/stm32h7xx_hal_i2c_ex.c ****  ===============================================================================
 193:Drivers/STM32H7xx_HAL_Driver/Src/stm32h7xx_hal_i2c_ex.c ****                       ##### WakeUp Mode Functions #####
 194:Drivers/STM32H7xx_HAL_Driver/Src/stm32h7xx_hal_i2c_ex.c ****  ===============================================================================
 195:Drivers/STM32H7xx_HAL_Driver/Src/stm32h7xx_hal_i2c_ex.c ****     [..] This section provides functions allowing to:
 196:Drivers/STM32H7xx_HAL_Driver/Src/stm32h7xx_hal_i2c_ex.c ****       (+) Configure Wake Up Feature
 197:Drivers/STM32H7xx_HAL_Driver/Src/stm32h7xx_hal_i2c_ex.c **** 
 198:Drivers/STM32H7xx_HAL_Driver/Src/stm32h7xx_hal_i2c_ex.c **** @endverbatim
 199:Drivers/STM32H7xx_HAL_Driver/Src/stm32h7xx_hal_i2c_ex.c ****   * @{
 200:Drivers/STM32H7xx_HAL_Driver/Src/stm32h7xx_hal_i2c_ex.c ****   */
 201:Drivers/STM32H7xx_HAL_Driver/Src/stm32h7xx_hal_i2c_ex.c **** 
 202:Drivers/STM32H7xx_HAL_Driver/Src/stm32h7xx_hal_i2c_ex.c **** /**
 203:Drivers/STM32H7xx_HAL_Driver/Src/stm32h7xx_hal_i2c_ex.c ****   * @brief  Enable I2C wakeup from Stop mode(s).
 204:Drivers/STM32H7xx_HAL_Driver/Src/stm32h7xx_hal_i2c_ex.c ****   * @param  hi2c Pointer to a I2C_HandleTypeDef structure that contains
 205:Drivers/STM32H7xx_HAL_Driver/Src/stm32h7xx_hal_i2c_ex.c ****   *                the configuration information for the specified I2Cx peripheral.
 206:Drivers/STM32H7xx_HAL_Driver/Src/stm32h7xx_hal_i2c_ex.c ****   * @retval HAL status
 207:Drivers/STM32H7xx_HAL_Driver/Src/stm32h7xx_hal_i2c_ex.c ****   */
 208:Drivers/STM32H7xx_HAL_Driver/Src/stm32h7xx_hal_i2c_ex.c **** HAL_StatusTypeDef HAL_I2CEx_EnableWakeUp(I2C_HandleTypeDef *hi2c)
 209:Drivers/STM32H7xx_HAL_Driver/Src/stm32h7xx_hal_i2c_ex.c **** {
 230              		.loc 1 209 1 is_stmt 1 view -0
 231              		.cfi_startproc
 232              		@ args = 0, pretend = 0, frame = 0
 233              		@ frame_needed = 0, uses_anonymous_args = 0
 234              		@ link register save eliminated.
 235              		.loc 1 209 1 is_stmt 0 view .LVU74
 236 0000 0346     		mov	r3, r0
 210:Drivers/STM32H7xx_HAL_Driver/Src/stm32h7xx_hal_i2c_ex.c ****   /* Check the parameters */
 211:Drivers/STM32H7xx_HAL_Driver/Src/stm32h7xx_hal_i2c_ex.c ****   assert_param(IS_I2C_WAKEUP_FROMSTOP_INSTANCE(hi2c->Instance));
 237              		.loc 1 211 3 is_stmt 1 view .LVU75
 212:Drivers/STM32H7xx_HAL_Driver/Src/stm32h7xx_hal_i2c_ex.c **** 
 213:Drivers/STM32H7xx_HAL_Driver/Src/stm32h7xx_hal_i2c_ex.c ****   if (hi2c->State == HAL_I2C_STATE_READY)
 238              		.loc 1 213 3 view .LVU76
 239              		.loc 1 213 11 is_stmt 0 view .LVU77
 240 0002 90F84120 		ldrb	r2, [r0, #65]	@ zero_extendqisi2
 241 0006 D2B2     		uxtb	r2, r2
 242              		.loc 1 213 6 view .LVU78
 243 0008 202A     		cmp	r2, #32
 244 000a 1FD1     		bne	.L11
 214:Drivers/STM32H7xx_HAL_Driver/Src/stm32h7xx_hal_i2c_ex.c ****   {
 215:Drivers/STM32H7xx_HAL_Driver/Src/stm32h7xx_hal_i2c_ex.c ****     /* Process Locked */
ARM GAS  /tmp/ccD3kc0a.s 			page 9


 216:Drivers/STM32H7xx_HAL_Driver/Src/stm32h7xx_hal_i2c_ex.c ****     __HAL_LOCK(hi2c);
 245              		.loc 1 216 5 is_stmt 1 view .LVU79
 246              		.loc 1 216 5 view .LVU80
 247 000c 90F84020 		ldrb	r2, [r0, #64]	@ zero_extendqisi2
 248 0010 012A     		cmp	r2, #1
 249 0012 1DD0     		beq	.L12
 250              		.loc 1 216 5 discriminator 2 view .LVU81
 251 0014 0122     		movs	r2, #1
 252 0016 80F84020 		strb	r2, [r0, #64]
 253              		.loc 1 216 5 discriminator 2 view .LVU82
 217:Drivers/STM32H7xx_HAL_Driver/Src/stm32h7xx_hal_i2c_ex.c **** 
 218:Drivers/STM32H7xx_HAL_Driver/Src/stm32h7xx_hal_i2c_ex.c ****     hi2c->State = HAL_I2C_STATE_BUSY;
 254              		.loc 1 218 5 discriminator 2 view .LVU83
 255              		.loc 1 218 17 is_stmt 0 discriminator 2 view .LVU84
 256 001a 2422     		movs	r2, #36
 257 001c 80F84120 		strb	r2, [r0, #65]
 219:Drivers/STM32H7xx_HAL_Driver/Src/stm32h7xx_hal_i2c_ex.c **** 
 220:Drivers/STM32H7xx_HAL_Driver/Src/stm32h7xx_hal_i2c_ex.c ****     /* Disable the selected I2C peripheral */
 221:Drivers/STM32H7xx_HAL_Driver/Src/stm32h7xx_hal_i2c_ex.c ****     __HAL_I2C_DISABLE(hi2c);
 258              		.loc 1 221 5 is_stmt 1 discriminator 2 view .LVU85
 259 0020 0168     		ldr	r1, [r0]
 260 0022 0A68     		ldr	r2, [r1]
 261 0024 22F00102 		bic	r2, r2, #1
 262 0028 0A60     		str	r2, [r1]
 222:Drivers/STM32H7xx_HAL_Driver/Src/stm32h7xx_hal_i2c_ex.c **** 
 223:Drivers/STM32H7xx_HAL_Driver/Src/stm32h7xx_hal_i2c_ex.c ****     /* Enable wakeup from stop mode */
 224:Drivers/STM32H7xx_HAL_Driver/Src/stm32h7xx_hal_i2c_ex.c ****     hi2c->Instance->CR1 |= I2C_CR1_WUPEN;
 263              		.loc 1 224 5 discriminator 2 view .LVU86
 264              		.loc 1 224 9 is_stmt 0 discriminator 2 view .LVU87
 265 002a 0168     		ldr	r1, [r0]
 266              		.loc 1 224 25 discriminator 2 view .LVU88
 267 002c 0A68     		ldr	r2, [r1]
 268 002e 42F48022 		orr	r2, r2, #262144
 269 0032 0A60     		str	r2, [r1]
 225:Drivers/STM32H7xx_HAL_Driver/Src/stm32h7xx_hal_i2c_ex.c **** 
 226:Drivers/STM32H7xx_HAL_Driver/Src/stm32h7xx_hal_i2c_ex.c ****     __HAL_I2C_ENABLE(hi2c);
 270              		.loc 1 226 5 is_stmt 1 discriminator 2 view .LVU89
 271 0034 0168     		ldr	r1, [r0]
 272 0036 0A68     		ldr	r2, [r1]
 273 0038 42F00102 		orr	r2, r2, #1
 274 003c 0A60     		str	r2, [r1]
 227:Drivers/STM32H7xx_HAL_Driver/Src/stm32h7xx_hal_i2c_ex.c **** 
 228:Drivers/STM32H7xx_HAL_Driver/Src/stm32h7xx_hal_i2c_ex.c ****     hi2c->State = HAL_I2C_STATE_READY;
 275              		.loc 1 228 5 discriminator 2 view .LVU90
 276              		.loc 1 228 17 is_stmt 0 discriminator 2 view .LVU91
 277 003e 2022     		movs	r2, #32
 278 0040 80F84120 		strb	r2, [r0, #65]
 229:Drivers/STM32H7xx_HAL_Driver/Src/stm32h7xx_hal_i2c_ex.c **** 
 230:Drivers/STM32H7xx_HAL_Driver/Src/stm32h7xx_hal_i2c_ex.c ****     /* Process Unlocked */
 231:Drivers/STM32H7xx_HAL_Driver/Src/stm32h7xx_hal_i2c_ex.c ****     __HAL_UNLOCK(hi2c);
 279              		.loc 1 231 5 is_stmt 1 discriminator 2 view .LVU92
 280              		.loc 1 231 5 discriminator 2 view .LVU93
 281 0044 0020     		movs	r0, #0
 282              	.LVL20:
 283              		.loc 1 231 5 is_stmt 0 discriminator 2 view .LVU94
 284 0046 83F84000 		strb	r0, [r3, #64]
 285              		.loc 1 231 5 is_stmt 1 discriminator 2 view .LVU95
ARM GAS  /tmp/ccD3kc0a.s 			page 10


 232:Drivers/STM32H7xx_HAL_Driver/Src/stm32h7xx_hal_i2c_ex.c **** 
 233:Drivers/STM32H7xx_HAL_Driver/Src/stm32h7xx_hal_i2c_ex.c ****     return HAL_OK;
 286              		.loc 1 233 5 discriminator 2 view .LVU96
 287              		.loc 1 233 12 is_stmt 0 discriminator 2 view .LVU97
 288 004a 7047     		bx	lr
 289              	.LVL21:
 290              	.L11:
 234:Drivers/STM32H7xx_HAL_Driver/Src/stm32h7xx_hal_i2c_ex.c ****   }
 235:Drivers/STM32H7xx_HAL_Driver/Src/stm32h7xx_hal_i2c_ex.c ****   else
 236:Drivers/STM32H7xx_HAL_Driver/Src/stm32h7xx_hal_i2c_ex.c ****   {
 237:Drivers/STM32H7xx_HAL_Driver/Src/stm32h7xx_hal_i2c_ex.c ****     return HAL_BUSY;
 291              		.loc 1 237 12 view .LVU98
 292 004c 0220     		movs	r0, #2
 293              	.LVL22:
 294              		.loc 1 237 12 view .LVU99
 295 004e 7047     		bx	lr
 296              	.LVL23:
 297              	.L12:
 216:Drivers/STM32H7xx_HAL_Driver/Src/stm32h7xx_hal_i2c_ex.c **** 
 298              		.loc 1 216 5 view .LVU100
 299 0050 0220     		movs	r0, #2
 300              	.LVL24:
 238:Drivers/STM32H7xx_HAL_Driver/Src/stm32h7xx_hal_i2c_ex.c ****   }
 239:Drivers/STM32H7xx_HAL_Driver/Src/stm32h7xx_hal_i2c_ex.c **** }
 301              		.loc 1 239 1 view .LVU101
 302 0052 7047     		bx	lr
 303              		.cfi_endproc
 304              	.LFE146:
 306              		.section	.text.HAL_I2CEx_DisableWakeUp,"ax",%progbits
 307              		.align	1
 308              		.global	HAL_I2CEx_DisableWakeUp
 309              		.syntax unified
 310              		.thumb
 311              		.thumb_func
 312              		.fpu fpv5-d16
 314              	HAL_I2CEx_DisableWakeUp:
 315              	.LVL25:
 316              	.LFB147:
 240:Drivers/STM32H7xx_HAL_Driver/Src/stm32h7xx_hal_i2c_ex.c **** 
 241:Drivers/STM32H7xx_HAL_Driver/Src/stm32h7xx_hal_i2c_ex.c **** /**
 242:Drivers/STM32H7xx_HAL_Driver/Src/stm32h7xx_hal_i2c_ex.c ****   * @brief  Disable I2C wakeup from Stop mode(s).
 243:Drivers/STM32H7xx_HAL_Driver/Src/stm32h7xx_hal_i2c_ex.c ****   * @param  hi2c Pointer to a I2C_HandleTypeDef structure that contains
 244:Drivers/STM32H7xx_HAL_Driver/Src/stm32h7xx_hal_i2c_ex.c ****   *                the configuration information for the specified I2Cx peripheral.
 245:Drivers/STM32H7xx_HAL_Driver/Src/stm32h7xx_hal_i2c_ex.c ****   * @retval HAL status
 246:Drivers/STM32H7xx_HAL_Driver/Src/stm32h7xx_hal_i2c_ex.c ****   */
 247:Drivers/STM32H7xx_HAL_Driver/Src/stm32h7xx_hal_i2c_ex.c **** HAL_StatusTypeDef HAL_I2CEx_DisableWakeUp(I2C_HandleTypeDef *hi2c)
 248:Drivers/STM32H7xx_HAL_Driver/Src/stm32h7xx_hal_i2c_ex.c **** {
 317              		.loc 1 248 1 is_stmt 1 view -0
 318              		.cfi_startproc
 319              		@ args = 0, pretend = 0, frame = 0
 320              		@ frame_needed = 0, uses_anonymous_args = 0
 321              		@ link register save eliminated.
 322              		.loc 1 248 1 is_stmt 0 view .LVU103
 323 0000 0346     		mov	r3, r0
 249:Drivers/STM32H7xx_HAL_Driver/Src/stm32h7xx_hal_i2c_ex.c ****   /* Check the parameters */
 250:Drivers/STM32H7xx_HAL_Driver/Src/stm32h7xx_hal_i2c_ex.c ****   assert_param(IS_I2C_WAKEUP_FROMSTOP_INSTANCE(hi2c->Instance));
 324              		.loc 1 250 3 is_stmt 1 view .LVU104
ARM GAS  /tmp/ccD3kc0a.s 			page 11


 251:Drivers/STM32H7xx_HAL_Driver/Src/stm32h7xx_hal_i2c_ex.c **** 
 252:Drivers/STM32H7xx_HAL_Driver/Src/stm32h7xx_hal_i2c_ex.c ****   if (hi2c->State == HAL_I2C_STATE_READY)
 325              		.loc 1 252 3 view .LVU105
 326              		.loc 1 252 11 is_stmt 0 view .LVU106
 327 0002 90F84120 		ldrb	r2, [r0, #65]	@ zero_extendqisi2
 328 0006 D2B2     		uxtb	r2, r2
 329              		.loc 1 252 6 view .LVU107
 330 0008 202A     		cmp	r2, #32
 331 000a 1FD1     		bne	.L15
 253:Drivers/STM32H7xx_HAL_Driver/Src/stm32h7xx_hal_i2c_ex.c ****   {
 254:Drivers/STM32H7xx_HAL_Driver/Src/stm32h7xx_hal_i2c_ex.c ****     /* Process Locked */
 255:Drivers/STM32H7xx_HAL_Driver/Src/stm32h7xx_hal_i2c_ex.c ****     __HAL_LOCK(hi2c);
 332              		.loc 1 255 5 is_stmt 1 view .LVU108
 333              		.loc 1 255 5 view .LVU109
 334 000c 90F84020 		ldrb	r2, [r0, #64]	@ zero_extendqisi2
 335 0010 012A     		cmp	r2, #1
 336 0012 1DD0     		beq	.L16
 337              		.loc 1 255 5 discriminator 2 view .LVU110
 338 0014 0122     		movs	r2, #1
 339 0016 80F84020 		strb	r2, [r0, #64]
 340              		.loc 1 255 5 discriminator 2 view .LVU111
 256:Drivers/STM32H7xx_HAL_Driver/Src/stm32h7xx_hal_i2c_ex.c **** 
 257:Drivers/STM32H7xx_HAL_Driver/Src/stm32h7xx_hal_i2c_ex.c ****     hi2c->State = HAL_I2C_STATE_BUSY;
 341              		.loc 1 257 5 discriminator 2 view .LVU112
 342              		.loc 1 257 17 is_stmt 0 discriminator 2 view .LVU113
 343 001a 2422     		movs	r2, #36
 344 001c 80F84120 		strb	r2, [r0, #65]
 258:Drivers/STM32H7xx_HAL_Driver/Src/stm32h7xx_hal_i2c_ex.c **** 
 259:Drivers/STM32H7xx_HAL_Driver/Src/stm32h7xx_hal_i2c_ex.c ****     /* Disable the selected I2C peripheral */
 260:Drivers/STM32H7xx_HAL_Driver/Src/stm32h7xx_hal_i2c_ex.c ****     __HAL_I2C_DISABLE(hi2c);
 345              		.loc 1 260 5 is_stmt 1 discriminator 2 view .LVU114
 346 0020 0168     		ldr	r1, [r0]
 347 0022 0A68     		ldr	r2, [r1]
 348 0024 22F00102 		bic	r2, r2, #1
 349 0028 0A60     		str	r2, [r1]
 261:Drivers/STM32H7xx_HAL_Driver/Src/stm32h7xx_hal_i2c_ex.c **** 
 262:Drivers/STM32H7xx_HAL_Driver/Src/stm32h7xx_hal_i2c_ex.c ****     /* Enable wakeup from stop mode */
 263:Drivers/STM32H7xx_HAL_Driver/Src/stm32h7xx_hal_i2c_ex.c ****     hi2c->Instance->CR1 &= ~(I2C_CR1_WUPEN);
 350              		.loc 1 263 5 discriminator 2 view .LVU115
 351              		.loc 1 263 9 is_stmt 0 discriminator 2 view .LVU116
 352 002a 0168     		ldr	r1, [r0]
 353              		.loc 1 263 25 discriminator 2 view .LVU117
 354 002c 0A68     		ldr	r2, [r1]
 355 002e 22F48022 		bic	r2, r2, #262144
 356 0032 0A60     		str	r2, [r1]
 264:Drivers/STM32H7xx_HAL_Driver/Src/stm32h7xx_hal_i2c_ex.c **** 
 265:Drivers/STM32H7xx_HAL_Driver/Src/stm32h7xx_hal_i2c_ex.c ****     __HAL_I2C_ENABLE(hi2c);
 357              		.loc 1 265 5 is_stmt 1 discriminator 2 view .LVU118
 358 0034 0168     		ldr	r1, [r0]
 359 0036 0A68     		ldr	r2, [r1]
 360 0038 42F00102 		orr	r2, r2, #1
 361 003c 0A60     		str	r2, [r1]
 266:Drivers/STM32H7xx_HAL_Driver/Src/stm32h7xx_hal_i2c_ex.c **** 
 267:Drivers/STM32H7xx_HAL_Driver/Src/stm32h7xx_hal_i2c_ex.c ****     hi2c->State = HAL_I2C_STATE_READY;
 362              		.loc 1 267 5 discriminator 2 view .LVU119
 363              		.loc 1 267 17 is_stmt 0 discriminator 2 view .LVU120
 364 003e 2022     		movs	r2, #32
ARM GAS  /tmp/ccD3kc0a.s 			page 12


 365 0040 80F84120 		strb	r2, [r0, #65]
 268:Drivers/STM32H7xx_HAL_Driver/Src/stm32h7xx_hal_i2c_ex.c **** 
 269:Drivers/STM32H7xx_HAL_Driver/Src/stm32h7xx_hal_i2c_ex.c ****     /* Process Unlocked */
 270:Drivers/STM32H7xx_HAL_Driver/Src/stm32h7xx_hal_i2c_ex.c ****     __HAL_UNLOCK(hi2c);
 366              		.loc 1 270 5 is_stmt 1 discriminator 2 view .LVU121
 367              		.loc 1 270 5 discriminator 2 view .LVU122
 368 0044 0020     		movs	r0, #0
 369              	.LVL26:
 370              		.loc 1 270 5 is_stmt 0 discriminator 2 view .LVU123
 371 0046 83F84000 		strb	r0, [r3, #64]
 372              		.loc 1 270 5 is_stmt 1 discriminator 2 view .LVU124
 271:Drivers/STM32H7xx_HAL_Driver/Src/stm32h7xx_hal_i2c_ex.c **** 
 272:Drivers/STM32H7xx_HAL_Driver/Src/stm32h7xx_hal_i2c_ex.c ****     return HAL_OK;
 373              		.loc 1 272 5 discriminator 2 view .LVU125
 374              		.loc 1 272 12 is_stmt 0 discriminator 2 view .LVU126
 375 004a 7047     		bx	lr
 376              	.LVL27:
 377              	.L15:
 273:Drivers/STM32H7xx_HAL_Driver/Src/stm32h7xx_hal_i2c_ex.c ****   }
 274:Drivers/STM32H7xx_HAL_Driver/Src/stm32h7xx_hal_i2c_ex.c ****   else
 275:Drivers/STM32H7xx_HAL_Driver/Src/stm32h7xx_hal_i2c_ex.c ****   {
 276:Drivers/STM32H7xx_HAL_Driver/Src/stm32h7xx_hal_i2c_ex.c ****     return HAL_BUSY;
 378              		.loc 1 276 12 view .LVU127
 379 004c 0220     		movs	r0, #2
 380              	.LVL28:
 381              		.loc 1 276 12 view .LVU128
 382 004e 7047     		bx	lr
 383              	.LVL29:
 384              	.L16:
 255:Drivers/STM32H7xx_HAL_Driver/Src/stm32h7xx_hal_i2c_ex.c **** 
 385              		.loc 1 255 5 view .LVU129
 386 0050 0220     		movs	r0, #2
 387              	.LVL30:
 277:Drivers/STM32H7xx_HAL_Driver/Src/stm32h7xx_hal_i2c_ex.c ****   }
 278:Drivers/STM32H7xx_HAL_Driver/Src/stm32h7xx_hal_i2c_ex.c **** }
 388              		.loc 1 278 1 view .LVU130
 389 0052 7047     		bx	lr
 390              		.cfi_endproc
 391              	.LFE147:
 393              		.section	.text.HAL_I2CEx_EnableFastModePlus,"ax",%progbits
 394              		.align	1
 395              		.global	HAL_I2CEx_EnableFastModePlus
 396              		.syntax unified
 397              		.thumb
 398              		.thumb_func
 399              		.fpu fpv5-d16
 401              	HAL_I2CEx_EnableFastModePlus:
 402              	.LVL31:
 403              	.LFB148:
 279:Drivers/STM32H7xx_HAL_Driver/Src/stm32h7xx_hal_i2c_ex.c **** /**
 280:Drivers/STM32H7xx_HAL_Driver/Src/stm32h7xx_hal_i2c_ex.c ****   * @}
 281:Drivers/STM32H7xx_HAL_Driver/Src/stm32h7xx_hal_i2c_ex.c ****   */
 282:Drivers/STM32H7xx_HAL_Driver/Src/stm32h7xx_hal_i2c_ex.c **** 
 283:Drivers/STM32H7xx_HAL_Driver/Src/stm32h7xx_hal_i2c_ex.c **** /** @defgroup I2CEx_Exported_Functions_Group3 Fast Mode Plus Functions
 284:Drivers/STM32H7xx_HAL_Driver/Src/stm32h7xx_hal_i2c_ex.c ****   * @brief    Fast Mode Plus Functions
 285:Drivers/STM32H7xx_HAL_Driver/Src/stm32h7xx_hal_i2c_ex.c ****   *
 286:Drivers/STM32H7xx_HAL_Driver/Src/stm32h7xx_hal_i2c_ex.c **** @verbatim
ARM GAS  /tmp/ccD3kc0a.s 			page 13


 287:Drivers/STM32H7xx_HAL_Driver/Src/stm32h7xx_hal_i2c_ex.c ****  ===============================================================================
 288:Drivers/STM32H7xx_HAL_Driver/Src/stm32h7xx_hal_i2c_ex.c ****                       ##### Fast Mode Plus Functions #####
 289:Drivers/STM32H7xx_HAL_Driver/Src/stm32h7xx_hal_i2c_ex.c ****  ===============================================================================
 290:Drivers/STM32H7xx_HAL_Driver/Src/stm32h7xx_hal_i2c_ex.c ****     [..] This section provides functions allowing to:
 291:Drivers/STM32H7xx_HAL_Driver/Src/stm32h7xx_hal_i2c_ex.c ****       (+) Configure Fast Mode Plus
 292:Drivers/STM32H7xx_HAL_Driver/Src/stm32h7xx_hal_i2c_ex.c **** 
 293:Drivers/STM32H7xx_HAL_Driver/Src/stm32h7xx_hal_i2c_ex.c **** @endverbatim
 294:Drivers/STM32H7xx_HAL_Driver/Src/stm32h7xx_hal_i2c_ex.c ****   * @{
 295:Drivers/STM32H7xx_HAL_Driver/Src/stm32h7xx_hal_i2c_ex.c ****   */
 296:Drivers/STM32H7xx_HAL_Driver/Src/stm32h7xx_hal_i2c_ex.c **** 
 297:Drivers/STM32H7xx_HAL_Driver/Src/stm32h7xx_hal_i2c_ex.c **** /**
 298:Drivers/STM32H7xx_HAL_Driver/Src/stm32h7xx_hal_i2c_ex.c ****   * @brief Enable the I2C fast mode plus driving capability.
 299:Drivers/STM32H7xx_HAL_Driver/Src/stm32h7xx_hal_i2c_ex.c ****   * @param ConfigFastModePlus Selects the pin.
 300:Drivers/STM32H7xx_HAL_Driver/Src/stm32h7xx_hal_i2c_ex.c ****   *   This parameter can be one of the @ref I2CEx_FastModePlus values
 301:Drivers/STM32H7xx_HAL_Driver/Src/stm32h7xx_hal_i2c_ex.c ****   * @note  For I2C1, fast mode plus driving capability can be enabled on all selected
 302:Drivers/STM32H7xx_HAL_Driver/Src/stm32h7xx_hal_i2c_ex.c ****   *        I2C1 pins using I2C_FASTMODEPLUS_I2C1 parameter or independently
 303:Drivers/STM32H7xx_HAL_Driver/Src/stm32h7xx_hal_i2c_ex.c ****   *        on each one of the following pins PB6, PB7, PB8 and PB9.
 304:Drivers/STM32H7xx_HAL_Driver/Src/stm32h7xx_hal_i2c_ex.c ****   * @note  For remaining I2C1 pins (PA14, PA15...) fast mode plus driving capability
 305:Drivers/STM32H7xx_HAL_Driver/Src/stm32h7xx_hal_i2c_ex.c ****   *        can be enabled only by using I2C_FASTMODEPLUS_I2C1 parameter.
 306:Drivers/STM32H7xx_HAL_Driver/Src/stm32h7xx_hal_i2c_ex.c ****   * @note  For all I2C2 pins fast mode plus driving capability can be enabled
 307:Drivers/STM32H7xx_HAL_Driver/Src/stm32h7xx_hal_i2c_ex.c ****   *        only by using I2C_FASTMODEPLUS_I2C2 parameter.
 308:Drivers/STM32H7xx_HAL_Driver/Src/stm32h7xx_hal_i2c_ex.c ****   * @note  For all I2C3 pins fast mode plus driving capability can be enabled
 309:Drivers/STM32H7xx_HAL_Driver/Src/stm32h7xx_hal_i2c_ex.c ****   *        only by using I2C_FASTMODEPLUS_I2C3 parameter.
 310:Drivers/STM32H7xx_HAL_Driver/Src/stm32h7xx_hal_i2c_ex.c ****   * @note  For all I2C4 pins fast mode plus driving capability can be enabled
 311:Drivers/STM32H7xx_HAL_Driver/Src/stm32h7xx_hal_i2c_ex.c ****   *        only by using I2C_FASTMODEPLUS_I2C4 parameter.
 312:Drivers/STM32H7xx_HAL_Driver/Src/stm32h7xx_hal_i2c_ex.c ****   * @note  For all I2C5 pins fast mode plus driving capability can be enabled
 313:Drivers/STM32H7xx_HAL_Driver/Src/stm32h7xx_hal_i2c_ex.c ****   *        only by using I2C_FASTMODEPLUS_I2C5 parameter.
 314:Drivers/STM32H7xx_HAL_Driver/Src/stm32h7xx_hal_i2c_ex.c ****   * @retval None
 315:Drivers/STM32H7xx_HAL_Driver/Src/stm32h7xx_hal_i2c_ex.c ****   */
 316:Drivers/STM32H7xx_HAL_Driver/Src/stm32h7xx_hal_i2c_ex.c **** void HAL_I2CEx_EnableFastModePlus(uint32_t ConfigFastModePlus)
 317:Drivers/STM32H7xx_HAL_Driver/Src/stm32h7xx_hal_i2c_ex.c **** {
 404              		.loc 1 317 1 is_stmt 1 view -0
 405              		.cfi_startproc
 406              		@ args = 0, pretend = 0, frame = 8
 407              		@ frame_needed = 0, uses_anonymous_args = 0
 408              		@ link register save eliminated.
 409              		.loc 1 317 1 is_stmt 0 view .LVU132
 410 0000 82B0     		sub	sp, sp, #8
 411              	.LCFI0:
 412              		.cfi_def_cfa_offset 8
 318:Drivers/STM32H7xx_HAL_Driver/Src/stm32h7xx_hal_i2c_ex.c ****   /* Check the parameter */
 319:Drivers/STM32H7xx_HAL_Driver/Src/stm32h7xx_hal_i2c_ex.c ****   assert_param(IS_I2C_FASTMODEPLUS(ConfigFastModePlus));
 413              		.loc 1 319 3 is_stmt 1 view .LVU133
 320:Drivers/STM32H7xx_HAL_Driver/Src/stm32h7xx_hal_i2c_ex.c **** 
 321:Drivers/STM32H7xx_HAL_Driver/Src/stm32h7xx_hal_i2c_ex.c ****   /* Enable SYSCFG clock */
 322:Drivers/STM32H7xx_HAL_Driver/Src/stm32h7xx_hal_i2c_ex.c ****   __HAL_RCC_SYSCFG_CLK_ENABLE();
 414              		.loc 1 322 3 view .LVU134
 415              	.LBB2:
 416              		.loc 1 322 3 view .LVU135
 417              		.loc 1 322 3 view .LVU136
 418 0002 094B     		ldr	r3, .L19
 419 0004 D3F8F420 		ldr	r2, [r3, #244]
 420 0008 42F00202 		orr	r2, r2, #2
 421 000c C3F8F420 		str	r2, [r3, #244]
 422              		.loc 1 322 3 view .LVU137
 423 0010 D3F8F430 		ldr	r3, [r3, #244]
 424 0014 03F00203 		and	r3, r3, #2
ARM GAS  /tmp/ccD3kc0a.s 			page 14


 425 0018 0193     		str	r3, [sp, #4]
 426              		.loc 1 322 3 view .LVU138
 427 001a 019B     		ldr	r3, [sp, #4]
 428              	.LBE2:
 429              		.loc 1 322 3 view .LVU139
 323:Drivers/STM32H7xx_HAL_Driver/Src/stm32h7xx_hal_i2c_ex.c **** 
 324:Drivers/STM32H7xx_HAL_Driver/Src/stm32h7xx_hal_i2c_ex.c ****   /* Enable fast mode plus driving capability for selected pin */
 325:Drivers/STM32H7xx_HAL_Driver/Src/stm32h7xx_hal_i2c_ex.c ****   SET_BIT(SYSCFG->PMCR, (uint32_t)ConfigFastModePlus);
 430              		.loc 1 325 3 view .LVU140
 431 001c 034A     		ldr	r2, .L19+4
 432 001e 5368     		ldr	r3, [r2, #4]
 433 0020 0343     		orrs	r3, r3, r0
 434 0022 5360     		str	r3, [r2, #4]
 326:Drivers/STM32H7xx_HAL_Driver/Src/stm32h7xx_hal_i2c_ex.c **** }
 435              		.loc 1 326 1 is_stmt 0 view .LVU141
 436 0024 02B0     		add	sp, sp, #8
 437              	.LCFI1:
 438              		.cfi_def_cfa_offset 0
 439              		@ sp needed
 440 0026 7047     		bx	lr
 441              	.L20:
 442              		.align	2
 443              	.L19:
 444 0028 00440258 		.word	1476543488
 445 002c 00040058 		.word	1476396032
 446              		.cfi_endproc
 447              	.LFE148:
 449              		.section	.text.HAL_I2CEx_DisableFastModePlus,"ax",%progbits
 450              		.align	1
 451              		.global	HAL_I2CEx_DisableFastModePlus
 452              		.syntax unified
 453              		.thumb
 454              		.thumb_func
 455              		.fpu fpv5-d16
 457              	HAL_I2CEx_DisableFastModePlus:
 458              	.LVL32:
 459              	.LFB149:
 327:Drivers/STM32H7xx_HAL_Driver/Src/stm32h7xx_hal_i2c_ex.c **** 
 328:Drivers/STM32H7xx_HAL_Driver/Src/stm32h7xx_hal_i2c_ex.c **** /**
 329:Drivers/STM32H7xx_HAL_Driver/Src/stm32h7xx_hal_i2c_ex.c ****   * @brief Disable the I2C fast mode plus driving capability.
 330:Drivers/STM32H7xx_HAL_Driver/Src/stm32h7xx_hal_i2c_ex.c ****   * @param ConfigFastModePlus Selects the pin.
 331:Drivers/STM32H7xx_HAL_Driver/Src/stm32h7xx_hal_i2c_ex.c ****   *   This parameter can be one of the @ref I2CEx_FastModePlus values
 332:Drivers/STM32H7xx_HAL_Driver/Src/stm32h7xx_hal_i2c_ex.c ****   * @note  For I2C1, fast mode plus driving capability can be disabled on all selected
 333:Drivers/STM32H7xx_HAL_Driver/Src/stm32h7xx_hal_i2c_ex.c ****   *        I2C1 pins using I2C_FASTMODEPLUS_I2C1 parameter or independently
 334:Drivers/STM32H7xx_HAL_Driver/Src/stm32h7xx_hal_i2c_ex.c ****   *        on each one of the following pins PB6, PB7, PB8 and PB9.
 335:Drivers/STM32H7xx_HAL_Driver/Src/stm32h7xx_hal_i2c_ex.c ****   * @note  For remaining I2C1 pins (PA14, PA15...) fast mode plus driving capability
 336:Drivers/STM32H7xx_HAL_Driver/Src/stm32h7xx_hal_i2c_ex.c ****   *        can be disabled only by using I2C_FASTMODEPLUS_I2C1 parameter.
 337:Drivers/STM32H7xx_HAL_Driver/Src/stm32h7xx_hal_i2c_ex.c ****   * @note  For all I2C2 pins fast mode plus driving capability can be disabled
 338:Drivers/STM32H7xx_HAL_Driver/Src/stm32h7xx_hal_i2c_ex.c ****   *        only by using I2C_FASTMODEPLUS_I2C2 parameter.
 339:Drivers/STM32H7xx_HAL_Driver/Src/stm32h7xx_hal_i2c_ex.c ****   * @note  For all I2C3 pins fast mode plus driving capability can be disabled
 340:Drivers/STM32H7xx_HAL_Driver/Src/stm32h7xx_hal_i2c_ex.c ****   *        only by using I2C_FASTMODEPLUS_I2C3 parameter.
 341:Drivers/STM32H7xx_HAL_Driver/Src/stm32h7xx_hal_i2c_ex.c ****   * @note  For all I2C4 pins fast mode plus driving capability can be disabled
 342:Drivers/STM32H7xx_HAL_Driver/Src/stm32h7xx_hal_i2c_ex.c ****   *        only by using I2C_FASTMODEPLUS_I2C4 parameter.
 343:Drivers/STM32H7xx_HAL_Driver/Src/stm32h7xx_hal_i2c_ex.c ****   * @note  For all I2C5 pins fast mode plus driving capability can be disabled
 344:Drivers/STM32H7xx_HAL_Driver/Src/stm32h7xx_hal_i2c_ex.c ****   *        only by using I2C_FASTMODEPLUS_I2C5 parameter.
 345:Drivers/STM32H7xx_HAL_Driver/Src/stm32h7xx_hal_i2c_ex.c ****   * @retval None
 346:Drivers/STM32H7xx_HAL_Driver/Src/stm32h7xx_hal_i2c_ex.c ****   */
ARM GAS  /tmp/ccD3kc0a.s 			page 15


 347:Drivers/STM32H7xx_HAL_Driver/Src/stm32h7xx_hal_i2c_ex.c **** void HAL_I2CEx_DisableFastModePlus(uint32_t ConfigFastModePlus)
 348:Drivers/STM32H7xx_HAL_Driver/Src/stm32h7xx_hal_i2c_ex.c **** {
 460              		.loc 1 348 1 is_stmt 1 view -0
 461              		.cfi_startproc
 462              		@ args = 0, pretend = 0, frame = 8
 463              		@ frame_needed = 0, uses_anonymous_args = 0
 464              		@ link register save eliminated.
 465              		.loc 1 348 1 is_stmt 0 view .LVU143
 466 0000 82B0     		sub	sp, sp, #8
 467              	.LCFI2:
 468              		.cfi_def_cfa_offset 8
 349:Drivers/STM32H7xx_HAL_Driver/Src/stm32h7xx_hal_i2c_ex.c ****   /* Check the parameter */
 350:Drivers/STM32H7xx_HAL_Driver/Src/stm32h7xx_hal_i2c_ex.c ****   assert_param(IS_I2C_FASTMODEPLUS(ConfigFastModePlus));
 469              		.loc 1 350 3 is_stmt 1 view .LVU144
 351:Drivers/STM32H7xx_HAL_Driver/Src/stm32h7xx_hal_i2c_ex.c **** 
 352:Drivers/STM32H7xx_HAL_Driver/Src/stm32h7xx_hal_i2c_ex.c ****   /* Enable SYSCFG clock */
 353:Drivers/STM32H7xx_HAL_Driver/Src/stm32h7xx_hal_i2c_ex.c ****   __HAL_RCC_SYSCFG_CLK_ENABLE();
 470              		.loc 1 353 3 view .LVU145
 471              	.LBB3:
 472              		.loc 1 353 3 view .LVU146
 473              		.loc 1 353 3 view .LVU147
 474 0002 0A4B     		ldr	r3, .L23
 475 0004 D3F8F420 		ldr	r2, [r3, #244]
 476 0008 42F00202 		orr	r2, r2, #2
 477 000c C3F8F420 		str	r2, [r3, #244]
 478              		.loc 1 353 3 view .LVU148
 479 0010 D3F8F430 		ldr	r3, [r3, #244]
 480 0014 03F00203 		and	r3, r3, #2
 481 0018 0193     		str	r3, [sp, #4]
 482              		.loc 1 353 3 view .LVU149
 483 001a 019B     		ldr	r3, [sp, #4]
 484              	.LBE3:
 485              		.loc 1 353 3 view .LVU150
 354:Drivers/STM32H7xx_HAL_Driver/Src/stm32h7xx_hal_i2c_ex.c **** 
 355:Drivers/STM32H7xx_HAL_Driver/Src/stm32h7xx_hal_i2c_ex.c ****   /* Disable fast mode plus driving capability for selected pin */
 356:Drivers/STM32H7xx_HAL_Driver/Src/stm32h7xx_hal_i2c_ex.c ****   CLEAR_BIT(SYSCFG->PMCR, (uint32_t)ConfigFastModePlus);
 486              		.loc 1 356 3 view .LVU151
 487 001c 044A     		ldr	r2, .L23+4
 488 001e 5368     		ldr	r3, [r2, #4]
 489 0020 23EA0003 		bic	r3, r3, r0
 490 0024 5360     		str	r3, [r2, #4]
 357:Drivers/STM32H7xx_HAL_Driver/Src/stm32h7xx_hal_i2c_ex.c **** }
 491              		.loc 1 357 1 is_stmt 0 view .LVU152
 492 0026 02B0     		add	sp, sp, #8
 493              	.LCFI3:
 494              		.cfi_def_cfa_offset 0
 495              		@ sp needed
 496 0028 7047     		bx	lr
 497              	.L24:
 498 002a 00BF     		.align	2
 499              	.L23:
 500 002c 00440258 		.word	1476543488
 501 0030 00040058 		.word	1476396032
 502              		.cfi_endproc
 503              	.LFE149:
 505              		.text
 506              	.Letext0:
ARM GAS  /tmp/ccD3kc0a.s 			page 16


 507              		.file 2 "/usr/arm-none-eabi/include/machine/_default_types.h"
 508              		.file 3 "/usr/arm-none-eabi/include/sys/_stdint.h"
 509              		.file 4 "Drivers/CMSIS/Device/ST/STM32H7xx/Include/stm32h750xx.h"
 510              		.file 5 "Drivers/STM32H7xx_HAL_Driver/Inc/stm32h7xx_hal_def.h"
 511              		.file 6 "Drivers/STM32H7xx_HAL_Driver/Inc/stm32h7xx_hal_dma.h"
 512              		.file 7 "Drivers/STM32H7xx_HAL_Driver/Inc/stm32h7xx_hal_i2c.h"
ARM GAS  /tmp/ccD3kc0a.s 			page 17


DEFINED SYMBOLS
                            *ABS*:0000000000000000 stm32h7xx_hal_i2c_ex.c
     /tmp/ccD3kc0a.s:17     .text.HAL_I2CEx_ConfigAnalogFilter:0000000000000000 $t
     /tmp/ccD3kc0a.s:25     .text.HAL_I2CEx_ConfigAnalogFilter:0000000000000000 HAL_I2CEx_ConfigAnalogFilter
     /tmp/ccD3kc0a.s:116    .text.HAL_I2CEx_ConfigDigitalFilter:0000000000000000 $t
     /tmp/ccD3kc0a.s:123    .text.HAL_I2CEx_ConfigDigitalFilter:0000000000000000 HAL_I2CEx_ConfigDigitalFilter
     /tmp/ccD3kc0a.s:220    .text.HAL_I2CEx_EnableWakeUp:0000000000000000 $t
     /tmp/ccD3kc0a.s:227    .text.HAL_I2CEx_EnableWakeUp:0000000000000000 HAL_I2CEx_EnableWakeUp
     /tmp/ccD3kc0a.s:307    .text.HAL_I2CEx_DisableWakeUp:0000000000000000 $t
     /tmp/ccD3kc0a.s:314    .text.HAL_I2CEx_DisableWakeUp:0000000000000000 HAL_I2CEx_DisableWakeUp
     /tmp/ccD3kc0a.s:394    .text.HAL_I2CEx_EnableFastModePlus:0000000000000000 $t
     /tmp/ccD3kc0a.s:401    .text.HAL_I2CEx_EnableFastModePlus:0000000000000000 HAL_I2CEx_EnableFastModePlus
     /tmp/ccD3kc0a.s:444    .text.HAL_I2CEx_EnableFastModePlus:0000000000000028 $d
     /tmp/ccD3kc0a.s:450    .text.HAL_I2CEx_DisableFastModePlus:0000000000000000 $t
     /tmp/ccD3kc0a.s:457    .text.HAL_I2CEx_DisableFastModePlus:0000000000000000 HAL_I2CEx_DisableFastModePlus
     /tmp/ccD3kc0a.s:500    .text.HAL_I2CEx_DisableFastModePlus:000000000000002c $d

NO UNDEFINED SYMBOLS
