ARM GAS  /tmp/ccmZMnN7.s 			page 1


   1              		.cpu cortex-m7
   2              		.arch armv7e-m
   3              		.fpu fpv5-d16
   4              		.eabi_attribute 28, 1
   5              		.eabi_attribute 20, 1
   6              		.eabi_attribute 21, 1
   7              		.eabi_attribute 23, 3
   8              		.eabi_attribute 24, 1
   9              		.eabi_attribute 25, 1
  10              		.eabi_attribute 26, 1
  11              		.eabi_attribute 30, 1
  12              		.eabi_attribute 34, 1
  13              		.eabi_attribute 18, 4
  14              		.file	"abort_hotfire.c"
  15              		.text
  16              	.Ltext0:
  17              		.cfi_sections	.debug_frame
  18              		.file 1 "abort_hotfire.c"
  19              		.section	.text.run_abort_state,"ax",%progbits
  20              		.align	1
  21              		.global	run_abort_state
  22              		.syntax unified
  23              		.thumb
  24              		.thumb_func
  26              	run_abort_state:
  27              	.LFB333:
   1:abort_hotfire.c **** /*******************************************************************************
   2:abort_hotfire.c **** *
   3:abort_hotfire.c **** * FILE: 
   4:abort_hotfire.c **** * 		abort_hotfire.c
   5:abort_hotfire.c **** *
   6:abort_hotfire.c **** * DESCRIPTION: 
   7:abort_hotfire.c **** * 	    Aborts the hotfire in case of emergency 
   8:abort_hotfire.c **** *
   9:abort_hotfire.c **** *******************************************************************************/
  10:abort_hotfire.c **** 
  11:abort_hotfire.c **** 
  12:abort_hotfire.c **** /*------------------------------------------------------------------------------
  13:abort_hotfire.c ****  Standard Includes                                                              
  14:abort_hotfire.c **** ------------------------------------------------------------------------------*/
  15:abort_hotfire.c **** 
  16:abort_hotfire.c **** 
  17:abort_hotfire.c **** /*------------------------------------------------------------------------------
  18:abort_hotfire.c ****  Project Includes                                                              
  19:abort_hotfire.c **** ------------------------------------------------------------------------------*/
  20:abort_hotfire.c **** #include "main.h"
  21:abort_hotfire.c **** #include "valve_control.h"
  22:abort_hotfire.c **** #include "led.h"
  23:abort_hotfire.c **** 
  24:abort_hotfire.c **** 
  25:abort_hotfire.c **** /*------------------------------------------------------------------------------
  26:abort_hotfire.c ****  Public Functions 
  27:abort_hotfire.c **** ------------------------------------------------------------------------------*/
  28:abort_hotfire.c **** 
  29:abort_hotfire.c **** 
  30:abort_hotfire.c **** /*******************************************************************************
  31:abort_hotfire.c **** *                                                                              *
ARM GAS  /tmp/ccmZMnN7.s 			page 2


  32:abort_hotfire.c **** * PROCEDURE:                                                                   *
  33:abort_hotfire.c **** * 		run_abort_state                                                        *
  34:abort_hotfire.c **** *                                                                              *
  35:abort_hotfire.c **** * DESCRIPTION:                                                                 *
  36:abort_hotfire.c **** *       Abort the engine hotfire                                               *
  37:abort_hotfire.c **** *                                                                              *
  38:abort_hotfire.c **** *******************************************************************************/
  39:abort_hotfire.c **** void run_abort_state 
  40:abort_hotfire.c ****     (
  41:abort_hotfire.c ****     void
  42:abort_hotfire.c ****     )
  43:abort_hotfire.c **** {
  28              		.loc 1 43 1 view -0
  29              		.cfi_startproc
  30              		@ Volatile: function does not return.
  31              		@ args = 0, pretend = 0, frame = 0
  32              		@ frame_needed = 0, uses_anonymous_args = 0
  33 0000 08B5     		push	{r3, lr}
  34              	.LCFI0:
  35              		.cfi_def_cfa_offset 8
  36              		.cfi_offset 3, -8
  37              		.cfi_offset 14, -4
  44:abort_hotfire.c **** /* Purge */
  45:abort_hotfire.c **** vc_close_main_valves( MAIN_VALVE_BOTH_MAINS );
  38              		.loc 1 45 1 view .LVU1
  39 0002 0220     		movs	r0, #2
  40 0004 FFF7FEFF 		bl	vc_close_main_valves
  41              	.LVL0:
  46:abort_hotfire.c **** vc_close_solenoids( SOLENOID_LOX_PRESS | SOLENOID_FUEL_PRESS );
  42              		.loc 1 46 1 view .LVU2
  43 0008 0320     		movs	r0, #3
  44 000a FFF7FEFF 		bl	vc_close_solenoids
  45              	.LVL1:
  47:abort_hotfire.c **** vc_open_solenoids( SOLENOID_LOX_VENT | SOLENOID_FUEL_VENT );
  46              		.loc 1 47 1 view .LVU3
  47 000e 0C20     		movs	r0, #12
  48 0010 FFF7FEFF 		bl	vc_open_solenoids
  49              	.LVL2:
  48:abort_hotfire.c **** vc_open_solenoids( SOLENOID_LOX_PURGE | SOLENOID_FUEL_PURGE );
  50              		.loc 1 48 1 view .LVU4
  51 0014 3020     		movs	r0, #48
  52 0016 FFF7FEFF 		bl	vc_open_solenoids
  53              	.LVL3:
  49:abort_hotfire.c **** HAL_Delay( POSTFIRE_PURGE_DURATION );
  54              		.loc 1 49 1 view .LVU5
  55 001a 4FF4FA50 		mov	r0, #8000
  56 001e FFF7FEFF 		bl	HAL_Delay
  57              	.LVL4:
  50:abort_hotfire.c **** 
  51:abort_hotfire.c **** /* Safe State */
  52:abort_hotfire.c **** vc_close_solenoids( SOLENOID_LOX_PURGE | SOLENOID_FUEL_PURGE );
  58              		.loc 1 52 1 view .LVU6
  59 0022 3020     		movs	r0, #48
  60 0024 FFF7FEFF 		bl	vc_close_solenoids
  61              	.LVL5:
  53:abort_hotfire.c **** led_set_color( LED_RED );
  62              		.loc 1 53 1 view .LVU7
ARM GAS  /tmp/ccmZMnN7.s 			page 3


  63 0028 0220     		movs	r0, #2
  64 002a FFF7FEFF 		bl	led_set_color
  65              	.LVL6:
  66              	.L2:
  54:abort_hotfire.c **** while ( 1 ) 
  67              		.loc 1 54 1 discriminator 1 view .LVU8
  55:abort_hotfire.c ****     {
  56:abort_hotfire.c ****      /* Idle */
  57:abort_hotfire.c ****     };
  68              		.loc 1 57 5 discriminator 1 view .LVU9
  54:abort_hotfire.c **** while ( 1 ) 
  69              		.loc 1 54 7 discriminator 1 view .LVU10
  70 002e FEE7     		b	.L2
  71              		.cfi_endproc
  72              	.LFE333:
  74              		.text
  75              	.Letext0:
  76              		.file 2 "/usr/lib/gcc/arm-none-eabi/12.2.1/include/stdint.h"
  77              		.file 3 "valve_control.h"
  78              		.file 4 "../../../mod/led/led.h"
  79              		.file 5 "../../../lib/Drivers/STM32H7xx_HAL_Driver/Inc/stm32h7xx_hal.h"
ARM GAS  /tmp/ccmZMnN7.s 			page 4


DEFINED SYMBOLS
                            *ABS*:0000000000000000 abort_hotfire.c
     /tmp/ccmZMnN7.s:20     .text.run_abort_state:0000000000000000 $t
     /tmp/ccmZMnN7.s:26     .text.run_abort_state:0000000000000000 run_abort_state

UNDEFINED SYMBOLS
vc_close_main_valves
vc_close_solenoids
vc_open_solenoids
HAL_Delay
led_set_color
