ARM GAS  /tmp/ccP1NOm8.s 			page 1


   1              		.cpu cortex-m7
   2              		.arch armv7e-m
   3              		.fpu fpv5-d16
   4              		.eabi_attribute 28, 1
   5              		.eabi_attribute 20, 1
   6              		.eabi_attribute 21, 1
   7              		.eabi_attribute 23, 3
   8              		.eabi_attribute 24, 1
   9              		.eabi_attribute 25, 1
  10              		.eabi_attribute 26, 1
  11              		.eabi_attribute 30, 1
  12              		.eabi_attribute 34, 1
  13              		.eabi_attribute 18, 4
  14              		.file	"commands.c"
  15              		.text
  16              	.Ltext0:
  17              		.cfi_sections	.debug_frame
  18              		.file 1 "../../../mod/commands/commands.c"
  19              		.section	.text.ping,"ax",%progbits
  20              		.align	1
  21              		.global	ping
  22              		.syntax unified
  23              		.thumb
  24              		.thumb_func
  26              	ping:
  27              	.LFB333:
   1:../../../mod/commands/commands.c **** /*******************************************************************************
   2:../../../mod/commands/commands.c **** *
   3:../../../mod/commands/commands.c **** * FILE: 
   4:../../../mod/commands/commands.c **** * 		commands.c
   5:../../../mod/commands/commands.c **** *
   6:../../../mod/commands/commands.c **** * DESCRIPTION: 
   7:../../../mod/commands/commands.c **** * 		Contains general command functions common to all embedded controllers
   8:../../../mod/commands/commands.c **** *
   9:../../../mod/commands/commands.c **** *******************************************************************************/
  10:../../../mod/commands/commands.c **** 
  11:../../../mod/commands/commands.c **** 
  12:../../../mod/commands/commands.c **** /*------------------------------------------------------------------------------
  13:../../../mod/commands/commands.c ****  Standard Includes                                                               
  14:../../../mod/commands/commands.c **** ------------------------------------------------------------------------------*/
  15:../../../mod/commands/commands.c **** #include <stdbool.h>
  16:../../../mod/commands/commands.c **** 
  17:../../../mod/commands/commands.c **** /*------------------------------------------------------------------------------
  18:../../../mod/commands/commands.c ****  Project Includes                                                               
  19:../../../mod/commands/commands.c **** ------------------------------------------------------------------------------*/
  20:../../../mod/commands/commands.c **** #include "main.h"
  21:../../../mod/commands/commands.c **** #include "commands.h"
  22:../../../mod/commands/commands.c **** #ifdef USE_RS485
  23:../../../mod/commands/commands.c ****     #include "rs485.h"
  24:../../../mod/commands/commands.c **** #endif
  25:../../../mod/commands/commands.c **** #include "usb.h"
  26:../../../mod/commands/commands.c **** #ifdef VALVE_CONTROLLER
  27:../../../mod/commands/commands.c ****     #include "valve.h"
  28:../../../mod/commands/commands.c **** #endif
  29:../../../mod/commands/commands.c **** 
  30:../../../mod/commands/commands.c **** 
  31:../../../mod/commands/commands.c **** /*------------------------------------------------------------------------------
ARM GAS  /tmp/ccP1NOm8.s 			page 2


  32:../../../mod/commands/commands.c ****  Procedures 
  33:../../../mod/commands/commands.c **** ------------------------------------------------------------------------------*/
  34:../../../mod/commands/commands.c **** 
  35:../../../mod/commands/commands.c **** 
  36:../../../mod/commands/commands.c **** /*******************************************************************************
  37:../../../mod/commands/commands.c **** *                                                                              *
  38:../../../mod/commands/commands.c **** * PROCEDURE:                                                                   * 
  39:../../../mod/commands/commands.c **** * 		ping                                                                   *
  40:../../../mod/commands/commands.c **** *                                                                              *
  41:../../../mod/commands/commands.c **** * DESCRIPTION:                                                                 * 
  42:../../../mod/commands/commands.c **** * 		Sends a 1 byte response back to host PC to signal a functioning        * 
  43:../../../mod/commands/commands.c **** *       serial connection                                                      *
  44:../../../mod/commands/commands.c **** *                                                                              *
  45:../../../mod/commands/commands.c **** *******************************************************************************/
  46:../../../mod/commands/commands.c **** void ping
  47:../../../mod/commands/commands.c ****     (
  48:../../../mod/commands/commands.c ****     #ifndef VALVE_CONTROLLER
  49:../../../mod/commands/commands.c ****         void
  50:../../../mod/commands/commands.c ****     #else
  51:../../../mod/commands/commands.c ****         CMD_SOURCE cmd_source
  52:../../../mod/commands/commands.c ****     #endif
  53:../../../mod/commands/commands.c ****     )
  54:../../../mod/commands/commands.c **** {
  28              		.loc 1 54 1 view -0
  29              		.cfi_startproc
  30              		@ args = 0, pretend = 0, frame = 8
  31              		@ frame_needed = 0, uses_anonymous_args = 0
  32 0000 00B5     		push	{lr}
  33              	.LCFI0:
  34              		.cfi_def_cfa_offset 4
  35              		.cfi_offset 14, -4
  36 0002 83B0     		sub	sp, sp, #12
  37              	.LCFI1:
  38              		.cfi_def_cfa_offset 16
  55:../../../mod/commands/commands.c **** /*------------------------------------------------------------------------------
  56:../../../mod/commands/commands.c ****  Local variables                                                                     
  57:../../../mod/commands/commands.c **** ------------------------------------------------------------------------------*/
  58:../../../mod/commands/commands.c **** uint8_t    response;   /* A0002 Response Code */
  39              		.loc 1 58 1 view .LVU1
  59:../../../mod/commands/commands.c **** 
  60:../../../mod/commands/commands.c **** 
  61:../../../mod/commands/commands.c **** /*------------------------------------------------------------------------------
  62:../../../mod/commands/commands.c ****  Initializations 
  63:../../../mod/commands/commands.c **** ------------------------------------------------------------------------------*/
  64:../../../mod/commands/commands.c **** response = PING_RESPONSE_CODE; /* Code specific to board and revision */
  40              		.loc 1 64 1 view .LVU2
  41              		.loc 1 64 10 is_stmt 0 view .LVU3
  42 0004 0823     		movs	r3, #8
  43 0006 8DF80730 		strb	r3, [sp, #7]
  65:../../../mod/commands/commands.c **** 
  66:../../../mod/commands/commands.c **** 
  67:../../../mod/commands/commands.c **** 
  68:../../../mod/commands/commands.c **** /*------------------------------------------------------------------------------
  69:../../../mod/commands/commands.c ****  Command Implementation                                                         
  70:../../../mod/commands/commands.c **** ------------------------------------------------------------------------------*/
  71:../../../mod/commands/commands.c **** #ifdef VALVE_CONTROLLER 
  72:../../../mod/commands/commands.c ****     if ( cmd_source == CMD_SOURCE_USB )
ARM GAS  /tmp/ccP1NOm8.s 			page 3


  73:../../../mod/commands/commands.c ****         {
  74:../../../mod/commands/commands.c ****         usb_transmit( &response         , 
  75:../../../mod/commands/commands.c ****                       sizeof( response ), 
  76:../../../mod/commands/commands.c ****                       HAL_DEFAULT_TIMEOUT );
  77:../../../mod/commands/commands.c ****         }
  78:../../../mod/commands/commands.c ****     else
  79:../../../mod/commands/commands.c ****         {
  80:../../../mod/commands/commands.c ****         valve_transmit( &response         , 
  81:../../../mod/commands/commands.c ****                         sizeof( response ), 
  82:../../../mod/commands/commands.c ****                         HAL_DEFAULT_TIMEOUT );
  83:../../../mod/commands/commands.c ****         }
  84:../../../mod/commands/commands.c **** 
  85:../../../mod/commands/commands.c **** #elifdef ENGINE_CONTROLLER
  86:../../../mod/commands/commands.c ****     #if defined( USE_RS485 )
  87:../../../mod/commands/commands.c ****         rs485_transmit( &response, sizeof( response ), RS485_DEFAULT_TIMEOUT );
  88:../../../mod/commands/commands.c ****     #else
  89:../../../mod/commands/commands.c ****         usb_transmit( &response, sizeof( response ), HAL_DEFAULT_TIMEOUT );
  44              		.loc 1 89 9 is_stmt 1 view .LVU4
  45 000a 0A22     		movs	r2, #10
  46 000c 0121     		movs	r1, #1
  47 000e 0DF10700 		add	r0, sp, #7
  48 0012 FFF7FEFF 		bl	usb_transmit
  49              	.LVL0:
  90:../../../mod/commands/commands.c ****     #endif
  91:../../../mod/commands/commands.c **** 
  92:../../../mod/commands/commands.c **** #else
  93:../../../mod/commands/commands.c **** 
  94:../../../mod/commands/commands.c ****     usb_transmit( &response, sizeof( response ), HAL_DEFAULT_TIMEOUT );
  95:../../../mod/commands/commands.c **** 
  96:../../../mod/commands/commands.c **** #endif
  97:../../../mod/commands/commands.c **** 
  98:../../../mod/commands/commands.c **** } /* ping */
  50              		.loc 1 98 1 is_stmt 0 view .LVU5
  51 0016 03B0     		add	sp, sp, #12
  52              	.LCFI2:
  53              		.cfi_def_cfa_offset 4
  54              		@ sp needed
  55 0018 5DF804FB 		ldr	pc, [sp], #4
  56              		.cfi_endproc
  57              	.LFE333:
  59              		.text
  60              	.Letext0:
  61              		.file 2 "/usr/lib/gcc/arm-none-eabi/12.2.1/include/stdint.h"
  62              		.file 3 "/usr/lib/gcc/arm-none-eabi/12.2.1/include/stddef.h"
  63              		.file 4 "../../../mod/usb/usb.h"
ARM GAS  /tmp/ccP1NOm8.s 			page 4


DEFINED SYMBOLS
                            *ABS*:0000000000000000 commands.c
     /tmp/ccP1NOm8.s:20     .text.ping:0000000000000000 $t
     /tmp/ccP1NOm8.s:26     .text.ping:0000000000000000 ping

UNDEFINED SYMBOLS
usb_transmit
