ARM GAS  /tmp/ccG1L2h2.s 			page 1


   1              		.cpu cortex-m7
   2              		.arch armv7e-m
   3              		.fpu fpv5-d16
   4              		.eabi_attribute 28, 1
   5              		.eabi_attribute 20, 1
   6              		.eabi_attribute 21, 1
   7              		.eabi_attribute 23, 3
   8              		.eabi_attribute 24, 1
   9              		.eabi_attribute 25, 1
  10              		.eabi_attribute 26, 1
  11              		.eabi_attribute 30, 1
  12              		.eabi_attribute 34, 1
  13              		.eabi_attribute 18, 4
  14              		.file	"manual.c"
  15              		.text
  16              	.Ltext0:
  17              		.cfi_sections	.debug_frame
  18              		.file 1 "manual.c"
  19              		.section	.text.run_manual_state,"ax",%progbits
  20              		.align	1
  21              		.global	run_manual_state
  22              		.syntax unified
  23              		.thumb
  24              		.thumb_func
  26              	run_manual_state:
  27              	.LFB333:
   1:manual.c      **** /*******************************************************************************
   2:manual.c      **** *
   3:manual.c      **** * FILE: 
   4:manual.c      **** * 		manual.c
   5:manual.c      **** *
   6:manual.c      **** * DESCRIPTION: 
   7:manual.c      **** * 	    Provides manual control over engine valves for troubleshooting 
   8:manual.c      **** *
   9:manual.c      **** *******************************************************************************/
  10:manual.c      **** 
  11:manual.c      **** 
  12:manual.c      **** /*------------------------------------------------------------------------------
  13:manual.c      ****  Standard Includes                                                              
  14:manual.c      **** ------------------------------------------------------------------------------*/
  15:manual.c      **** 
  16:manual.c      **** 
  17:manual.c      **** /*------------------------------------------------------------------------------
  18:manual.c      ****  Project Includes                                                              
  19:manual.c      **** ------------------------------------------------------------------------------*/
  20:manual.c      **** #include "main.h"
  21:manual.c      **** #include "led.h"
  22:manual.c      **** 
  23:manual.c      **** /*------------------------------------------------------------------------------
  24:manual.c      ****  Gloabl Variables 
  25:manual.c      **** ------------------------------------------------------------------------------*/
  26:manual.c      **** volatile extern FSM_STATE fsm_state;
  27:manual.c      **** 
  28:manual.c      **** /*------------------------------------------------------------------------------
  29:manual.c      ****  Public Functions 
  30:manual.c      **** ------------------------------------------------------------------------------*/
  31:manual.c      **** 
ARM GAS  /tmp/ccG1L2h2.s 			page 2


  32:manual.c      **** 
  33:manual.c      **** /*******************************************************************************
  34:manual.c      **** *                                                                              *
  35:manual.c      **** * PROCEDURE:                                                                   *
  36:manual.c      **** * 		run_manual_state                                                       *
  37:manual.c      **** *                                                                              *
  38:manual.c      **** * DESCRIPTION:                                                                 *
  39:manual.c      **** *       Manual valve control                                                   *
  40:manual.c      **** *                                                                              *
  41:manual.c      **** *******************************************************************************/
  42:manual.c      **** FSM_STATE run_manual_state 
  43:manual.c      ****     (
  44:manual.c      ****     void
  45:manual.c      ****     )
  46:manual.c      **** {
  28              		.loc 1 46 1 view -0
  29              		.cfi_startproc
  30              		@ args = 0, pretend = 0, frame = 0
  31              		@ frame_needed = 0, uses_anonymous_args = 0
  32 0000 08B5     		push	{r3, lr}
  33              	.LCFI0:
  34              		.cfi_def_cfa_offset 8
  35              		.cfi_offset 3, -8
  36              		.cfi_offset 14, -4
  47:manual.c      **** led_set_color( LED_CYAN );
  37              		.loc 1 47 1 view .LVU1
  38 0002 0420     		movs	r0, #4
  39 0004 FFF7FEFF 		bl	led_set_color
  40              	.LVL0:
  48:manual.c      **** while ( fsm_state == FSM_MANUAL_STATE )
  41              		.loc 1 48 1 view .LVU2
  42              	.L2:
  49:manual.c      ****     {
  50:manual.c      ****     }
  43              		.loc 1 50 5 discriminator 1 view .LVU3
  48:manual.c      **** while ( fsm_state == FSM_MANUAL_STATE )
  44              		.loc 1 48 19 discriminator 1 view .LVU4
  45 0008 034B     		ldr	r3, .L4
  46 000a 1B78     		ldrb	r3, [r3]	@ zero_extendqisi2
  47 000c DBB2     		uxtb	r3, r3
  48 000e 082B     		cmp	r3, #8
  49 0010 FAD0     		beq	.L2
  51:manual.c      **** return fsm_state;
  50              		.loc 1 51 1 view .LVU5
  51              		.loc 1 51 8 is_stmt 0 view .LVU6
  52 0012 014B     		ldr	r3, .L4
  53 0014 1878     		ldrb	r0, [r3]	@ zero_extendqisi2
  52:manual.c      **** } /* run_manual_state */
  54              		.loc 1 52 1 view .LVU7
  55 0016 08BD     		pop	{r3, pc}
  56              	.L5:
  57              		.align	2
  58              	.L4:
  59 0018 00000000 		.word	fsm_state
  60              		.cfi_endproc
  61              	.LFE333:
  63              		.text
ARM GAS  /tmp/ccG1L2h2.s 			page 3


  64              	.Letext0:
  65              		.file 2 "main.h"
  66              		.file 3 "../../../mod/led/led.h"
ARM GAS  /tmp/ccG1L2h2.s 			page 4


DEFINED SYMBOLS
                            *ABS*:0000000000000000 manual.c
     /tmp/ccG1L2h2.s:20     .text.run_manual_state:0000000000000000 $t
     /tmp/ccG1L2h2.s:26     .text.run_manual_state:0000000000000000 run_manual_state
     /tmp/ccG1L2h2.s:59     .text.run_manual_state:0000000000000018 $d

UNDEFINED SYMBOLS
led_set_color
fsm_state
