ARM GAS  /tmp/ccFE9lrt.s 			page 1


   1              		.cpu cortex-m7
   2              		.arch armv7e-m
   3              		.fpu fpv5-d16
   4              		.eabi_attribute 28, 1
   5              		.eabi_attribute 20, 1
   6              		.eabi_attribute 21, 1
   7              		.eabi_attribute 23, 3
   8              		.eabi_attribute 24, 1
   9              		.eabi_attribute 25, 1
  10              		.eabi_attribute 26, 1
  11              		.eabi_attribute 30, 1
  12              		.eabi_attribute 34, 1
  13              		.eabi_attribute 18, 4
  14              		.file	"ready.c"
  15              		.text
  16              	.Ltext0:
  17              		.cfi_sections	.debug_frame
  18              		.file 1 "ready.c"
  19              		.section	.text.run_ready_state,"ax",%progbits
  20              		.align	1
  21              		.global	run_ready_state
  22              		.syntax unified
  23              		.thumb
  24              		.thumb_func
  26              	run_ready_state:
  27              	.LFB333:
   1:ready.c       **** /*******************************************************************************
   2:ready.c       **** *
   3:ready.c       **** * FILE: 
   4:ready.c       **** * 		ready.c
   5:ready.c       **** *
   6:ready.c       **** * DESCRIPTION: 
   7:ready.c       **** * 	    Waits for connection signal from ground station control 
   8:ready.c       **** *
   9:ready.c       **** *******************************************************************************/
  10:ready.c       **** 
  11:ready.c       **** 
  12:ready.c       **** /*------------------------------------------------------------------------------
  13:ready.c       ****  Standard Includes                                                              
  14:ready.c       **** ------------------------------------------------------------------------------*/
  15:ready.c       **** 
  16:ready.c       **** 
  17:ready.c       **** /*------------------------------------------------------------------------------
  18:ready.c       ****  Project Includes                                                              
  19:ready.c       **** ------------------------------------------------------------------------------*/
  20:ready.c       **** #include "main.h"
  21:ready.c       **** #include "valve_control.h"
  22:ready.c       **** 
  23:ready.c       **** 
  24:ready.c       **** /*------------------------------------------------------------------------------
  25:ready.c       ****  Global Variables 
  26:ready.c       **** ------------------------------------------------------------------------------*/
  27:ready.c       **** extern volatile FSM_STATE fsm_state; /* Hotfire state */
  28:ready.c       **** 
  29:ready.c       **** 
  30:ready.c       **** /*------------------------------------------------------------------------------
  31:ready.c       ****  Public Functions 
ARM GAS  /tmp/ccFE9lrt.s 			page 2


  32:ready.c       **** ------------------------------------------------------------------------------*/
  33:ready.c       **** 
  34:ready.c       **** 
  35:ready.c       **** /*******************************************************************************
  36:ready.c       **** *                                                                              *
  37:ready.c       **** * PROCEDURE:                                                                   *
  38:ready.c       **** * 		run_ready_state                                                        *
  39:ready.c       **** *                                                                              *
  40:ready.c       **** * DESCRIPTION:                                                                 *
  41:ready.c       **** *       Awaits connection from ground station                                  *
  42:ready.c       **** *                                                                              *
  43:ready.c       **** *******************************************************************************/
  44:ready.c       **** FSM_STATE run_ready_state
  45:ready.c       ****     (
  46:ready.c       ****     void
  47:ready.c       ****     )
  48:ready.c       **** {
  28              		.loc 1 48 1 view -0
  29              		.cfi_startproc
  30              		@ args = 0, pretend = 0, frame = 0
  31              		@ frame_needed = 0, uses_anonymous_args = 0
  32 0000 08B5     		push	{r3, lr}
  33              	.LCFI0:
  34              		.cfi_def_cfa_offset 8
  35              		.cfi_offset 3, -8
  36              		.cfi_offset 14, -4
  49:ready.c       **** /* Open Vent Solenoids */
  50:ready.c       **** vc_open_solenoids( SOLENOID_LOX_VENT | SOLENOID_FUEL_VENT );
  37              		.loc 1 50 1 view .LVU1
  38 0002 0C20     		movs	r0, #12
  39 0004 FFF7FEFF 		bl	vc_open_solenoids
  40              	.LVL0:
  51:ready.c       **** 
  52:ready.c       **** /* Close pressurization/purge solenoids */
  53:ready.c       **** vc_close_solenoids( SOLENOID_LOX_PRESS | SOLENOID_FUEL_PRESS |
  41              		.loc 1 53 1 view .LVU2
  42 0008 3320     		movs	r0, #51
  43 000a FFF7FEFF 		bl	vc_close_solenoids
  44              	.LVL1:
  54:ready.c       ****                     SOLENOID_LOX_PURGE | SOLENOID_FUEL_PURGE );
  55:ready.c       **** 
  56:ready.c       **** /* Close the main valves */
  57:ready.c       **** vc_close_main_valves( MAIN_VALVE_BOTH_MAINS );
  45              		.loc 1 57 1 view .LVU3
  46 000e 0220     		movs	r0, #2
  47 0010 FFF7FEFF 		bl	vc_close_main_valves
  48              	.LVL2:
  58:ready.c       **** 
  59:ready.c       **** /* Wait the for pre-fire purge command */
  60:ready.c       **** while ( fsm_state != FSM_PRE_FIRE_PURGE_STATE ){}
  49              		.loc 1 60 1 view .LVU4
  50              	.L2:
  51              		.loc 1 60 49 discriminator 1 view .LVU5
  52              		.loc 1 60 19 discriminator 1 view .LVU6
  53 0014 034B     		ldr	r3, .L4
  54 0016 1B78     		ldrb	r3, [r3]	@ zero_extendqisi2
  55 0018 DBB2     		uxtb	r3, r3
ARM GAS  /tmp/ccFE9lrt.s 			page 3


  56 001a 022B     		cmp	r3, #2
  57 001c FAD1     		bne	.L2
  61:ready.c       **** return FSM_PRE_FIRE_PURGE_STATE;
  58              		.loc 1 61 1 view .LVU7
  62:ready.c       **** } /* run_ready_state */
  59              		.loc 1 62 1 is_stmt 0 view .LVU8
  60 001e 0220     		movs	r0, #2
  61 0020 08BD     		pop	{r3, pc}
  62              	.L5:
  63 0022 00BF     		.align	2
  64              	.L4:
  65 0024 00000000 		.word	fsm_state
  66              		.cfi_endproc
  67              	.LFE333:
  69              		.text
  70              	.Letext0:
  71              		.file 2 "main.h"
  72              		.file 3 "valve_control.h"
ARM GAS  /tmp/ccFE9lrt.s 			page 4


DEFINED SYMBOLS
                            *ABS*:0000000000000000 ready.c
     /tmp/ccFE9lrt.s:20     .text.run_ready_state:0000000000000000 $t
     /tmp/ccFE9lrt.s:26     .text.run_ready_state:0000000000000000 run_ready_state
     /tmp/ccFE9lrt.s:65     .text.run_ready_state:0000000000000024 $d

UNDEFINED SYMBOLS
vc_open_solenoids
vc_close_solenoids
vc_close_main_valves
fsm_state
