ARM GAS  /tmp/ccmBVI6K.s 			page 1


   1              		.cpu cortex-m7
   2              		.arch armv7e-m
   3              		.fpu fpv5-d16
   4              		.eabi_attribute 28, 1
   5              		.eabi_attribute 20, 1
   6              		.eabi_attribute 21, 1
   7              		.eabi_attribute 23, 3
   8              		.eabi_attribute 24, 1
   9              		.eabi_attribute 25, 1
  10              		.eabi_attribute 26, 1
  11              		.eabi_attribute 30, 1
  12              		.eabi_attribute 34, 1
  13              		.eabi_attribute 18, 4
  14              		.file	"usb.c"
  15              		.text
  16              	.Ltext0:
  17              		.cfi_sections	.debug_frame
  18              		.file 1 "../../../mod/usb/usb.c"
  19              		.section	.text.usb_transmit,"ax",%progbits
  20              		.align	1
  21              		.global	usb_transmit
  22              		.syntax unified
  23              		.thumb
  24              		.thumb_func
  26              	usb_transmit:
  27              	.LVL0:
  28              	.LFB333:
   1:../../../mod/usb/usb.c **** /*******************************************************************************
   2:../../../mod/usb/usb.c **** *
   3:../../../mod/usb/usb.c **** * FILE: 
   4:../../../mod/usb/usb.c **** * 		usb.c
   5:../../../mod/usb/usb.c **** *
   6:../../../mod/usb/usb.c **** * DESCRIPTION: 
   7:../../../mod/usb/usb.c **** * 		Contains API functions to transmit data over USB 
   8:../../../mod/usb/usb.c **** *
   9:../../../mod/usb/usb.c **** *******************************************************************************/
  10:../../../mod/usb/usb.c **** 
  11:../../../mod/usb/usb.c **** 
  12:../../../mod/usb/usb.c **** /*------------------------------------------------------------------------------
  13:../../../mod/usb/usb.c ****  Standard Includes  
  14:../../../mod/usb/usb.c **** ------------------------------------------------------------------------------*/
  15:../../../mod/usb/usb.c **** #include <stdbool.h>
  16:../../../mod/usb/usb.c **** 
  17:../../../mod/usb/usb.c **** 
  18:../../../mod/usb/usb.c **** /*------------------------------------------------------------------------------
  19:../../../mod/usb/usb.c ****  MCU Pins 
  20:../../../mod/usb/usb.c **** ------------------------------------------------------------------------------*/
  21:../../../mod/usb/usb.c **** #if   defined( FLIGHT_COMPUTER      )
  22:../../../mod/usb/usb.c **** 	#include "sdr_pin_defines_A0002.h"
  23:../../../mod/usb/usb.c **** #elif defined( ENGINE_CONTROLLER    )
  24:../../../mod/usb/usb.c **** 	#include "sdr_pin_defines_L0002.h"
  25:../../../mod/usb/usb.c **** #elif defined( VALVE_CONTROLLER     )
  26:../../../mod/usb/usb.c **** 	#include "sdr_pin_defines_L0005.h"
  27:../../../mod/usb/usb.c **** #elif defined( GROUND_STATION       )
  28:../../../mod/usb/usb.c **** 	#include "sdr_pin_defines_A0005.h"
  29:../../../mod/usb/usb.c **** #elif defined( FLIGHT_COMPUTER_LITE )
  30:../../../mod/usb/usb.c **** 	#include "sdr_pin_defines_A0007.h"
ARM GAS  /tmp/ccmBVI6K.s 			page 2


  31:../../../mod/usb/usb.c **** #endif
  32:../../../mod/usb/usb.c **** 
  33:../../../mod/usb/usb.c **** 
  34:../../../mod/usb/usb.c **** /*------------------------------------------------------------------------------
  35:../../../mod/usb/usb.c ****  Project Includes                                                               
  36:../../../mod/usb/usb.c **** ------------------------------------------------------------------------------*/
  37:../../../mod/usb/usb.c **** #include "main.h"
  38:../../../mod/usb/usb.c **** #include "usb.h"
  39:../../../mod/usb/usb.c **** 
  40:../../../mod/usb/usb.c **** 
  41:../../../mod/usb/usb.c **** /*------------------------------------------------------------------------------
  42:../../../mod/usb/usb.c ****  Preprocesor Directives 
  43:../../../mod/usb/usb.c **** ------------------------------------------------------------------------------*/
  44:../../../mod/usb/usb.c **** 
  45:../../../mod/usb/usb.c **** 
  46:../../../mod/usb/usb.c **** /*------------------------------------------------------------------------------
  47:../../../mod/usb/usb.c **** Global Variables                                                                  
  48:../../../mod/usb/usb.c **** ------------------------------------------------------------------------------*/
  49:../../../mod/usb/usb.c **** 
  50:../../../mod/usb/usb.c **** 
  51:../../../mod/usb/usb.c **** /*------------------------------------------------------------------------------
  52:../../../mod/usb/usb.c ****  Procedures 
  53:../../../mod/usb/usb.c **** ------------------------------------------------------------------------------*/
  54:../../../mod/usb/usb.c **** 
  55:../../../mod/usb/usb.c **** 
  56:../../../mod/usb/usb.c **** /*******************************************************************************
  57:../../../mod/usb/usb.c **** *                                                                              *
  58:../../../mod/usb/usb.c **** * PROCEDURE:                                                                   * 
  59:../../../mod/usb/usb.c **** * 		usb_transmit_bytes                                                     *
  60:../../../mod/usb/usb.c **** *                                                                              *
  61:../../../mod/usb/usb.c **** * DESCRIPTION:                                                                 * 
  62:../../../mod/usb/usb.c **** * 		transmits a specified number of bytes over USB                         *
  63:../../../mod/usb/usb.c **** *                                                                              *
  64:../../../mod/usb/usb.c **** *******************************************************************************/
  65:../../../mod/usb/usb.c **** USB_STATUS usb_transmit 
  66:../../../mod/usb/usb.c **** 	(
  67:../../../mod/usb/usb.c ****     void*    tx_data_ptr , /* Data to be sent       */	
  68:../../../mod/usb/usb.c **** 	size_t   tx_data_size, /* Size of transmit data */ 
  69:../../../mod/usb/usb.c **** 	uint32_t timeout       /* UART timeout          */
  70:../../../mod/usb/usb.c **** 	)
  71:../../../mod/usb/usb.c **** {
  29              		.loc 1 71 1 view -0
  30              		.cfi_startproc
  31              		@ args = 0, pretend = 0, frame = 0
  32              		@ frame_needed = 0, uses_anonymous_args = 0
  33              		.loc 1 71 1 is_stmt 0 view .LVU1
  34 0000 08B5     		push	{r3, lr}
  35              	.LCFI0:
  36              		.cfi_def_cfa_offset 8
  37              		.cfi_offset 3, -8
  38              		.cfi_offset 14, -4
  39 0002 1346     		mov	r3, r2
  72:../../../mod/usb/usb.c **** /*------------------------------------------------------------------------------
  73:../../../mod/usb/usb.c ****  Local Variables
  74:../../../mod/usb/usb.c **** ------------------------------------------------------------------------------*/
  75:../../../mod/usb/usb.c **** HAL_StatusTypeDef usb_status;
  40              		.loc 1 75 1 is_stmt 1 view .LVU2
ARM GAS  /tmp/ccmBVI6K.s 			page 3


  76:../../../mod/usb/usb.c **** 
  77:../../../mod/usb/usb.c **** 
  78:../../../mod/usb/usb.c **** /*------------------------------------------------------------------------------
  79:../../../mod/usb/usb.c ****  API Function Implementation 
  80:../../../mod/usb/usb.c **** ------------------------------------------------------------------------------*/
  81:../../../mod/usb/usb.c **** 
  82:../../../mod/usb/usb.c **** /* Transmit byte */
  83:../../../mod/usb/usb.c **** usb_status = HAL_UART_Transmit( &( USB_HUART ),
  41              		.loc 1 83 1 view .LVU3
  42              		.loc 1 83 14 is_stmt 0 view .LVU4
  43 0004 8AB2     		uxth	r2, r1
  44              	.LVL1:
  45              		.loc 1 83 14 view .LVU5
  46 0006 0146     		mov	r1, r0
  47              	.LVL2:
  48              		.loc 1 83 14 view .LVU6
  49 0008 0148     		ldr	r0, .L3
  50              	.LVL3:
  51              		.loc 1 83 14 view .LVU7
  52 000a FFF7FEFF 		bl	HAL_UART_Transmit
  53              	.LVL4:
  84:../../../mod/usb/usb.c ****                                 tx_data_ptr   , 
  85:../../../mod/usb/usb.c ****                                 tx_data_size  , 
  86:../../../mod/usb/usb.c ****                                 timeout );
  87:../../../mod/usb/usb.c **** 
  88:../../../mod/usb/usb.c **** /* Return HAL status */
  89:../../../mod/usb/usb.c **** if ( usb_status != HAL_OK )
  54              		.loc 1 89 1 is_stmt 1 view .LVU8
  90:../../../mod/usb/usb.c **** 	{
  91:../../../mod/usb/usb.c **** 	return usb_status;
  92:../../../mod/usb/usb.c **** 	}
  93:../../../mod/usb/usb.c **** else
  94:../../../mod/usb/usb.c **** 	{
  95:../../../mod/usb/usb.c **** 	return USB_OK;
  96:../../../mod/usb/usb.c **** 	}
  97:../../../mod/usb/usb.c **** 
  98:../../../mod/usb/usb.c **** } /* usb_transmit */
  55              		.loc 1 98 1 is_stmt 0 view .LVU9
  56 000e 08BD     		pop	{r3, pc}
  57              	.L4:
  58              		.align	2
  59              	.L3:
  60 0010 00000000 		.word	huart1
  61              		.cfi_endproc
  62              	.LFE333:
  64              		.section	.text.usb_receive,"ax",%progbits
  65              		.align	1
  66              		.global	usb_receive
  67              		.syntax unified
  68              		.thumb
  69              		.thumb_func
  71              	usb_receive:
  72              	.LVL5:
  73              	.LFB334:
  99:../../../mod/usb/usb.c **** 
 100:../../../mod/usb/usb.c **** 
 101:../../../mod/usb/usb.c **** /*******************************************************************************
ARM GAS  /tmp/ccmBVI6K.s 			page 4


 102:../../../mod/usb/usb.c **** *                                                                              *
 103:../../../mod/usb/usb.c **** * PROCEDURE:                                                                   *
 104:../../../mod/usb/usb.c **** * 		usb_receieve                                                           *
 105:../../../mod/usb/usb.c **** *                                                                              *
 106:../../../mod/usb/usb.c **** * DESCRIPTION:                                                                 *
 107:../../../mod/usb/usb.c **** * 	    Receives bytes from the USB port                                       *
 108:../../../mod/usb/usb.c **** *                                                                              *
 109:../../../mod/usb/usb.c **** *******************************************************************************/
 110:../../../mod/usb/usb.c **** USB_STATUS usb_receive 
 111:../../../mod/usb/usb.c **** 	(
 112:../../../mod/usb/usb.c **** 	void*    rx_data_ptr , /* Buffer to export data to        */
 113:../../../mod/usb/usb.c **** 	size_t   rx_data_size, /* Size of the data to be received */
 114:../../../mod/usb/usb.c **** 	uint32_t timeout       /* UART timeout */
 115:../../../mod/usb/usb.c **** 	)
 116:../../../mod/usb/usb.c **** {
  74              		.loc 1 116 1 is_stmt 1 view -0
  75              		.cfi_startproc
  76              		@ args = 0, pretend = 0, frame = 0
  77              		@ frame_needed = 0, uses_anonymous_args = 0
  78              		.loc 1 116 1 is_stmt 0 view .LVU11
  79 0000 08B5     		push	{r3, lr}
  80              	.LCFI1:
  81              		.cfi_def_cfa_offset 8
  82              		.cfi_offset 3, -8
  83              		.cfi_offset 14, -4
  84 0002 1346     		mov	r3, r2
 117:../../../mod/usb/usb.c **** /*------------------------------------------------------------------------------
 118:../../../mod/usb/usb.c ****  Local Variables
 119:../../../mod/usb/usb.c **** ------------------------------------------------------------------------------*/
 120:../../../mod/usb/usb.c **** HAL_StatusTypeDef usb_status;
  85              		.loc 1 120 1 is_stmt 1 view .LVU12
 121:../../../mod/usb/usb.c **** 
 122:../../../mod/usb/usb.c **** 
 123:../../../mod/usb/usb.c **** /*------------------------------------------------------------------------------
 124:../../../mod/usb/usb.c ****  API Function Implementation 
 125:../../../mod/usb/usb.c **** ------------------------------------------------------------------------------*/
 126:../../../mod/usb/usb.c **** 
 127:../../../mod/usb/usb.c **** /* Transmit byte */
 128:../../../mod/usb/usb.c **** usb_status = HAL_UART_Receive( &( USB_HUART ),
  86              		.loc 1 128 1 view .LVU13
  87              		.loc 1 128 14 is_stmt 0 view .LVU14
  88 0004 8AB2     		uxth	r2, r1
  89              	.LVL6:
  90              		.loc 1 128 14 view .LVU15
  91 0006 0146     		mov	r1, r0
  92              	.LVL7:
  93              		.loc 1 128 14 view .LVU16
  94 0008 0548     		ldr	r0, .L9
  95              	.LVL8:
  96              		.loc 1 128 14 view .LVU17
  97 000a FFF7FEFF 		bl	HAL_UART_Receive
  98              	.LVL9:
 129:../../../mod/usb/usb.c ****                                rx_data_ptr   , 
 130:../../../mod/usb/usb.c ****                                rx_data_size  , 
 131:../../../mod/usb/usb.c ****                                timeout );
 132:../../../mod/usb/usb.c **** 
 133:../../../mod/usb/usb.c **** /* Return HAL status */
ARM GAS  /tmp/ccmBVI6K.s 			page 5


 134:../../../mod/usb/usb.c **** switch ( usb_status )
  99              		.loc 1 134 1 is_stmt 1 view .LVU18
 100 000e 0346     		mov	r3, r0
 101 0010 10B1     		cbz	r0, .L6
 102 0012 0328     		cmp	r0, #3
 103 0014 02D1     		bne	.L7
 104 0016 0223     		movs	r3, #2
 105              	.L6:
 135:../../../mod/usb/usb.c **** 	{
 136:../../../mod/usb/usb.c **** 	case HAL_TIMEOUT:
 137:../../../mod/usb/usb.c **** 		{
 138:../../../mod/usb/usb.c **** 		return USB_TIMEOUT;
 139:../../../mod/usb/usb.c **** 		break;
 140:../../../mod/usb/usb.c **** 		}
 141:../../../mod/usb/usb.c **** 	case HAL_OK:
 142:../../../mod/usb/usb.c **** 		{
 143:../../../mod/usb/usb.c **** 		return USB_OK;
 144:../../../mod/usb/usb.c **** 		break;
 145:../../../mod/usb/usb.c **** 		}
 146:../../../mod/usb/usb.c **** 	default:
 147:../../../mod/usb/usb.c **** 		{
 148:../../../mod/usb/usb.c **** 		return USB_FAIL;
 149:../../../mod/usb/usb.c **** 		break;
 106              		.loc 1 149 3 view .LVU19
 150:../../../mod/usb/usb.c ****         }
 151:../../../mod/usb/usb.c **** 	}
 152:../../../mod/usb/usb.c **** 
 153:../../../mod/usb/usb.c **** } /* usb_receive */
 107              		.loc 1 153 1 is_stmt 0 view .LVU20
 108 0018 1846     		mov	r0, r3
 109              	.LVL10:
 110              		.loc 1 153 1 view .LVU21
 111 001a 08BD     		pop	{r3, pc}
 112              	.LVL11:
 113              	.L7:
 148:../../../mod/usb/usb.c **** 		break;
 114              		.loc 1 148 10 view .LVU22
 115 001c 0123     		movs	r3, #1
 116 001e FBE7     		b	.L6
 117              	.L10:
 118              		.align	2
 119              	.L9:
 120 0020 00000000 		.word	huart1
 121              		.cfi_endproc
 122              	.LFE334:
 124              		.section	.text.usb_receive_IT,"ax",%progbits
 125              		.align	1
 126              		.global	usb_receive_IT
 127              		.syntax unified
 128              		.thumb
 129              		.thumb_func
 131              	usb_receive_IT:
 132              	.LVL12:
 133              	.LFB335:
 154:../../../mod/usb/usb.c **** 
 155:../../../mod/usb/usb.c **** 
 156:../../../mod/usb/usb.c **** 
ARM GAS  /tmp/ccmBVI6K.s 			page 6


 157:../../../mod/usb/usb.c **** /*******************************************************************************
 158:../../../mod/usb/usb.c **** *                                                                              *
 159:../../../mod/usb/usb.c **** * PROCEDURE:                                                                   *
 160:../../../mod/usb/usb.c **** * 		usb_receive_IT                                                       *
 161:../../../mod/usb/usb.c **** *                                                                              *
 162:../../../mod/usb/usb.c **** * DESCRIPTION:                                                                 *
 163:../../../mod/usb/usb.c **** * 		Receives data from the usb in interrupt mode and outputs   				* 
 164:../../../mod/usb/usb.c **** *       to a buffer                                                            *
 165:../../../mod/usb/usb.c **** *                                                                              *
 166:../../../mod/usb/usb.c **** *******************************************************************************/
 167:../../../mod/usb/usb.c **** USB_STATUS usb_receive_IT
 168:../../../mod/usb/usb.c **** 	(
 169:../../../mod/usb/usb.c **** 	void*    rx_buffer_ptr,   /* Pointer to output data buffer */	
 170:../../../mod/usb/usb.c **** 	size_t   rx_buffer_size   /* Number of bytes to recevie    */
 171:../../../mod/usb/usb.c **** 	)
 172:../../../mod/usb/usb.c **** {
 134              		.loc 1 172 1 is_stmt 1 view -0
 135              		.cfi_startproc
 136              		@ args = 0, pretend = 0, frame = 0
 137              		@ frame_needed = 0, uses_anonymous_args = 0
 138              		.loc 1 172 1 is_stmt 0 view .LVU24
 139 0000 08B5     		push	{r3, lr}
 140              	.LCFI2:
 141              		.cfi_def_cfa_offset 8
 142              		.cfi_offset 3, -8
 143              		.cfi_offset 14, -4
 173:../../../mod/usb/usb.c **** /*------------------------------------------------------------------------------
 174:../../../mod/usb/usb.c ****  Local Variables
 175:../../../mod/usb/usb.c **** ------------------------------------------------------------------------------*/
 176:../../../mod/usb/usb.c **** HAL_StatusTypeDef hal_status;    /* Return codes from HAL */
 144              		.loc 1 176 1 is_stmt 1 view .LVU25
 177:../../../mod/usb/usb.c **** 
 178:../../../mod/usb/usb.c **** 
 179:../../../mod/usb/usb.c **** /*------------------------------------------------------------------------------
 180:../../../mod/usb/usb.c ****  Initialization 
 181:../../../mod/usb/usb.c **** ------------------------------------------------------------------------------*/
 182:../../../mod/usb/usb.c **** hal_status = HAL_OK;
 145              		.loc 1 182 1 view .LVU26
 146              	.LVL13:
 183:../../../mod/usb/usb.c **** 
 184:../../../mod/usb/usb.c **** 
 185:../../../mod/usb/usb.c **** /*------------------------------------------------------------------------------
 186:../../../mod/usb/usb.c ****  API Function Implementation 
 187:../../../mod/usb/usb.c **** ------------------------------------------------------------------------------*/
 188:../../../mod/usb/usb.c **** 
 189:../../../mod/usb/usb.c **** /* Receive data */
 190:../../../mod/usb/usb.c **** hal_status = HAL_UART_Receive_IT( &( USB_HUART ),
 147              		.loc 1 190 1 view .LVU27
 148              		.loc 1 190 14 is_stmt 0 view .LVU28
 149 0002 8AB2     		uxth	r2, r1
 150 0004 0146     		mov	r1, r0
 151              	.LVL14:
 152              		.loc 1 190 14 view .LVU29
 153 0006 0348     		ldr	r0, .L14
 154              	.LVL15:
 155              		.loc 1 190 14 view .LVU30
 156 0008 FFF7FEFF 		bl	HAL_UART_Receive_IT
ARM GAS  /tmp/ccmBVI6K.s 			page 7


 157              	.LVL16:
 191:../../../mod/usb/usb.c ****                                   rx_buffer_ptr   , 
 192:../../../mod/usb/usb.c ****                                   rx_buffer_size );
 193:../../../mod/usb/usb.c **** 
 194:../../../mod/usb/usb.c **** /* Return HAL status */
 195:../../../mod/usb/usb.c **** if ( hal_status != HAL_OK )
 158              		.loc 1 195 1 is_stmt 1 view .LVU31
 159              		.loc 1 195 4 is_stmt 0 view .LVU32
 160 000c 00B1     		cbz	r0, .L12
 196:../../../mod/usb/usb.c **** 	{
 197:../../../mod/usb/usb.c **** 	return USB_FAIL;
 161              		.loc 1 197 9 view .LVU33
 162 000e 0120     		movs	r0, #1
 163              	.L12:
 198:../../../mod/usb/usb.c **** 	}
 199:../../../mod/usb/usb.c **** else
 200:../../../mod/usb/usb.c **** 	{
 201:../../../mod/usb/usb.c **** 	return USB_OK;
 202:../../../mod/usb/usb.c **** 	}
 203:../../../mod/usb/usb.c **** } /* usb_receive_IT */
 164              		.loc 1 203 1 view .LVU34
 165 0010 08BD     		pop	{r3, pc}
 166              	.L15:
 167 0012 00BF     		.align	2
 168              	.L14:
 169 0014 00000000 		.word	huart1
 170              		.cfi_endproc
 171              	.LFE335:
 173              		.section	.text.usb_detect,"ax",%progbits
 174              		.align	1
 175              		.global	usb_detect
 176              		.syntax unified
 177              		.thumb
 178              		.thumb_func
 180              	usb_detect:
 181              	.LFB336:
 204:../../../mod/usb/usb.c **** 
 205:../../../mod/usb/usb.c **** 
 206:../../../mod/usb/usb.c **** 
 207:../../../mod/usb/usb.c **** #if defined( A0002_REV2           ) || \
 208:../../../mod/usb/usb.c ****     defined( FLIGHT_COMPUTER_LITE ) || \
 209:../../../mod/usb/usb.c ****     defined( L0002_REV5           ) || \
 210:../../../mod/usb/usb.c **** 	defined( L0005_REV3           )
 211:../../../mod/usb/usb.c **** /*******************************************************************************
 212:../../../mod/usb/usb.c **** *                                                                              *
 213:../../../mod/usb/usb.c **** * PROCEDURE:                                                                   *
 214:../../../mod/usb/usb.c **** * 		usb_detect                                                             *
 215:../../../mod/usb/usb.c **** *                                                                              *
 216:../../../mod/usb/usb.c **** * DESCRIPTION:                                                                 *
 217:../../../mod/usb/usb.c **** * 	    Detect a USB connection by checking the power on the USB 5V line       *
 218:../../../mod/usb/usb.c **** *                                                                              *
 219:../../../mod/usb/usb.c **** *******************************************************************************/
 220:../../../mod/usb/usb.c **** bool usb_detect
 221:../../../mod/usb/usb.c **** 	(
 222:../../../mod/usb/usb.c **** 	void
 223:../../../mod/usb/usb.c **** 	)
 224:../../../mod/usb/usb.c **** {
ARM GAS  /tmp/ccmBVI6K.s 			page 8


 182              		.loc 1 224 1 is_stmt 1 view -0
 183              		.cfi_startproc
 184              		@ args = 0, pretend = 0, frame = 0
 185              		@ frame_needed = 0, uses_anonymous_args = 0
 186 0000 08B5     		push	{r3, lr}
 187              	.LCFI3:
 188              		.cfi_def_cfa_offset 8
 189              		.cfi_offset 3, -8
 190              		.cfi_offset 14, -4
 225:../../../mod/usb/usb.c **** /*------------------------------------------------------------------------------
 226:../../../mod/usb/usb.c ****  Local Variables
 227:../../../mod/usb/usb.c **** ------------------------------------------------------------------------------*/
 228:../../../mod/usb/usb.c **** uint8_t usb_detect_pinstate;    /* USB detect state, return value from HAL    */
 191              		.loc 1 228 1 view .LVU36
 229:../../../mod/usb/usb.c **** 
 230:../../../mod/usb/usb.c **** 
 231:../../../mod/usb/usb.c **** /*------------------------------------------------------------------------------
 232:../../../mod/usb/usb.c ****  Initializations 
 233:../../../mod/usb/usb.c **** ------------------------------------------------------------------------------*/
 234:../../../mod/usb/usb.c **** usb_detect_pinstate = 0;
 192              		.loc 1 234 1 view .LVU37
 193              	.LVL17:
 235:../../../mod/usb/usb.c **** 
 236:../../../mod/usb/usb.c **** 
 237:../../../mod/usb/usb.c **** /*------------------------------------------------------------------------------
 238:../../../mod/usb/usb.c ****  API Function Implementation 
 239:../../../mod/usb/usb.c **** ------------------------------------------------------------------------------*/
 240:../../../mod/usb/usb.c **** 
 241:../../../mod/usb/usb.c **** /* Read voltage on usb detect pin */
 242:../../../mod/usb/usb.c **** usb_detect_pinstate = HAL_GPIO_ReadPin( USB_DETECT_GPIO_PORT, USB_DETECT_PIN );
 194              		.loc 1 242 1 view .LVU38
 195              		.loc 1 242 23 is_stmt 0 view .LVU39
 196 0002 0121     		movs	r1, #1
 197 0004 0248     		ldr	r0, .L20
 198 0006 FFF7FEFF 		bl	HAL_GPIO_ReadPin
 199              	.LVL18:
 243:../../../mod/usb/usb.c **** 
 244:../../../mod/usb/usb.c **** /* Set return value */
 245:../../../mod/usb/usb.c **** if ( usb_detect_pinstate == 0 )
 200              		.loc 1 245 1 is_stmt 1 view .LVU40
 201              		.loc 1 245 4 is_stmt 0 view .LVU41
 202 000a 00B1     		cbz	r0, .L17
 246:../../../mod/usb/usb.c **** 	{
 247:../../../mod/usb/usb.c **** 	return false;
 248:../../../mod/usb/usb.c **** 	}
 249:../../../mod/usb/usb.c **** else
 250:../../../mod/usb/usb.c **** 	{
 251:../../../mod/usb/usb.c **** 	return true;
 203              		.loc 1 251 9 view .LVU42
 204 000c 0120     		movs	r0, #1
 205              	.LVL19:
 206              	.L17:
 252:../../../mod/usb/usb.c **** 	}
 253:../../../mod/usb/usb.c **** } /* usb_detect */
 207              		.loc 1 253 1 view .LVU43
 208 000e 08BD     		pop	{r3, pc}
 209              	.L21:
ARM GAS  /tmp/ccmBVI6K.s 			page 9


 210              		.align	2
 211              	.L20:
 212 0010 000C0258 		.word	1476529152
 213              		.cfi_endproc
 214              	.LFE336:
 216              		.text
 217              	.Letext0:
 218              		.file 2 "/usr/lib/gcc/arm-none-eabi/12.2.1/include/stdint.h"
 219              		.file 3 "../../../lib/Drivers/CMSIS/Device/ST/STM32H7xx/Include/stm32h750xx.h"
 220              		.file 4 "/usr/lib/gcc/arm-none-eabi/12.2.1/include/stddef.h"
 221              		.file 5 "../../../lib/Drivers/STM32H7xx_HAL_Driver/Inc/stm32h7xx_hal_def.h"
 222              		.file 6 "../../../lib/Drivers/STM32H7xx_HAL_Driver/Inc/stm32h7xx_hal_gpio.h"
 223              		.file 7 "../../../lib/Drivers/STM32H7xx_HAL_Driver/Inc/stm32h7xx_hal_dma.h"
 224              		.file 8 "../../../lib/Drivers/STM32H7xx_HAL_Driver/Inc/stm32h7xx_hal_uart.h"
 225              		.file 9 "../../../mod/usb/usb.h"
 226              		.file 10 "../../../lib/sdr_pin_defines_L0002.h"
ARM GAS  /tmp/ccmBVI6K.s 			page 10


DEFINED SYMBOLS
                            *ABS*:0000000000000000 usb.c
     /tmp/ccmBVI6K.s:20     .text.usb_transmit:0000000000000000 $t
     /tmp/ccmBVI6K.s:26     .text.usb_transmit:0000000000000000 usb_transmit
     /tmp/ccmBVI6K.s:60     .text.usb_transmit:0000000000000010 $d
     /tmp/ccmBVI6K.s:65     .text.usb_receive:0000000000000000 $t
     /tmp/ccmBVI6K.s:71     .text.usb_receive:0000000000000000 usb_receive
     /tmp/ccmBVI6K.s:120    .text.usb_receive:0000000000000020 $d
     /tmp/ccmBVI6K.s:125    .text.usb_receive_IT:0000000000000000 $t
     /tmp/ccmBVI6K.s:131    .text.usb_receive_IT:0000000000000000 usb_receive_IT
     /tmp/ccmBVI6K.s:169    .text.usb_receive_IT:0000000000000014 $d
     /tmp/ccmBVI6K.s:174    .text.usb_detect:0000000000000000 $t
     /tmp/ccmBVI6K.s:180    .text.usb_detect:0000000000000000 usb_detect
     /tmp/ccmBVI6K.s:212    .text.usb_detect:0000000000000010 $d

UNDEFINED SYMBOLS
HAL_UART_Transmit
huart1
HAL_UART_Receive
HAL_UART_Receive_IT
HAL_GPIO_ReadPin
