ARM GAS  /tmp/ccQ2q6eO.s 			page 1


   1              		.cpu cortex-m7
   2              		.arch armv7e-m
   3              		.fpu fpv5-d16
   4              		.eabi_attribute 28, 1
   5              		.eabi_attribute 20, 1
   6              		.eabi_attribute 21, 1
   7              		.eabi_attribute 23, 3
   8              		.eabi_attribute 24, 1
   9              		.eabi_attribute 25, 1
  10              		.eabi_attribute 26, 1
  11              		.eabi_attribute 30, 1
  12              		.eabi_attribute 34, 1
  13              		.eabi_attribute 18, 4
  14              		.file	"power.c"
  15              		.text
  16              	.Ltext0:
  17              		.cfi_sections	.debug_frame
  18              		.file 1 "../../mod/power/power.c"
  19              		.section	.text.pwr_get_source,"ax",%progbits
  20              		.align	1
  21              		.global	pwr_get_source
  22              		.syntax unified
  23              		.thumb
  24              		.thumb_func
  26              	pwr_get_source:
  27              	.LFB333:
   1:../../mod/power/power.c **** /*******************************************************************************
   2:../../mod/power/power.c **** *
   3:../../mod/power/power.c **** * FILE: 
   4:../../mod/power/power.c **** * 		power.c
   5:../../mod/power/power.c **** *
   6:../../mod/power/power.c **** * DESCRIPTION: 
   7:../../mod/power/power.c **** * 		Contains API functions to manage the engine controller power supply
   8:../../mod/power/power.c **** *
   9:../../mod/power/power.c **** *******************************************************************************/
  10:../../mod/power/power.c **** 
  11:../../mod/power/power.c **** 
  12:../../mod/power/power.c **** /*------------------------------------------------------------------------------
  13:../../mod/power/power.c ****  Standard Includes                                                                     
  14:../../mod/power/power.c **** ------------------------------------------------------------------------------*/
  15:../../mod/power/power.c **** 
  16:../../mod/power/power.c **** 
  17:../../mod/power/power.c **** /*------------------------------------------------------------------------------
  18:../../mod/power/power.c ****  Project Includes                                                                     
  19:../../mod/power/power.c **** ------------------------------------------------------------------------------*/
  20:../../mod/power/power.c **** #include "main.h"
  21:../../mod/power/power.c **** #include "sdr_pin_defines_L0002.h"
  22:../../mod/power/power.c **** #include "power.h"
  23:../../mod/power/power.c **** 
  24:../../mod/power/power.c **** 
  25:../../mod/power/power.c **** /*------------------------------------------------------------------------------
  26:../../mod/power/power.c ****  Procedures 
  27:../../mod/power/power.c **** ------------------------------------------------------------------------------*/
  28:../../mod/power/power.c **** 
  29:../../mod/power/power.c **** 
  30:../../mod/power/power.c **** /*******************************************************************************
  31:../../mod/power/power.c **** *                                                                              *
ARM GAS  /tmp/ccQ2q6eO.s 			page 2


  32:../../mod/power/power.c **** * PROCEDURE:                                                                   * 
  33:../../mod/power/power.c **** * 		pwr_get_source                                                         *
  34:../../mod/power/power.c **** *                                                                              *
  35:../../mod/power/power.c **** * DESCRIPTION:                                                                 * 
  36:../../mod/power/power.c **** * 		Reads the 5V power multiplexor source pin to determine if the MCU is   *
  37:../../mod/power/power.c **** *       being powered by USB or by the buck converter                          *
  38:../../mod/power/power.c **** *                                                                              *
  39:../../mod/power/power.c **** *******************************************************************************/
  40:../../mod/power/power.c **** PWR_SRC pwr_get_source
  41:../../mod/power/power.c **** 	(
  42:../../mod/power/power.c ****     void
  43:../../mod/power/power.c ****     )
  44:../../mod/power/power.c **** {
  28              		.loc 1 44 1 view -0
  29              		.cfi_startproc
  30              		@ args = 0, pretend = 0, frame = 0
  31              		@ frame_needed = 0, uses_anonymous_args = 0
  32 0000 08B5     		push	{r3, lr}
  33              	.LCFI0:
  34              		.cfi_def_cfa_offset 8
  35              		.cfi_offset 3, -8
  36              		.cfi_offset 14, -4
  45:../../mod/power/power.c **** /*------------------------------------------------------------------------------
  46:../../mod/power/power.c ****  Local Variables 
  47:../../mod/power/power.c **** ------------------------------------------------------------------------------*/
  48:../../mod/power/power.c **** uint8_t pwr_source; /* USB or buck converter power supply */
  37              		.loc 1 48 1 view .LVU1
  49:../../mod/power/power.c **** 
  50:../../mod/power/power.c **** 
  51:../../mod/power/power.c **** /*------------------------------------------------------------------------------
  52:../../mod/power/power.c ****  API Function Implementation 
  53:../../mod/power/power.c **** ------------------------------------------------------------------------------*/
  54:../../mod/power/power.c **** 
  55:../../mod/power/power.c **** /* Read the MCU pin */
  56:../../mod/power/power.c **** pwr_source = HAL_GPIO_ReadPin(PWR_SRC_GPIO_PORT, PWR_SRC_PIN);
  38              		.loc 1 56 1 view .LVU2
  39              		.loc 1 56 14 is_stmt 0 view .LVU3
  40 0002 0121     		movs	r1, #1
  41 0004 0248     		ldr	r0, .L5
  42 0006 FFF7FEFF 		bl	HAL_GPIO_ReadPin
  43              	.LVL0:
  57:../../mod/power/power.c **** 
  58:../../mod/power/power.c **** /* Return the corresponding code */
  59:../../mod/power/power.c **** if (pwr_source == GPIO_PIN_RESET)
  44              		.loc 1 59 1 is_stmt 1 view .LVU4
  45              		.loc 1 59 4 is_stmt 0 view .LVU5
  46 000a 00B1     		cbz	r0, .L2
  60:../../mod/power/power.c **** 	{
  61:../../mod/power/power.c **** 	/* Buck converter 5V source */
  62:../../mod/power/power.c **** 	return BUCK_5V_SRC; 
  63:../../mod/power/power.c ****     }
  64:../../mod/power/power.c **** else
  65:../../mod/power/power.c **** 	{
  66:../../mod/power/power.c **** 	/* USB 5V source */
  67:../../mod/power/power.c **** 	return USB_5V_SRC;
  47              		.loc 1 67 9 view .LVU6
  48 000c 0120     		movs	r0, #1
ARM GAS  /tmp/ccQ2q6eO.s 			page 3


  49              	.L2:
  68:../../mod/power/power.c **** 	}
  69:../../mod/power/power.c **** 
  70:../../mod/power/power.c **** }
  50              		.loc 1 70 1 view .LVU7
  51 000e 08BD     		pop	{r3, pc}
  52              	.L6:
  53              		.align	2
  54              	.L5:
  55 0010 00100258 		.word	1476530176
  56              		.cfi_endproc
  57              	.LFE333:
  59              		.text
  60              	.Letext0:
  61              		.file 2 "/usr/arm-none-eabi/include/machine/_default_types.h"
  62              		.file 3 "/usr/arm-none-eabi/include/sys/_stdint.h"
  63              		.file 4 "../../lib/Drivers/CMSIS/Device/ST/STM32H7xx/Include/stm32h750xx.h"
  64              		.file 5 "../../lib/Drivers/STM32H7xx_HAL_Driver/Inc/stm32h7xx_hal_gpio.h"
  65              		.file 6 "../../mod/power/power.h"
ARM GAS  /tmp/ccQ2q6eO.s 			page 4


DEFINED SYMBOLS
                            *ABS*:0000000000000000 power.c
     /tmp/ccQ2q6eO.s:20     .text.pwr_get_source:0000000000000000 $t
     /tmp/ccQ2q6eO.s:26     .text.pwr_get_source:0000000000000000 pwr_get_source
     /tmp/ccQ2q6eO.s:55     .text.pwr_get_source:0000000000000010 $d

UNDEFINED SYMBOLS
HAL_GPIO_ReadPin
